[ 2018-04-11T13:50:36+08:00 ] ::1 /selfweba/
INFO: [ app_init ] --START--
INFO: Run Behavior\BuildLiteBehavior [ RunTime:0.000000s ]
INFO: [ app_init ] --END-- [ RunTime:0.038002s ]
INFO: [ app_begin ] --START--
INFO: Run Behavior\ReadHtmlCacheBehavior [ RunTime:0.010001s ]
INFO: [ app_begin ] --END-- [ RunTime:0.010001s ]
INFO: [ view_parse ] --START--
INFO: Run Behavior\ParseTemplateBehavior [ RunTime:0.008001s ]
INFO: [ view_parse ] --END-- [ RunTime:0.008001s ]
INFO: [ view_filter ] --START--
INFO: Run Behavior\WriteHtmlCacheBehavior [ RunTime:0.006000s ]
INFO: [ view_filter ] --END-- [ RunTime:0.006000s ]
INFO: [ app_end ] --START--
INFO: Run Behavior\ShowPageTraceBehavior [ RunTime:0.008000s ]
INFO: [ app_end ] --END-- [ RunTime:0.008000s ]

[ 2018-04-11T13:52:20+08:00 ] ::1 /selfweba/amin
INFO: [ app_init ] --START--
INFO: Run Behavior\BuildLiteBehavior [ RunTime:0.000000s ]
INFO: [ app_init ] --END-- [ RunTime:0.000000s ]
INFO: [ app_begin ] --START--
INFO: Run Behavior\ReadHtmlCacheBehavior [ RunTime:0.000000s ]
INFO: [ app_begin ] --END-- [ RunTime:0.000000s ]
ERR: 无法加载控制器:Amin

[ 2018-04-11T13:52:25+08:00 ] ::1 /selfweba/admin
INFO: [ app_init ] --START--
INFO: Run Behavior\BuildLiteBehavior [ RunTime:0.000000s ]
INFO: [ app_init ] --END-- [ RunTime:0.000000s ]
INFO: [ app_begin ] --START--
INFO: Run Behavior\ReadHtmlCacheBehavior [ RunTime:0.001000s ]
INFO: [ app_begin ] --END-- [ RunTime:0.001000s ]
ERR: 无法加载控制器:Admin

[ 2018-04-11T13:52:31+08:00 ] ::1 /selfweba/Admin
INFO: [ app_init ] --START--
INFO: Run Behavior\BuildLiteBehavior [ RunTime:0.000000s ]
INFO: [ app_init ] --END-- [ RunTime:0.000000s ]
INFO: [ app_begin ] --START--
INFO: Run Behavior\ReadHtmlCacheBehavior [ RunTime:0.000000s ]
INFO: [ app_begin ] --END-- [ RunTime:0.000000s ]
ERR: 无法加载控制器:Admin

[ 2018-04-11T13:52:47+08:00 ] ::1 /selfweba/home
INFO: [ app_init ] --START--
INFO: Run Behavior\BuildLiteBehavior [ RunTime:0.000000s ]
INFO: [ app_init ] --END-- [ RunTime:0.000000s ]
INFO: [ app_begin ] --START--
INFO: Run Behavior\ReadHtmlCacheBehavior [ RunTime:0.001000s ]
INFO: [ app_begin ] --END-- [ RunTime:0.001000s ]
ERR: 无法加载控制器:Home

[ 2018-04-11T13:52:54+08:00 ] ::1 /selfweba/home/index
INFO: [ app_init ] --START--
INFO: Run Behavior\BuildLiteBehavior [ RunTime:0.000000s ]
INFO: [ app_init ] --END-- [ RunTime:0.001000s ]
INFO: [ app_begin ] --START--
INFO: Run Behavior\ReadHtmlCacheBehavior [ RunTime:0.000000s ]
INFO: [ app_begin ] --END-- [ RunTime:0.000000s ]
ERR: 无法加载控制器:Home

[ 2018-04-11T13:53:44+08:00 ] ::1 /selfweba/admin.php
INFO: [ app_init ] --START--
INFO: Run Behavior\BuildLiteBehavior [ RunTime:0.000000s ]
INFO: [ app_init ] --END-- [ RunTime:0.000000s ]
INFO: [ app_begin ] --START--
INFO: Run Behavior\ReadHtmlCacheBehavior [ RunTime:0.000000s ]
INFO: [ app_begin ] --END-- [ RunTime:0.000000s ]
ERR: 无法加载控制器:Admin.php

[ 2018-04-11T13:53:47+08:00 ] ::1 /selfweba/home/index
INFO: [ app_init ] --START--
INFO: Run Behavior\BuildLiteBehavior [ RunTime:0.000000s ]
INFO: [ app_init ] --END-- [ RunTime:0.001000s ]
INFO: [ app_begin ] --START--
INFO: Run Behavior\ReadHtmlCacheBehavior [ RunTime:0.001000s ]
INFO: [ app_begin ] --END-- [ RunTime:0.001000s ]
ERR: 无法加载控制器:Home

[ 2018-04-11T13:53:48+08:00 ] ::1 /selfweba/home
INFO: [ app_init ] --START--
INFO: Run Behavior\BuildLiteBehavior [ RunTime:0.000000s ]
INFO: [ app_init ] --END-- [ RunTime:0.000000s ]
INFO: [ app_begin ] --START--
INFO: Run Behavior\ReadHtmlCacheBehavior [ RunTime:0.001000s ]
INFO: [ app_begin ] --END-- [ RunTime:0.001000s ]
ERR: 无法加载控制器:Home

[ 2018-04-11T13:53:49+08:00 ] ::1 /selfweba/home/index
INFO: [ app_init ] --START--
INFO: Run Behavior\BuildLiteBehavior [ RunTime:0.000000s ]
INFO: [ app_init ] --END-- [ RunTime:0.000000s ]
INFO: [ app_begin ] --START--
INFO: Run Behavior\ReadHtmlCacheBehavior [ RunTime:0.001000s ]
INFO: [ app_begin ] --END-- [ RunTime:0.001000s ]
ERR: 无法加载控制器:Home

[ 2018-04-11T13:53:49+08:00 ] ::1 /selfweba/admin.php
INFO: [ app_init ] --START--
INFO: Run Behavior\BuildLiteBehavior [ RunTime:0.000000s ]
INFO: [ app_init ] --END-- [ RunTime:0.000000s ]
INFO: [ app_begin ] --START--
INFO: Run Behavior\ReadHtmlCacheBehavior [ RunTime:0.000000s ]
INFO: [ app_begin ] --END-- [ RunTime:0.000000s ]
ERR: 无法加载控制器:Admin.php

[ 2018-04-11T13:54:23+08:00 ] ::1 /selfweba/admin.php/Index/index
INFO: [ app_init ] --START--
INFO: Run Behavior\BuildLiteBehavior [ RunTime:0.000000s ]
INFO: [ app_init ] --END-- [ RunTime:0.001000s ]
INFO: [ app_begin ] --START--
INFO: Run Behavior\ReadHtmlCacheBehavior [ RunTime:0.001000s ]
INFO: [ app_begin ] --END-- [ RunTime:0.001000s ]
ERR: 无法加载控制器:Admin.php

[ 2018-04-11T13:54:36+08:00 ] ::1 /selfweba/admin.php/Index/index
INFO: [ app_init ] --START--
INFO: Run Behavior\BuildLiteBehavior [ RunTime:0.000000s ]
INFO: [ app_init ] --END-- [ RunTime:0.000000s ]
INFO: [ app_begin ] --START--
INFO: Run Behavior\ReadHtmlCacheBehavior [ RunTime:0.000000s ]
INFO: [ app_begin ] --END-- [ RunTime:0.000000s ]
ERR: 无法加载控制器:Admin.php

[ 2018-04-11T13:55:18+08:00 ] ::1 /selfweba/admin.php
INFO: [ app_init ] --START--
INFO: Run Behavior\BuildLiteBehavior [ RunTime:0.000000s ]
INFO: [ app_init ] --END-- [ RunTime:0.000000s ]
INFO: [ app_begin ] --START--
INFO: Run Behavior\ReadHtmlCacheBehavior [ RunTime:0.001000s ]
INFO: [ app_begin ] --END-- [ RunTime:0.001000s ]
ERR: 无法加载控制器:Admin.php

[ 2018-04-11T13:55:36+08:00 ] ::1 /selfweba/admin.php
INFO: [ app_init ] --START--
INFO: Run Behavior\BuildLiteBehavior [ RunTime:0.000000s ]
INFO: [ app_init ] --END-- [ RunTime:0.001000s ]
INFO: [ app_begin ] --START--
INFO: Run Behavior\ReadHtmlCacheBehavior [ RunTime:0.000000s ]
INFO: [ app_begin ] --END-- [ RunTime:0.000000s ]
INFO: [ view_parse ] --START--
INFO: Run Behavior\ParseTemplateBehavior [ RunTime:0.000000s ]
INFO: [ view_parse ] --END-- [ RunTime:0.000000s ]
INFO: [ view_filter ] --START--
INFO: Run Behavior\WriteHtmlCacheBehavior [ RunTime:0.001000s ]
INFO: [ view_filter ] --END-- [ RunTime:0.001000s ]
INFO: [ app_end ] --START--
INFO: Run Behavior\ShowPageTraceBehavior [ RunTime:0.000000s ]
INFO: [ app_end ] --END-- [ RunTime:0.000000s ]

[ 2018-04-11T13:57:52+08:00 ] ::1 /selfweba/admin.php
INFO: [ app_init ] --START--
INFO: Run Behavior\BuildLiteBehavior [ RunTime:0.000000s ]
INFO: [ app_init ] --END-- [ RunTime:0.001000s ]
INFO: [ app_begin ] --START--
INFO: Run Behavior\ReadHtmlCacheBehavior [ RunTime:0.001000s ]
INFO: [ app_begin ] --END-- [ RunTime:0.001000s ]
NOTIC: [8] Undefined variable: data F:\mysoft\xampp\htdocs\selfweba\Application\Admin\Controller\IndexController.class.php 第 6 行.

[ 2018-04-11T13:58:41+08:00 ] ::1 /selfweba/admin.php
INFO: [ app_init ] --START--
INFO: Run Behavior\BuildLiteBehavior [ RunTime:0.000000s ]
INFO: [ app_init ] --END-- [ RunTime:0.000000s ]
INFO: [ app_begin ] --START--
INFO: Run Behavior\ReadHtmlCacheBehavior [ RunTime:0.000000s ]
INFO: [ app_begin ] --END-- [ RunTime:0.000000s ]

[ 2018-04-11T14:01:12+08:00 ] ::1 /selfweba/admin.php
INFO: [ app_init ] --START--
INFO: Run Behavior\BuildLiteBehavior [ RunTime:0.000000s ]
INFO: [ app_init ] --END-- [ RunTime:0.000000s ]
INFO: [ app_begin ] --START--
INFO: Run Behavior\ReadHtmlCacheBehavior [ RunTime:0.001000s ]
INFO: [ app_begin ] --END-- [ RunTime:0.001000s ]

[ 2018-04-11T14:08:40+08:00 ] ::1 /selfweba/admin.php
INFO: [ app_init ] --START--
INFO: Run Behavior\BuildLiteBehavior [ RunTime:0.000000s ]
INFO: [ app_init ] --END-- [ RunTime:0.000000s ]
INFO: [ app_begin ] --START--
INFO: Run Behavior\ReadHtmlCacheBehavior [ RunTime:0.001000s ]
INFO: [ app_begin ] --END-- [ RunTime:0.001000s ]
SQL: SHOW COLUMNS FROM `shell_info` [ RunTime:0.0020s ]
ERR: 1064:You have an error in your SQL syntax; check the manual that corresponds to your MariaDB server version for the right syntax to use near 'where=1 ) LIMIT 1' at line 1
 [ SQL语句 ] : SELECT * FROM `shell_info` WHERE ( where=1 ) LIMIT 1  
ERR: 1064:You have an error in your SQL syntax; check the manual that corresponds to your MariaDB server version for the right syntax to use near 'where=1 ) LIMIT 1' at line 1
 [ SQL语句 ] : SELECT * FROM `shell_info` WHERE ( where=1 ) LIMIT 1  

[ 2018-04-11T14:08:55+08:00 ] ::1 /selfweba/admin.php
INFO: [ app_init ] --START--
INFO: Run Behavior\BuildLiteBehavior [ RunTime:0.000000s ]
INFO: [ app_init ] --END-- [ RunTime:0.001000s ]
INFO: [ app_begin ] --START--
INFO: Run Behavior\ReadHtmlCacheBehavior [ RunTime:0.001000s ]
INFO: [ app_begin ] --END-- [ RunTime:0.001000s ]
ERR: 1146:Table 'shellinfo.shell_shell_info' doesn't exist
 [ SQL语句 ] : SHOW COLUMNS FROM `shell_shell_info`
ERR: 1146:Table 'shellinfo.shell_shell_info' doesn't exist
 [ SQL语句 ] : SHOW COLUMNS FROM `shell_shell_info`

[ 2018-04-11T14:08:56+08:00 ] ::1 /selfweba/admin.php
INFO: [ app_init ] --START--
INFO: Run Behavior\BuildLiteBehavior [ RunTime:0.000000s ]
INFO: [ app_init ] --END-- [ RunTime:0.000000s ]
INFO: [ app_begin ] --START--
INFO: Run Behavior\ReadHtmlCacheBehavior [ RunTime:0.001000s ]
INFO: [ app_begin ] --END-- [ RunTime:0.001000s ]
ERR: 1146:Table 'shellinfo.shell_shell_info' doesn't exist
 [ SQL语句 ] : SHOW COLUMNS FROM `shell_shell_info`
ERR: 1146:Table 'shellinfo.shell_shell_info' doesn't exist
 [ SQL语句 ] : SHOW COLUMNS FROM `shell_shell_info`

[ 2018-04-11T14:08:56+08:00 ] ::1 /selfweba/admin.php
INFO: [ app_init ] --START--
INFO: Run Behavior\BuildLiteBehavior [ RunTime:0.000000s ]
INFO: [ app_init ] --END-- [ RunTime:0.001000s ]
INFO: [ app_begin ] --START--
INFO: Run Behavior\ReadHtmlCacheBehavior [ RunTime:0.001000s ]
INFO: [ app_begin ] --END-- [ RunTime:0.001000s ]
ERR: 1146:Table 'shellinfo.shell_shell_info' doesn't exist
 [ SQL语句 ] : SHOW COLUMNS FROM `shell_shell_info`
ERR: 1146:Table 'shellinfo.shell_shell_info' doesn't exist
 [ SQL语句 ] : SHOW COLUMNS FROM `shell_shell_info`

[ 2018-04-11T14:08:57+08:00 ] ::1 /selfweba/admin.php
INFO: [ app_init ] --START--
INFO: Run Behavior\BuildLiteBehavior [ RunTime:0.000000s ]
INFO: [ app_init ] --END-- [ RunTime:0.001000s ]
INFO: [ app_begin ] --START--
INFO: Run Behavior\ReadHtmlCacheBehavior [ RunTime:0.000000s ]
INFO: [ app_begin ] --END-- [ RunTime:0.001000s ]
ERR: 1146:Table 'shellinfo.shell_shell_info' doesn't exist
 [ SQL语句 ] : SHOW COLUMNS FROM `shell_shell_info`
ERR: 1146:Table 'shellinfo.shell_shell_info' doesn't exist
 [ SQL语句 ] : SHOW COLUMNS FROM `shell_shell_info`

[ 2018-04-11T14:08:57+08:00 ] ::1 /selfweba/admin.php
INFO: [ app_init ] --START--
INFO: Run Behavior\BuildLiteBehavior [ RunTime:0.000000s ]
INFO: [ app_init ] --END-- [ RunTime:0.000000s ]
INFO: [ app_begin ] --START--
INFO: Run Behavior\ReadHtmlCacheBehavior [ RunTime:0.000000s ]
INFO: [ app_begin ] --END-- [ RunTime:0.000000s ]
ERR: 1146:Table 'shellinfo.shell_shell_info' doesn't exist
 [ SQL语句 ] : SHOW COLUMNS FROM `shell_shell_info`
ERR: 1146:Table 'shellinfo.shell_shell_info' doesn't exist
 [ SQL语句 ] : SHOW COLUMNS FROM `shell_shell_info`

[ 2018-04-11T14:08:57+08:00 ] ::1 /selfweba/admin.php
INFO: [ app_init ] --START--
INFO: Run Behavior\BuildLiteBehavior [ RunTime:0.000000s ]
INFO: [ app_init ] --END-- [ RunTime:0.001000s ]
INFO: [ app_begin ] --START--
INFO: Run Behavior\ReadHtmlCacheBehavior [ RunTime:0.001000s ]
INFO: [ app_begin ] --END-- [ RunTime:0.001000s ]
ERR: 1146:Table 'shellinfo.shell_shell_info' doesn't exist
 [ SQL语句 ] : SHOW COLUMNS FROM `shell_shell_info`
ERR: 1146:Table 'shellinfo.shell_shell_info' doesn't exist
 [ SQL语句 ] : SHOW COLUMNS FROM `shell_shell_info`

[ 2018-04-11T14:09:15+08:00 ] ::1 /selfweba/admin.php
INFO: [ app_init ] --START--
INFO: Run Behavior\BuildLiteBehavior [ RunTime:0.000000s ]
INFO: [ app_init ] --END-- [ RunTime:0.001000s ]
INFO: [ app_begin ] --START--
INFO: Run Behavior\ReadHtmlCacheBehavior [ RunTime:0.001000s ]
INFO: [ app_begin ] --END-- [ RunTime:0.001000s ]
SQL: SHOW COLUMNS FROM `shell_info` [ RunTime:0.0050s ]
SQL: SELECT * FROM `shell_info` WHERE ( id=1 ) LIMIT 1   [ RunTime:0.0000s ]

[ 2018-04-11T14:13:48+08:00 ] ::1 /selfweba/admin.php
INFO: [ app_init ] --START--
INFO: Run Behavior\BuildLiteBehavior [ RunTime:0.000000s ]
INFO: [ app_init ] --END-- [ RunTime:0.001000s ]
INFO: [ app_begin ] --START--
INFO: Run Behavior\ReadHtmlCacheBehavior [ RunTime:0.001000s ]
INFO: [ app_begin ] --END-- [ RunTime:0.001000s ]
SQL: SHOW COLUMNS FROM `shell_info` [ RunTime:0.0020s ]
SQL: SELECT * FROM `shell_info` GROUP BY id LIMIT 1   [ RunTime:0.0000s ]

[ 2018-04-11T14:13:55+08:00 ] ::1 /selfweba/admin.php
INFO: [ app_init ] --START--
INFO: Run Behavior\BuildLiteBehavior [ RunTime:0.000000s ]
INFO: [ app_init ] --END-- [ RunTime:0.000000s ]
INFO: [ app_begin ] --START--
INFO: Run Behavior\ReadHtmlCacheBehavior [ RunTime:0.000000s ]
INFO: [ app_begin ] --END-- [ RunTime:0.001000s ]
SQL: SHOW COLUMNS FROM `shell_info` [ RunTime:0.0040s ]

[ 2018-04-11T14:14:31+08:00 ] ::1 /selfweba/admin.php
INFO: [ app_init ] --START--
INFO: Run Behavior\BuildLiteBehavior [ RunTime:0.000000s ]
INFO: [ app_init ] --END-- [ RunTime:0.000000s ]
INFO: [ app_begin ] --START--
INFO: Run Behavior\ReadHtmlCacheBehavior [ RunTime:0.000000s ]
INFO: [ app_begin ] --END-- [ RunTime:0.000000s ]
SQL: SHOW COLUMNS FROM `shell_info` [ RunTime:0.0020s ]

[ 2018-04-11T14:16:15+08:00 ] ::1 /selfweba/admin.php
INFO: [ app_init ] --START--
INFO: Run Behavior\BuildLiteBehavior [ RunTime:0.000000s ]
INFO: [ app_init ] --END-- [ RunTime:0.000000s ]
INFO: [ app_begin ] --START--
INFO: Run Behavior\ReadHtmlCacheBehavior [ RunTime:0.000000s ]
INFO: [ app_begin ] --END-- [ RunTime:0.001000s ]
SQL: SHOW COLUMNS FROM `shell_info` [ RunTime:0.0030s ]
SQL: SELECT * FROM `shell_info` GROUP BY onegrade  [ RunTime:0.0150s ]

[ 2018-04-11T14:17:18+08:00 ] ::1 /selfweba/admin.php
INFO: [ app_init ] --START--
INFO: Run Behavior\BuildLiteBehavior [ RunTime:0.000000s ]
INFO: [ app_init ] --END-- [ RunTime:0.001000s ]
INFO: [ app_begin ] --START--
INFO: Run Behavior\ReadHtmlCacheBehavior [ RunTime:0.001000s ]
INFO: [ app_begin ] --END-- [ RunTime:0.001000s ]
SQL: SHOW COLUMNS FROM `shell_info` [ RunTime:0.0020s ]
SQL: SELECT * FROM `shell_info` GROUP BY onegrade  [ RunTime:0.0010s ]

[ 2018-04-11T14:18:31+08:00 ] ::1 /selfweba/admin.php
INFO: [ app_init ] --START--
INFO: Run Behavior\BuildLiteBehavior [ RunTime:0.000000s ]
INFO: [ app_init ] --END-- [ RunTime:0.000000s ]
INFO: [ app_begin ] --START--
INFO: Run Behavior\ReadHtmlCacheBehavior [ RunTime:0.001000s ]
INFO: [ app_begin ] --END-- [ RunTime:0.001000s ]
SQL: SHOW COLUMNS FROM `shell_info` [ RunTime:0.0040s ]
SQL: SELECT `onegrade` FROM `shell_info` GROUP BY onegrade LIMIT 1   [ RunTime:0.0020s ]

[ 2018-04-11T14:18:53+08:00 ] ::1 /selfweba/admin.php
INFO: [ app_init ] --START--
INFO: Run Behavior\BuildLiteBehavior [ RunTime:0.000000s ]
INFO: [ app_init ] --END-- [ RunTime:0.000000s ]
INFO: [ app_begin ] --START--
INFO: Run Behavior\ReadHtmlCacheBehavior [ RunTime:0.001000s ]
INFO: [ app_begin ] --END-- [ RunTime:0.001000s ]
SQL: SHOW COLUMNS FROM `shell_info` [ RunTime:0.0010s ]
SQL: SELECT * FROM `shell_info` WHERE `id` = 0 GROUP BY onegrade LIMIT 1   [ RunTime:0.0000s ]

[ 2018-04-11T14:19:02+08:00 ] ::1 /selfweba/admin.php
INFO: [ app_init ] --START--
INFO: Run Behavior\BuildLiteBehavior [ RunTime:0.000000s ]
INFO: [ app_init ] --END-- [ RunTime:0.000000s ]
INFO: [ app_begin ] --START--
INFO: Run Behavior\ReadHtmlCacheBehavior [ RunTime:0.001001s ]
INFO: [ app_begin ] --END-- [ RunTime:0.001001s ]
SQL: SHOW COLUMNS FROM `shell_info` [ RunTime:0.0010s ]
SQL: SELECT * FROM `shell_info` GROUP BY onegrade LIMIT 1   [ RunTime:0.0020s ]

[ 2018-04-11T14:19:03+08:00 ] ::1 /selfweba/admin.php
INFO: [ app_init ] --START--
INFO: Run Behavior\BuildLiteBehavior [ RunTime:0.000000s ]
INFO: [ app_init ] --END-- [ RunTime:0.000000s ]
INFO: [ app_begin ] --START--
INFO: Run Behavior\ReadHtmlCacheBehavior [ RunTime:0.001000s ]
INFO: [ app_begin ] --END-- [ RunTime:0.001000s ]
SQL: SHOW COLUMNS FROM `shell_info` [ RunTime:0.0010s ]
SQL: SELECT * FROM `shell_info` GROUP BY onegrade LIMIT 1   [ RunTime:0.0020s ]

[ 2018-04-11T14:19:03+08:00 ] ::1 /selfweba/admin.php
INFO: [ app_init ] --START--
INFO: Run Behavior\BuildLiteBehavior [ RunTime:0.001000s ]
INFO: [ app_init ] --END-- [ RunTime:0.001000s ]
INFO: [ app_begin ] --START--
INFO: Run Behavior\ReadHtmlCacheBehavior [ RunTime:0.001001s ]
INFO: [ app_begin ] --END-- [ RunTime:0.001001s ]
SQL: SHOW COLUMNS FROM `shell_info` [ RunTime:0.0010s ]
SQL: SELECT * FROM `shell_info` GROUP BY onegrade LIMIT 1   [ RunTime:0.0040s ]

[ 2018-04-11T14:21:11+08:00 ] ::1 /selfweba/admin.php
INFO: [ app_init ] --START--
INFO: Run Behavior\BuildLiteBehavior [ RunTime:0.000000s ]
INFO: [ app_init ] --END-- [ RunTime:0.000000s ]
INFO: [ app_begin ] --START--
INFO: Run Behavior\ReadHtmlCacheBehavior [ RunTime:0.001000s ]
INFO: [ app_begin ] --END-- [ RunTime:0.001000s ]
SQL: SHOW COLUMNS FROM `shell_info` [ RunTime:0.0010s ]
SQL: SELECT `onegrade` FROM `shell_info` GROUP BY onegrade  [ RunTime:0.0010s ]

[ 2018-04-11T14:21:54+08:00 ] ::1 /selfweba/admin.php
INFO: [ app_init ] --START--
INFO: Run Behavior\BuildLiteBehavior [ RunTime:0.000000s ]
INFO: [ app_init ] --END-- [ RunTime:0.000000s ]
INFO: [ app_begin ] --START--
INFO: Run Behavior\ReadHtmlCacheBehavior [ RunTime:0.001000s ]
INFO: [ app_begin ] --END-- [ RunTime:0.001000s ]
SQL: SHOW COLUMNS FROM `shell_info` [ RunTime:0.0030s ]
SQL: SELECT `onegrade` FROM `shell_info`  [ RunTime:0.0000s ]

[ 2018-04-11T14:22:23+08:00 ] ::1 /selfweba/admin.php
INFO: [ app_init ] --START--
INFO: Run Behavior\BuildLiteBehavior [ RunTime:0.000000s ]
INFO: [ app_init ] --END-- [ RunTime:0.000000s ]
INFO: [ app_begin ] --START--
INFO: Run Behavior\ReadHtmlCacheBehavior [ RunTime:0.001000s ]
INFO: [ app_begin ] --END-- [ RunTime:0.001000s ]
SQL: SHOW COLUMNS FROM `shell_info` [ RunTime:0.0010s ]
SQL: SELECT `onegrade` FROM `shell_info` GROUP BY onegrade  [ RunTime:0.0010s ]

[ 2018-04-11T14:23:21+08:00 ] ::1 /selfweba/admin.php
INFO: [ app_init ] --START--
INFO: Run Behavior\BuildLiteBehavior [ RunTime:0.000000s ]
INFO: [ app_init ] --END-- [ RunTime:0.001000s ]
INFO: [ app_begin ] --START--
INFO: Run Behavior\ReadHtmlCacheBehavior [ RunTime:0.000000s ]
INFO: [ app_begin ] --END-- [ RunTime:0.000000s ]
SQL: SHOW COLUMNS FROM `shell_info` [ RunTime:0.0010s ]
SQL: SELECT `onegrade` FROM `shell_info` GROUP BY onegrade  [ RunTime:0.0010s ]

[ 2018-04-11T14:23:30+08:00 ] ::1 /selfweba/admin.php
INFO: [ app_init ] --START--
INFO: Run Behavior\BuildLiteBehavior [ RunTime:0.000000s ]
INFO: [ app_init ] --END-- [ RunTime:0.001000s ]
INFO: [ app_begin ] --START--
INFO: Run Behavior\ReadHtmlCacheBehavior [ RunTime:0.003000s ]
INFO: [ app_begin ] --END-- [ RunTime:0.003000s ]
SQL: SHOW COLUMNS FROM `shell_info` [ RunTime:0.0020s ]
SQL: SELECT `onegrade` FROM `shell_info` GROUP BY onegrade  [ RunTime:0.0010s ]

[ 2018-04-11T14:24:06+08:00 ] ::1 /selfweba/admin.php
INFO: [ app_init ] --START--
INFO: Run Behavior\BuildLiteBehavior [ RunTime:0.000000s ]
INFO: [ app_init ] --END-- [ RunTime:0.001000s ]
INFO: [ app_begin ] --START--
INFO: Run Behavior\ReadHtmlCacheBehavior [ RunTime:0.001000s ]
INFO: [ app_begin ] --END-- [ RunTime:0.001000s ]
SQL: SHOW COLUMNS FROM `shell_info` [ RunTime:0.0010s ]
SQL: SELECT `onegrade` FROM `shell_info` GROUP BY onegrade  [ RunTime:0.0010s ]

[ 2018-04-11T14:24:12+08:00 ] ::1 /selfweba/admin.php
INFO: [ app_init ] --START--
INFO: Run Behavior\BuildLiteBehavior [ RunTime:0.000000s ]
INFO: [ app_init ] --END-- [ RunTime:0.000000s ]
INFO: [ app_begin ] --START--
INFO: Run Behavior\ReadHtmlCacheBehavior [ RunTime:0.001000s ]
INFO: [ app_begin ] --END-- [ RunTime:0.001000s ]
SQL: SHOW COLUMNS FROM `shell_info` [ RunTime:0.0030s ]
SQL: SELECT `onegrade` FROM `shell_info` GROUP BY onegrade  [ RunTime:0.0010s ]

[ 2018-04-11T14:24:18+08:00 ] ::1 /selfweba/admin.php
INFO: [ app_init ] --START--
INFO: Run Behavior\BuildLiteBehavior [ RunTime:0.000000s ]
INFO: [ app_init ] --END-- [ RunTime:0.000000s ]
INFO: [ app_begin ] --START--
INFO: Run Behavior\ReadHtmlCacheBehavior [ RunTime:0.001000s ]
INFO: [ app_begin ] --END-- [ RunTime:0.001000s ]
SQL: SHOW COLUMNS FROM `shell_info` [ RunTime:0.0030s ]
SQL: SELECT `onegrade` FROM `shell_info` GROUP BY onegrade  [ RunTime:0.0010s ]

[ 2018-04-11T14:24:39+08:00 ] ::1 /selfweba/admin.php
INFO: [ app_init ] --START--
INFO: Run Behavior\BuildLiteBehavior [ RunTime:0.000000s ]
INFO: [ app_init ] --END-- [ RunTime:0.001001s ]
INFO: [ app_begin ] --START--
INFO: Run Behavior\ReadHtmlCacheBehavior [ RunTime:0.000000s ]
INFO: [ app_begin ] --END-- [ RunTime:0.001000s ]
SQL: SHOW COLUMNS FROM `shell_info` [ RunTime:0.0010s ]
SQL: SELECT `onegrade` FROM `shell_info` GROUP BY onegrade  [ RunTime:0.0010s ]

[ 2018-04-11T14:25:41+08:00 ] ::1 /selfweba/admin.php
INFO: [ app_init ] --START--
INFO: Run Behavior\BuildLiteBehavior [ RunTime:0.000000s ]
INFO: [ app_init ] --END-- [ RunTime:0.001000s ]
INFO: [ app_begin ] --START--
INFO: Run Behavior\ReadHtmlCacheBehavior [ RunTime:0.001000s ]
INFO: [ app_begin ] --END-- [ RunTime:0.001000s ]
SQL: SHOW COLUMNS FROM `shell_info` [ RunTime:0.0010s ]
SQL: SELECT `onegrade` FROM `shell_info` GROUP BY onegrade  [ RunTime:0.0010s ]

[ 2018-04-11T14:25:43+08:00 ] ::1 /selfweba/admin.php
INFO: [ app_init ] --START--
INFO: Run Behavior\BuildLiteBehavior [ RunTime:0.000000s ]
INFO: [ app_init ] --END-- [ RunTime:0.001000s ]
INFO: [ app_begin ] --START--
INFO: Run Behavior\ReadHtmlCacheBehavior [ RunTime:0.001000s ]
INFO: [ app_begin ] --END-- [ RunTime:0.001000s ]
SQL: SHOW COLUMNS FROM `shell_info` [ RunTime:0.0020s ]
SQL: SELECT `onegrade` FROM `shell_info` GROUP BY onegrade  [ RunTime:0.0010s ]

[ 2018-04-11T14:25:50+08:00 ] ::1 /selfweba/admin.php
INFO: [ app_init ] --START--
INFO: Run Behavior\BuildLiteBehavior [ RunTime:0.000000s ]
INFO: [ app_init ] --END-- [ RunTime:0.000000s ]
INFO: [ app_begin ] --START--
INFO: Run Behavior\ReadHtmlCacheBehavior [ RunTime:0.001001s ]
INFO: [ app_begin ] --END-- [ RunTime:0.001001s ]
SQL: SHOW COLUMNS FROM `shell_info` [ RunTime:0.0010s ]
SQL: SELECT `onegrade` FROM `shell_info` GROUP BY onegrade  [ RunTime:0.0010s ]

[ 2018-04-11T14:26:56+08:00 ] ::1 /selfweba/admin.php
INFO: [ app_init ] --START--
INFO: Run Behavior\BuildLiteBehavior [ RunTime:0.000000s ]
INFO: [ app_init ] --END-- [ RunTime:0.000000s ]
INFO: [ app_begin ] --START--
INFO: Run Behavior\ReadHtmlCacheBehavior [ RunTime:0.000000s ]
INFO: [ app_begin ] --END-- [ RunTime:0.000000s ]
SQL: SHOW COLUMNS FROM `shell_info` [ RunTime:0.0020s ]
SQL: SELECT `onegrade` FROM `shell_info` GROUP BY onegrade  [ RunTime:0.0010s ]

[ 2018-04-11T14:27:09+08:00 ] ::1 /selfweba/admin.php
INFO: [ app_init ] --START--
INFO: Run Behavior\BuildLiteBehavior [ RunTime:0.000000s ]
INFO: [ app_init ] --END-- [ RunTime:0.000000s ]
INFO: [ app_begin ] --START--
INFO: Run Behavior\ReadHtmlCacheBehavior [ RunTime:0.001000s ]
INFO: [ app_begin ] --END-- [ RunTime:0.001000s ]
SQL: SHOW COLUMNS FROM `shell_info` [ RunTime:0.0020s ]
SQL: SELECT `onegrade` FROM `shell_info` GROUP BY onegrade  [ RunTime:0.0010s ]

[ 2018-04-11T14:27:18+08:00 ] ::1 /selfweba/admin.php
INFO: [ app_init ] --START--
INFO: Run Behavior\BuildLiteBehavior [ RunTime:0.000000s ]
INFO: [ app_init ] --END-- [ RunTime:0.000000s ]
INFO: [ app_begin ] --START--
INFO: Run Behavior\ReadHtmlCacheBehavior [ RunTime:0.001000s ]
INFO: [ app_begin ] --END-- [ RunTime:0.001000s ]
SQL: SHOW COLUMNS FROM `shell_info` [ RunTime:0.0010s ]
SQL: SELECT `onegrade` FROM `shell_info` GROUP BY onegrade  [ RunTime:0.0010s ]

[ 2018-04-11T14:28:26+08:00 ] ::1 /selfweba/admin.php
INFO: [ app_init ] --START--
INFO: Run Behavior\BuildLiteBehavior [ RunTime:0.000000s ]
INFO: [ app_init ] --END-- [ RunTime:0.000000s ]
INFO: [ app_begin ] --START--
INFO: Run Behavior\ReadHtmlCacheBehavior [ RunTime:0.001000s ]
INFO: [ app_begin ] --END-- [ RunTime:0.001000s ]
SQL: SHOW COLUMNS FROM `shell_info` [ RunTime:0.0020s ]
SQL: SELECT `onegrade` FROM `shell_info` GROUP BY onegrade  [ RunTime:0.0010s ]

[ 2018-04-11T14:28:41+08:00 ] ::1 /selfweba/admin.php
INFO: [ app_init ] --START--
INFO: Run Behavior\BuildLiteBehavior [ RunTime:0.000000s ]
INFO: [ app_init ] --END-- [ RunTime:0.001000s ]
INFO: [ app_begin ] --START--
INFO: Run Behavior\ReadHtmlCacheBehavior [ RunTime:0.000000s ]
INFO: [ app_begin ] --END-- [ RunTime:0.000000s ]
SQL: SHOW COLUMNS FROM `shell_info` [ RunTime:0.0010s ]
SQL: SELECT `onegrade` FROM `shell_info` GROUP BY onegrade  [ RunTime:0.0010s ]

[ 2018-04-11T14:31:34+08:00 ] ::1 /selfweba/admin.php
INFO: [ app_init ] --START--
INFO: Run Behavior\BuildLiteBehavior [ RunTime:0.000000s ]
INFO: [ app_init ] --END-- [ RunTime:0.001000s ]
INFO: [ app_begin ] --START--
INFO: Run Behavior\ReadHtmlCacheBehavior [ RunTime:0.000000s ]
INFO: [ app_begin ] --END-- [ RunTime:0.001000s ]
SQL: SHOW COLUMNS FROM `shell_info` [ RunTime:0.0010s ]
SQL: SELECT `onegrade` FROM `shell_info` GROUP BY onegrade  [ RunTime:0.0010s ]

[ 2018-04-11T14:31:35+08:00 ] ::1 /selfweba/admin.php
INFO: [ app_init ] --START--
INFO: Run Behavior\BuildLiteBehavior [ RunTime:0.000000s ]
INFO: [ app_init ] --END-- [ RunTime:0.000000s ]
INFO: [ app_begin ] --START--
INFO: Run Behavior\ReadHtmlCacheBehavior [ RunTime:0.001000s ]
INFO: [ app_begin ] --END-- [ RunTime:0.001000s ]
SQL: SHOW COLUMNS FROM `shell_info` [ RunTime:0.0040s ]
SQL: SELECT `onegrade` FROM `shell_info` GROUP BY onegrade  [ RunTime:0.0010s ]

[ 2018-04-11T14:31:36+08:00 ] ::1 /selfweba/admin.php
INFO: [ app_init ] --START--
INFO: Run Behavior\BuildLiteBehavior [ RunTime:0.000000s ]
INFO: [ app_init ] --END-- [ RunTime:0.001000s ]
INFO: [ app_begin ] --START--
INFO: Run Behavior\ReadHtmlCacheBehavior [ RunTime:0.001001s ]
INFO: [ app_begin ] --END-- [ RunTime:0.001001s ]
SQL: SHOW COLUMNS FROM `shell_info` [ RunTime:0.0010s ]
SQL: SELECT `onegrade` FROM `shell_info` GROUP BY onegrade  [ RunTime:0.0020s ]

[ 2018-04-11T14:35:13+08:00 ] ::1 /selfweba/admin.php
INFO: [ app_init ] --START--
INFO: Run Behavior\BuildLiteBehavior [ RunTime:0.000000s ]
INFO: [ app_init ] --END-- [ RunTime:0.000000s ]
INFO: [ app_begin ] --START--
INFO: Run Behavior\ReadHtmlCacheBehavior [ RunTime:0.001000s ]
INFO: [ app_begin ] --END-- [ RunTime:0.001000s ]
SQL: SHOW COLUMNS FROM `shell_info` [ RunTime:0.0010s ]
SQL: SELECT `onegrade` FROM `shell_info` GROUP BY onegrade  [ RunTime:0.0010s ]

[ 2018-04-11T14:43:07+08:00 ] ::1 /selfweba/admin.php
INFO: [ app_init ] --START--
INFO: Run Behavior\BuildLiteBehavior [ RunTime:0.000000s ]
INFO: [ app_init ] --END-- [ RunTime:0.001000s ]
INFO: [ app_begin ] --START--
INFO: Run Behavior\ReadHtmlCacheBehavior [ RunTime:0.001000s ]
INFO: [ app_begin ] --END-- [ RunTime:0.001000s ]
SQL: SHOW COLUMNS FROM `shell_info` [ RunTime:0.0040s ]
SQL: SELECT `onegrade` FROM `shell_info` GROUP BY onegrade  [ RunTime:0.0020s ]

[ 2018-04-11T14:44:15+08:00 ] ::1 /selfweba/admin.php
INFO: [ app_init ] --START--
INFO: Run Behavior\BuildLiteBehavior [ RunTime:0.000000s ]
INFO: [ app_init ] --END-- [ RunTime:0.000000s ]
INFO: [ app_begin ] --START--
INFO: Run Behavior\ReadHtmlCacheBehavior [ RunTime:0.000000s ]
INFO: [ app_begin ] --END-- [ RunTime:0.000000s ]
SQL: SHOW COLUMNS FROM `shell_info` [ RunTime:0.0040s ]
SQL: SELECT `onegrade` FROM `shell_info` GROUP BY onegrade  [ RunTime:0.0010s ]

[ 2018-04-11T14:56:17+08:00 ] ::1 /selfweba/admin.php
INFO: [ app_init ] --START--
INFO: Run Behavior\BuildLiteBehavior [ RunTime:0.000000s ]
INFO: [ app_init ] --END-- [ RunTime:0.006001s ]
INFO: [ app_begin ] --START--
INFO: Run Behavior\ReadHtmlCacheBehavior [ RunTime:0.018001s ]
INFO: [ app_begin ] --END-- [ RunTime:0.018001s ]
SQL: SHOW COLUMNS FROM `shell_info` [ RunTime:0.0010s ]
SQL: SELECT `onegrade` FROM `shell_info` GROUP BY onegrade  [ RunTime:0.0010s ]

[ 2018-04-11T14:59:25+08:00 ] 127.0.0.1 /selfweba/admin.php
INFO: [ app_init ] --START--
INFO: Run Behavior\BuildLiteBehavior [ RunTime:0.000000s ]
INFO: [ app_init ] --END-- [ RunTime:0.007000s ]
INFO: [ app_begin ] --START--
INFO: Run Behavior\ReadHtmlCacheBehavior [ RunTime:0.017001s ]
INFO: [ app_begin ] --END-- [ RunTime:0.017001s ]
SQL: SHOW COLUMNS FROM `shell_info` [ RunTime:0.0020s ]
SQL: SELECT `onegrade` FROM `shell_info` GROUP BY onegrade  [ RunTime:0.0020s ]

[ 2018-04-11T14:59:27+08:00 ] 127.0.0.1 /selfweba/admin.php
INFO: [ app_init ] --START--
INFO: Run Behavior\BuildLiteBehavior [ RunTime:0.000000s ]
INFO: [ app_init ] --END-- [ RunTime:0.000000s ]
INFO: [ app_begin ] --START--
INFO: Run Behavior\ReadHtmlCacheBehavior [ RunTime:0.000000s ]
INFO: [ app_begin ] --END-- [ RunTime:0.001000s ]
SQL: SHOW COLUMNS FROM `shell_info` [ RunTime:0.0230s ]
SQL: SELECT `onegrade` FROM `shell_info` GROUP BY onegrade  [ RunTime:0.0050s ]

[ 2018-04-11T14:59:41+08:00 ] 127.0.0.1 /selfweba/admin.php
INFO: [ app_init ] --START--
INFO: Run Behavior\BuildLiteBehavior [ RunTime:0.000000s ]
INFO: [ app_init ] --END-- [ RunTime:0.001000s ]
INFO: [ app_begin ] --START--
INFO: Run Behavior\ReadHtmlCacheBehavior [ RunTime:0.001001s ]
INFO: [ app_begin ] --END-- [ RunTime:0.001001s ]
SQL: SHOW COLUMNS FROM `shell_info` [ RunTime:0.0020s ]
SQL: SELECT `onegrade` FROM `shell_info` GROUP BY onegrade  [ RunTime:0.0020s ]

[ 2018-04-11T15:02:14+08:00 ] 127.0.0.1 /selfweba/admin.php
INFO: [ app_init ] --START--
INFO: Run Behavior\BuildLiteBehavior [ RunTime:0.000000s ]
INFO: [ app_init ] --END-- [ RunTime:0.000000s ]
INFO: [ app_begin ] --START--
INFO: Run Behavior\ReadHtmlCacheBehavior [ RunTime:0.001000s ]
INFO: [ app_begin ] --END-- [ RunTime:0.001000s ]
SQL: SHOW COLUMNS FROM `shell_info` [ RunTime:0.0020s ]
SQL: SELECT `onegrade` FROM `shell_info` GROUP BY onegrade  [ RunTime:0.0020s ]

[ 2018-04-11T15:03:08+08:00 ] 127.0.0.1 /selfweba/admin.php
INFO: [ app_init ] --START--
INFO: Run Behavior\BuildLiteBehavior [ RunTime:0.000000s ]
INFO: [ app_init ] --END-- [ RunTime:0.000000s ]
INFO: [ app_begin ] --START--
INFO: Run Behavior\ReadHtmlCacheBehavior [ RunTime:0.001000s ]
INFO: [ app_begin ] --END-- [ RunTime:0.001000s ]
SQL: SHOW COLUMNS FROM `shell_info` [ RunTime:0.0020s ]
SQL: SELECT `onegrade` FROM `shell_info` GROUP BY onegrade  [ RunTime:0.0010s ]

[ 2018-04-11T15:03:45+08:00 ] 127.0.0.1 /selfweba/admin.php
INFO: [ app_init ] --START--
INFO: Run Behavior\BuildLiteBehavior [ RunTime:0.000000s ]
INFO: [ app_init ] --END-- [ RunTime:0.000000s ]
INFO: [ app_begin ] --START--
INFO: Run Behavior\ReadHtmlCacheBehavior [ RunTime:0.018001s ]
INFO: [ app_begin ] --END-- [ RunTime:0.018001s ]
SQL: SHOW COLUMNS FROM `shell_info` [ RunTime:0.0190s ]
SQL: SELECT `onegrade` FROM `shell_info` GROUP BY onegrade  [ RunTime:0.0010s ]

[ 2018-04-11T15:08:12+08:00 ] 127.0.0.1 /selfweba/admin.php
INFO: [ app_init ] --START--
INFO: Run Behavior\BuildLiteBehavior [ RunTime:0.000000s ]
INFO: [ app_init ] --END-- [ RunTime:0.000000s ]
INFO: [ app_begin ] --START--
INFO: Run Behavior\ReadHtmlCacheBehavior [ RunTime:0.016001s ]
INFO: [ app_begin ] --END-- [ RunTime:0.016001s ]
SQL: SHOW COLUMNS FROM `shell_info` [ RunTime:0.0020s ]
SQL: SELECT `onegrade` FROM `shell_info` GROUP BY onegrade  [ RunTime:0.0010s ]

[ 2018-04-11T15:17:25+08:00 ] ::1 /selfweba/admin.php
INFO: [ app_init ] --START--
INFO: Run Behavior\BuildLiteBehavior [ RunTime:0.000000s ]
INFO: [ app_init ] --END-- [ RunTime:0.000000s ]
INFO: [ app_begin ] --START--
INFO: Run Behavior\ReadHtmlCacheBehavior [ RunTime:0.001000s ]
INFO: [ app_begin ] --END-- [ RunTime:0.001000s ]
SQL: SHOW COLUMNS FROM `shell_info` [ RunTime:0.0030s ]
SQL: SELECT `onegrade` FROM `shell_info` GROUP BY onegrade  [ RunTime:0.0020s ]

[ 2018-04-11T15:47:59+08:00 ] ::1 /selfweba/admin.php
INFO: [ app_init ] --START--
INFO: Run Behavior\BuildLiteBehavior [ RunTime:0.000000s ]
INFO: [ app_init ] --END-- [ RunTime:0.001000s ]
INFO: [ app_begin ] --START--
INFO: Run Behavior\ReadHtmlCacheBehavior [ RunTime:0.000000s ]
INFO: [ app_begin ] --END-- [ RunTime:0.000000s ]
SQL: SHOW COLUMNS FROM `shell_info` [ RunTime:0.0020s ]
SQL: SELECT `onegrade` FROM `shell_info` GROUP BY onegrade  [ RunTime:0.0010s ]

[ 2018-04-11T16:17:24+08:00 ] 127.0.0.1 /selfweba/admin.php
INFO: [ app_init ] --START--
INFO: Run Behavior\BuildLiteBehavior [ RunTime:0.000000s ]
INFO: [ app_init ] --END-- [ RunTime:0.000000s ]
INFO: [ app_begin ] --START--
INFO: Run Behavior\ReadHtmlCacheBehavior [ RunTime:0.001000s ]
INFO: [ app_begin ] --END-- [ RunTime:0.001000s ]
SQL: SHOW COLUMNS FROM `shell_info` [ RunTime:0.0040s ]
SQL: SELECT `onegrade` FROM `shell_info` GROUP BY onegrade  [ RunTime:0.0020s ]

[ 2018-04-11T16:17:31+08:00 ] 127.0.0.1 /selfweba/admin.php
INFO: [ app_init ] --START--
INFO: Run Behavior\BuildLiteBehavior [ RunTime:0.000000s ]
INFO: [ app_init ] --END-- [ RunTime:0.000000s ]
INFO: [ app_begin ] --START--
INFO: Run Behavior\ReadHtmlCacheBehavior [ RunTime:0.000000s ]
INFO: [ app_begin ] --END-- [ RunTime:0.000000s ]
SQL: SHOW COLUMNS FROM `shell_info` [ RunTime:0.0240s ]
SQL: SELECT `onegrade` FROM `shell_info` GROUP BY onegrade  [ RunTime:0.0010s ]

[ 2018-04-11T16:17:33+08:00 ] 127.0.0.1 /selfweba/admin.php
INFO: [ app_init ] --START--
INFO: Run Behavior\BuildLiteBehavior [ RunTime:0.000000s ]
INFO: [ app_init ] --END-- [ RunTime:0.000000s ]
INFO: [ app_begin ] --START--
INFO: Run Behavior\ReadHtmlCacheBehavior [ RunTime:0.001000s ]
INFO: [ app_begin ] --END-- [ RunTime:0.001000s ]
SQL: SHOW COLUMNS FROM `shell_info` [ RunTime:0.0020s ]
SQL: SELECT `onegrade` FROM `shell_info` GROUP BY onegrade  [ RunTime:0.0010s ]

[ 2018-04-11T16:51:31+08:00 ] 127.0.0.1 /selfweba/admin.php
INFO: [ app_init ] --START--
INFO: Run Behavior\BuildLiteBehavior [ RunTime:0.000000s ]
INFO: [ app_init ] --END-- [ RunTime:0.000000s ]
INFO: [ app_begin ] --START--
INFO: Run Behavior\ReadHtmlCacheBehavior [ RunTime:0.000000s ]
INFO: [ app_begin ] --END-- [ RunTime:0.000000s ]
SQL: SHOW COLUMNS FROM `shell_info` [ RunTime:0.0020s ]
SQL: SELECT `onegrade` FROM `shell_info` GROUP BY onegrade  [ RunTime:0.0020s ]

[ 2018-04-11T16:52:01+08:00 ] 127.0.0.1 /selfweba/admin.php
INFO: [ app_init ] --START--
INFO: Run Behavior\BuildLiteBehavior [ RunTime:0.000000s ]
INFO: [ app_init ] --END-- [ RunTime:0.001000s ]
INFO: [ app_begin ] --START--
INFO: Run Behavior\ReadHtmlCacheBehavior [ RunTime:0.001000s ]
INFO: [ app_begin ] --END-- [ RunTime:0.001000s ]
SQL: SHOW COLUMNS FROM `shell_info` [ RunTime:0.0030s ]
SQL: SELECT `onegrade` FROM `shell_info` GROUP BY onegrade  [ RunTime:0.0020s ]

[ 2018-04-11T16:52:02+08:00 ] 127.0.0.1 /selfweba/admin.php
INFO: [ app_init ] --START--
INFO: Run Behavior\BuildLiteBehavior [ RunTime:0.000000s ]
INFO: [ app_init ] --END-- [ RunTime:0.000000s ]
INFO: [ app_begin ] --START--
INFO: Run Behavior\ReadHtmlCacheBehavior [ RunTime:0.001000s ]
INFO: [ app_begin ] --END-- [ RunTime:0.001000s ]
SQL: SHOW COLUMNS FROM `shell_info` [ RunTime:0.0100s ]
SQL: SELECT `onegrade` FROM `shell_info` GROUP BY onegrade  [ RunTime:0.0010s ]

[ 2018-04-11T16:54:26+08:00 ] 127.0.0.1 /selfweba/admin.php
INFO: [ app_init ] --START--
INFO: Run Behavior\BuildLiteBehavior [ RunTime:0.000000s ]
INFO: [ app_init ] --END-- [ RunTime:0.001000s ]
INFO: [ app_begin ] --START--
INFO: Run Behavior\ReadHtmlCacheBehavior [ RunTime:0.000000s ]
INFO: [ app_begin ] --END-- [ RunTime:0.000000s ]
SQL: SHOW COLUMNS FROM `shell_info` [ RunTime:0.0020s ]
SQL: SELECT `onegrade` FROM `shell_info` GROUP BY onegrade  [ RunTime:0.0020s ]

[ 2018-04-11T17:07:34+08:00 ] 127.0.0.1 /selfweba/admin.php
INFO: [ app_init ] --START--
INFO: Run Behavior\BuildLiteBehavior [ RunTime:0.000000s ]
INFO: [ app_init ] --END-- [ RunTime:0.000000s ]
INFO: [ app_begin ] --START--
INFO: Run Behavior\ReadHtmlCacheBehavior [ RunTime:0.001000s ]
INFO: [ app_begin ] --END-- [ RunTime:0.001000s ]
SQL: SHOW COLUMNS FROM `shell_info` [ RunTime:0.0020s ]
SQL: SELECT `onegrade` FROM `shell_info` GROUP BY onegrade  [ RunTime:0.0020s ]

[ 2018-04-11T17:08:08+08:00 ] 127.0.0.1 /selfweba/admin.php
INFO: [ app_init ] --START--
INFO: Run Behavior\BuildLiteBehavior [ RunTime:0.000000s ]
INFO: [ app_init ] --END-- [ RunTime:0.001000s ]
INFO: [ app_begin ] --START--
INFO: Run Behavior\ReadHtmlCacheBehavior [ RunTime:0.000000s ]
INFO: [ app_begin ] --END-- [ RunTime:0.000000s ]
SQL: SHOW COLUMNS FROM `shell_info` [ RunTime:0.0020s ]
SQL: SELECT `onegrade` FROM `shell_info` GROUP BY onegrade  [ RunTime:0.0020s ]

[ 2018-04-11T17:08:20+08:00 ] 127.0.0.1 /selfweba/admin.php
INFO: [ app_init ] --START--
INFO: Run Behavior\BuildLiteBehavior [ RunTime:0.000000s ]
INFO: [ app_init ] --END-- [ RunTime:0.000000s ]
INFO: [ app_begin ] --START--
INFO: Run Behavior\ReadHtmlCacheBehavior [ RunTime:0.002000s ]
INFO: [ app_begin ] --END-- [ RunTime:0.002000s ]
SQL: SHOW COLUMNS FROM `shell_info` [ RunTime:0.0030s ]
SQL: SELECT `onegrade` FROM `shell_info` GROUP BY onegrade  [ RunTime:0.0060s ]

[ 2018-04-11T17:10:58+08:00 ] 127.0.0.1 /selfweba/admin.php
INFO: [ app_init ] --START--
INFO: Run Behavior\BuildLiteBehavior [ RunTime:0.000000s ]
INFO: [ app_init ] --END-- [ RunTime:0.000000s ]
INFO: [ app_begin ] --START--
INFO: Run Behavior\ReadHtmlCacheBehavior [ RunTime:0.001000s ]
INFO: [ app_begin ] --END-- [ RunTime:0.001000s ]
SQL: SHOW COLUMNS FROM `shell_info` [ RunTime:0.0030s ]
SQL: SELECT `onegrade` FROM `shell_info` GROUP BY onegrade  [ RunTime:0.0030s ]

[ 2018-04-11T17:11:30+08:00 ] 127.0.0.1 /selfweba/admin.php
INFO: [ app_init ] --START--
INFO: Run Behavior\BuildLiteBehavior [ RunTime:0.000000s ]
INFO: [ app_init ] --END-- [ RunTime:0.000000s ]
INFO: [ app_begin ] --START--
INFO: Run Behavior\ReadHtmlCacheBehavior [ RunTime:0.001000s ]
INFO: [ app_begin ] --END-- [ RunTime:0.001000s ]
SQL: SHOW COLUMNS FROM `shell_info` [ RunTime:0.0020s ]
SQL: SELECT `onegrade` FROM `shell_info` GROUP BY onegrade  [ RunTime:0.0110s ]

[ 2018-04-11T17:11:45+08:00 ] 127.0.0.1 /selfweba/admin.php
INFO: [ app_init ] --START--
INFO: Run Behavior\BuildLiteBehavior [ RunTime:0.000000s ]
INFO: [ app_init ] --END-- [ RunTime:0.000000s ]
INFO: [ app_begin ] --START--
INFO: Run Behavior\ReadHtmlCacheBehavior [ RunTime:0.001000s ]
INFO: [ app_begin ] --END-- [ RunTime:0.001000s ]
SQL: SHOW COLUMNS FROM `shell_info` [ RunTime:0.0020s ]
SQL: SELECT `onegrade` FROM `shell_info` GROUP BY onegrade  [ RunTime:0.0020s ]

[ 2018-04-11T17:12:23+08:00 ] 127.0.0.1 /selfweba/admin.php
INFO: [ app_init ] --START--
INFO: Run Behavior\BuildLiteBehavior [ RunTime:0.000000s ]
INFO: [ app_init ] --END-- [ RunTime:0.001000s ]
INFO: [ app_begin ] --START--
INFO: Run Behavior\ReadHtmlCacheBehavior [ RunTime:0.000000s ]
INFO: [ app_begin ] --END-- [ RunTime:0.000000s ]
SQL: SHOW COLUMNS FROM `shell_info` [ RunTime:0.0300s ]
SQL: SELECT `onegrade` FROM `shell_info` GROUP BY onegrade  [ RunTime:0.0020s ]

[ 2018-04-11T17:12:40+08:00 ] 127.0.0.1 /selfweba/admin.php
INFO: [ app_init ] --START--
INFO: Run Behavior\BuildLiteBehavior [ RunTime:0.000000s ]
INFO: [ app_init ] --END-- [ RunTime:0.001000s ]
INFO: [ app_begin ] --START--
INFO: Run Behavior\ReadHtmlCacheBehavior [ RunTime:0.000000s ]
INFO: [ app_begin ] --END-- [ RunTime:0.000000s ]
SQL: SHOW COLUMNS FROM `shell_info` [ RunTime:0.0120s ]
SQL: SELECT `onegrade` FROM `shell_info` GROUP BY onegrade  [ RunTime:0.0020s ]

[ 2018-04-11T17:12:53+08:00 ] 127.0.0.1 /selfweba/admin.php
INFO: [ app_init ] --START--
INFO: Run Behavior\BuildLiteBehavior [ RunTime:0.000000s ]
INFO: [ app_init ] --END-- [ RunTime:0.000000s ]
INFO: [ app_begin ] --START--
INFO: Run Behavior\ReadHtmlCacheBehavior [ RunTime:0.016000s ]
INFO: [ app_begin ] --END-- [ RunTime:0.016000s ]
SQL: SHOW COLUMNS FROM `shell_info` [ RunTime:0.0020s ]
SQL: SELECT `onegrade` FROM `shell_info` GROUP BY onegrade  [ RunTime:0.0040s ]

[ 2018-04-11T17:12:54+08:00 ] 127.0.0.1 /selfweba/admin.php
INFO: [ app_init ] --START--
INFO: Run Behavior\BuildLiteBehavior [ RunTime:0.000000s ]
INFO: [ app_init ] --END-- [ RunTime:0.000000s ]
INFO: [ app_begin ] --START--
INFO: Run Behavior\ReadHtmlCacheBehavior [ RunTime:0.001000s ]
INFO: [ app_begin ] --END-- [ RunTime:0.001000s ]
SQL: SHOW COLUMNS FROM `shell_info` [ RunTime:0.0030s ]
SQL: SELECT `onegrade` FROM `shell_info` GROUP BY onegrade  [ RunTime:0.0040s ]

[ 2018-04-11T17:13:15+08:00 ] 127.0.0.1 /selfweba/admin.php
INFO: [ app_init ] --START--
INFO: Run Behavior\BuildLiteBehavior [ RunTime:0.000000s ]
INFO: [ app_init ] --END-- [ RunTime:0.001000s ]
INFO: [ app_begin ] --START--
INFO: Run Behavior\ReadHtmlCacheBehavior [ RunTime:0.000000s ]
INFO: [ app_begin ] --END-- [ RunTime:0.001000s ]
SQL: SHOW COLUMNS FROM `shell_info` [ RunTime:0.0020s ]
SQL: SELECT `onegrade` FROM `shell_info` GROUP BY onegrade  [ RunTime:0.0020s ]

[ 2018-04-11T17:13:35+08:00 ] 127.0.0.1 /selfweba/admin.php
INFO: [ app_init ] --START--
INFO: Run Behavior\BuildLiteBehavior [ RunTime:0.000000s ]
INFO: [ app_init ] --END-- [ RunTime:0.002000s ]
INFO: [ app_begin ] --START--
INFO: Run Behavior\ReadHtmlCacheBehavior [ RunTime:0.024001s ]
INFO: [ app_begin ] --END-- [ RunTime:0.024001s ]
SQL: SHOW COLUMNS FROM `shell_info` [ RunTime:0.0280s ]
SQL: SELECT `onegrade` FROM `shell_info` GROUP BY onegrade  [ RunTime:0.0030s ]

[ 2018-04-11T17:15:29+08:00 ] 127.0.0.1 /selfweba/admin.php
INFO: [ app_init ] --START--
INFO: Run Behavior\BuildLiteBehavior [ RunTime:0.000000s ]
INFO: [ app_init ] --END-- [ RunTime:0.000000s ]
INFO: [ app_begin ] --START--
INFO: Run Behavior\ReadHtmlCacheBehavior [ RunTime:0.000000s ]
INFO: [ app_begin ] --END-- [ RunTime:0.000000s ]
SQL: SHOW COLUMNS FROM `shell_info` [ RunTime:0.0360s ]
SQL: SELECT `onegrade` FROM `shell_info` GROUP BY onegrade  [ RunTime:0.0120s ]

[ 2018-04-11T17:17:24+08:00 ] 127.0.0.1 /selfweba/admin.php
INFO: [ app_init ] --START--
INFO: Run Behavior\BuildLiteBehavior [ RunTime:0.000000s ]
INFO: [ app_init ] --END-- [ RunTime:0.000000s ]
INFO: [ app_begin ] --START--
INFO: Run Behavior\ReadHtmlCacheBehavior [ RunTime:0.000000s ]
INFO: [ app_begin ] --END-- [ RunTime:0.000000s ]
SQL: SHOW COLUMNS FROM `shell_info` [ RunTime:0.0020s ]
SQL: SELECT `onegrade` FROM `shell_info` GROUP BY onegrade  [ RunTime:0.0020s ]

[ 2018-04-11T17:17:56+08:00 ] 127.0.0.1 /selfweba/admin.php
INFO: [ app_init ] --START--
INFO: Run Behavior\BuildLiteBehavior [ RunTime:0.000000s ]
INFO: [ app_init ] --END-- [ RunTime:0.001000s ]
INFO: [ app_begin ] --START--
INFO: Run Behavior\ReadHtmlCacheBehavior [ RunTime:0.001000s ]
INFO: [ app_begin ] --END-- [ RunTime:0.001000s ]
SQL: SHOW COLUMNS FROM `shell_info` [ RunTime:0.0020s ]
SQL: SELECT `onegrade` FROM `shell_info` GROUP BY onegrade  [ RunTime:0.0030s ]

[ 2018-04-11T17:18:23+08:00 ] 127.0.0.1 /selfweba/admin.php
INFO: [ app_init ] --START--
INFO: Run Behavior\BuildLiteBehavior [ RunTime:0.000000s ]
INFO: [ app_init ] --END-- [ RunTime:0.001000s ]
INFO: [ app_begin ] --START--
INFO: Run Behavior\ReadHtmlCacheBehavior [ RunTime:0.001000s ]
INFO: [ app_begin ] --END-- [ RunTime:0.001000s ]
SQL: SHOW COLUMNS FROM `shell_info` [ RunTime:0.0040s ]
SQL: SELECT `onegrade` FROM `shell_info` GROUP BY onegrade  [ RunTime:0.0040s ]

[ 2018-04-11T17:19:34+08:00 ] 127.0.0.1 /selfweba/admin.php
INFO: [ app_init ] --START--
INFO: Run Behavior\BuildLiteBehavior [ RunTime:0.000000s ]
INFO: [ app_init ] --END-- [ RunTime:0.000000s ]
INFO: [ app_begin ] --START--
INFO: Run Behavior\ReadHtmlCacheBehavior [ RunTime:0.000000s ]
INFO: [ app_begin ] --END-- [ RunTime:0.000000s ]
SQL: SHOW COLUMNS FROM `shell_info` [ RunTime:0.0030s ]
SQL: SELECT `onegrade` FROM `shell_info` GROUP BY onegrade  [ RunTime:0.0020s ]

[ 2018-04-11T17:19:47+08:00 ] 127.0.0.1 /selfweba/admin.php
INFO: [ app_init ] --START--
INFO: Run Behavior\BuildLiteBehavior [ RunTime:0.000000s ]
INFO: [ app_init ] --END-- [ RunTime:0.000000s ]
INFO: [ app_begin ] --START--
INFO: Run Behavior\ReadHtmlCacheBehavior [ RunTime:0.000000s ]
INFO: [ app_begin ] --END-- [ RunTime:0.000000s ]
SQL: SHOW COLUMNS FROM `shell_info` [ RunTime:0.0020s ]
SQL: SELECT `onegrade` FROM `shell_info` GROUP BY onegrade  [ RunTime:0.0020s ]

[ 2018-04-11T17:19:50+08:00 ] 127.0.0.1 /selfweba/admin.php
INFO: [ app_init ] --START--
INFO: Run Behavior\BuildLiteBehavior [ RunTime:0.000000s ]
INFO: [ app_init ] --END-- [ RunTime:0.000000s ]
INFO: [ app_begin ] --START--
INFO: Run Behavior\ReadHtmlCacheBehavior [ RunTime:0.000000s ]
INFO: [ app_begin ] --END-- [ RunTime:0.000000s ]
SQL: SHOW COLUMNS FROM `shell_info` [ RunTime:0.0030s ]
SQL: SELECT `onegrade` FROM `shell_info` GROUP BY onegrade  [ RunTime:0.0080s ]

[ 2018-04-11T17:19:59+08:00 ] 127.0.0.1 /selfweba/admin.php
INFO: [ app_init ] --START--
INFO: Run Behavior\BuildLiteBehavior [ RunTime:0.000000s ]
INFO: [ app_init ] --END-- [ RunTime:0.000000s ]
INFO: [ app_begin ] --START--
INFO: Run Behavior\ReadHtmlCacheBehavior [ RunTime:0.001000s ]
INFO: [ app_begin ] --END-- [ RunTime:0.001000s ]
SQL: SHOW COLUMNS FROM `shell_info` [ RunTime:0.0090s ]
SQL: SELECT `onegrade` FROM `shell_info` GROUP BY onegrade  [ RunTime:0.0090s ]

[ 2018-04-11T17:20:01+08:00 ] 127.0.0.1 /selfweba/admin.php
INFO: [ app_init ] --START--
INFO: Run Behavior\BuildLiteBehavior [ RunTime:0.000000s ]
INFO: [ app_init ] --END-- [ RunTime:0.000000s ]
INFO: [ app_begin ] --START--
INFO: Run Behavior\ReadHtmlCacheBehavior [ RunTime:0.001000s ]
INFO: [ app_begin ] --END-- [ RunTime:0.001000s ]
SQL: SHOW COLUMNS FROM `shell_info` [ RunTime:0.0040s ]
SQL: SELECT `onegrade` FROM `shell_info` GROUP BY onegrade  [ RunTime:0.0020s ]

[ 2018-04-11T17:25:31+08:00 ] 127.0.0.1 /selfweba/admin.php
INFO: [ app_init ] --START--
INFO: Run Behavior\BuildLiteBehavior [ RunTime:0.000000s ]
INFO: [ app_init ] --END-- [ RunTime:0.000000s ]
INFO: [ app_begin ] --START--
INFO: Run Behavior\ReadHtmlCacheBehavior [ RunTime:0.000000s ]
INFO: [ app_begin ] --END-- [ RunTime:0.000000s ]
SQL: SHOW COLUMNS FROM `shell_info` [ RunTime:0.0060s ]
SQL: SELECT `onegrade` FROM `shell_info` GROUP BY onegrade  [ RunTime:0.0040s ]

[ 2018-04-11T17:25:50+08:00 ] 127.0.0.1 /selfweba/admin.php
INFO: [ app_init ] --START--
INFO: Run Behavior\BuildLiteBehavior [ RunTime:0.000000s ]
INFO: [ app_init ] --END-- [ RunTime:0.000000s ]
INFO: [ app_begin ] --START--
INFO: Run Behavior\ReadHtmlCacheBehavior [ RunTime:0.000000s ]
INFO: [ app_begin ] --END-- [ RunTime:0.000000s ]
SQL: SHOW COLUMNS FROM `shell_info` [ RunTime:0.0030s ]
SQL: SELECT `onegrade` FROM `shell_info` GROUP BY onegrade  [ RunTime:0.0030s ]

[ 2018-04-11T17:56:05+08:00 ] 127.0.0.1 /selfweba/admin.php
INFO: [ app_init ] --START--
INFO: Run Behavior\BuildLiteBehavior [ RunTime:0.000000s ]
INFO: [ app_init ] --END-- [ RunTime:0.000000s ]
INFO: [ app_begin ] --START--
INFO: Run Behavior\ReadHtmlCacheBehavior [ RunTime:0.000000s ]
INFO: [ app_begin ] --END-- [ RunTime:0.000000s ]
SQL: SHOW COLUMNS FROM `shell_info` [ RunTime:0.0030s ]
SQL: SELECT `onegrade` FROM `shell_info` GROUP BY onegrade  [ RunTime:0.0020s ]

[ 2018-04-11T18:01:03+08:00 ] 127.0.0.1 /selfweba/admin.php
INFO: [ app_init ] --START--
INFO: Run Behavior\BuildLiteBehavior [ RunTime:0.000000s ]
INFO: [ app_init ] --END-- [ RunTime:0.001000s ]
INFO: [ app_begin ] --START--
INFO: Run Behavior\ReadHtmlCacheBehavior [ RunTime:0.001000s ]
INFO: [ app_begin ] --END-- [ RunTime:0.001000s ]
SQL: SHOW COLUMNS FROM `shell_info` [ RunTime:0.0170s ]
SQL: SELECT `onegrade` FROM `shell_info` GROUP BY onegrade  [ RunTime:0.0010s ]

[ 2018-04-11T18:01:04+08:00 ] 127.0.0.1 /selfweba/admin.php
INFO: [ app_init ] --START--
INFO: Run Behavior\BuildLiteBehavior [ RunTime:0.000000s ]
INFO: [ app_init ] --END-- [ RunTime:0.001000s ]
INFO: [ app_begin ] --START--
INFO: Run Behavior\ReadHtmlCacheBehavior [ RunTime:0.000000s ]
INFO: [ app_begin ] --END-- [ RunTime:0.000000s ]
SQL: SHOW COLUMNS FROM `shell_info` [ RunTime:0.0030s ]
SQL: SELECT `onegrade` FROM `shell_info` GROUP BY onegrade  [ RunTime:0.0020s ]

[ 2018-04-11T18:03:52+08:00 ] 127.0.0.1 /selfweba/admin.php
INFO: [ app_init ] --START--
INFO: Run Behavior\BuildLiteBehavior [ RunTime:0.000000s ]
INFO: [ app_init ] --END-- [ RunTime:0.000000s ]
INFO: [ app_begin ] --START--
INFO: Run Behavior\ReadHtmlCacheBehavior [ RunTime:0.000000s ]
INFO: [ app_begin ] --END-- [ RunTime:0.000000s ]
SQL: SHOW COLUMNS FROM `shell_info` [ RunTime:0.0020s ]
SQL: SELECT `onegrade` FROM `shell_info` GROUP BY onegrade  [ RunTime:0.0010s ]

