[ 2018-04-16T15:42:51+08:00 ] 127.0.0.1 /selfweba/index.php/Admin/Index/getdetail?infoid=
INFO: [ app_init ] --START--
INFO: Run Behavior\BuildLiteBehavior [ RunTime:0.000000s ]
INFO: [ app_init ] --END-- [ RunTime:0.008000s ]
INFO: [ app_begin ] --START--
INFO: Run Behavior\ReadHtmlCacheBehavior [ RunTime:0.001000s ]
INFO: [ app_begin ] --END-- [ RunTime:0.001000s ]

[ 2018-04-16T15:42:57+08:00 ] 127.0.0.1 /selfweba/index.php/Admin/Index/getdetail?infoid=
INFO: [ app_init ] --START--
INFO: Run Behavior\BuildLiteBehavior [ RunTime:0.000000s ]
INFO: [ app_init ] --END-- [ RunTime:0.000000s ]
INFO: [ app_begin ] --START--
INFO: Run Behavior\ReadHtmlCacheBehavior [ RunTime:0.001000s ]
INFO: [ app_begin ] --END-- [ RunTime:0.001000s ]

[ 2018-04-16T15:43:02+08:00 ] 127.0.0.1 /selfweba/index.php/Admin/Index/getdetail?infoid=
INFO: [ app_init ] --START--
INFO: Run Behavior\BuildLiteBehavior [ RunTime:0.000000s ]
INFO: [ app_init ] --END-- [ RunTime:0.001000s ]
INFO: [ app_begin ] --START--
INFO: Run Behavior\ReadHtmlCacheBehavior [ RunTime:0.001000s ]
INFO: [ app_begin ] --END-- [ RunTime:0.001000s ]

[ 2018-04-16T15:43:32+08:00 ] 127.0.0.1 /selfweba/index.php/Admin/Index/inserart
INFO: [ app_init ] --START--
INFO: Run Behavior\BuildLiteBehavior [ RunTime:0.000000s ]
INFO: [ app_init ] --END-- [ RunTime:0.000000s ]
INFO: [ app_begin ] --START--
INFO: Run Behavior\ReadHtmlCacheBehavior [ RunTime:0.000000s ]
INFO: [ app_begin ] --END-- [ RunTime:0.000000s ]

[ 2018-04-16T15:43:58+08:00 ] 127.0.0.1 /selfweba/index.php/Admin/Index/inserart
INFO: [ app_init ] --START--
INFO: Run Behavior\BuildLiteBehavior [ RunTime:0.000000s ]
INFO: [ app_init ] --END-- [ RunTime:0.001001s ]
INFO: [ app_begin ] --START--
INFO: Run Behavior\ReadHtmlCacheBehavior [ RunTime:0.000000s ]
INFO: [ app_begin ] --END-- [ RunTime:0.000000s ]

[ 2018-04-16T15:44:25+08:00 ] 127.0.0.1 /selfweba/index.php/Admin/Index/inserart
INFO: [ app_init ] --START--
INFO: Run Behavior\BuildLiteBehavior [ RunTime:0.000000s ]
INFO: [ app_init ] --END-- [ RunTime:0.000000s ]
INFO: [ app_begin ] --START--
INFO: Run Behavior\ReadHtmlCacheBehavior [ RunTime:0.001000s ]
INFO: [ app_begin ] --END-- [ RunTime:0.001000s ]

[ 2018-04-16T15:44:54+08:00 ] 127.0.0.1 /selfweba/index.php/Admin/Index/inserart
INFO: [ app_init ] --START--
INFO: Run Behavior\BuildLiteBehavior [ RunTime:0.000000s ]
INFO: [ app_init ] --END-- [ RunTime:0.000000s ]
INFO: [ app_begin ] --START--
INFO: Run Behavior\ReadHtmlCacheBehavior [ RunTime:0.001000s ]
INFO: [ app_begin ] --END-- [ RunTime:0.001000s ]

[ 2018-04-16T15:45:07+08:00 ] 127.0.0.1 /selfweba/index.php/Admin/Index/inserart
INFO: [ app_init ] --START--
INFO: Run Behavior\BuildLiteBehavior [ RunTime:0.000000s ]
INFO: [ app_init ] --END-- [ RunTime:0.000000s ]
INFO: [ app_begin ] --START--
INFO: Run Behavior\ReadHtmlCacheBehavior [ RunTime:0.001001s ]
INFO: [ app_begin ] --END-- [ RunTime:0.001001s ]

[ 2018-04-16T15:45:13+08:00 ] 127.0.0.1 /selfweba/index.php/Admin/Index/inserart
INFO: [ app_init ] --START--
INFO: Run Behavior\BuildLiteBehavior [ RunTime:0.000000s ]
INFO: [ app_init ] --END-- [ RunTime:0.001000s ]
INFO: [ app_begin ] --START--
INFO: Run Behavior\ReadHtmlCacheBehavior [ RunTime:0.000000s ]
INFO: [ app_begin ] --END-- [ RunTime:0.000000s ]

[ 2018-04-16T15:45:29+08:00 ] 127.0.0.1 /selfweba/index.php/Admin/Index/inserart
INFO: [ app_init ] --START--
INFO: Run Behavior\BuildLiteBehavior [ RunTime:0.000000s ]
INFO: [ app_init ] --END-- [ RunTime:0.000000s ]
INFO: [ app_begin ] --START--
INFO: Run Behavior\ReadHtmlCacheBehavior [ RunTime:0.000000s ]
INFO: [ app_begin ] --END-- [ RunTime:0.000000s ]
SQL: SHOW COLUMNS FROM `shell_info` [ RunTime:0.0670s ]
NOTIC: [8] Undefined index: title F:\mysoft\xampp\htdocs\selfweba\Application\Admin\Controller\IndexController.class.php 第 9 行.
NOTIC: [8] Undefined index: content F:\mysoft\xampp\htdocs\selfweba\Application\Admin\Controller\IndexController.class.php 第 10 行.
ERR: 1048:Column 'title' cannot be null
 [ SQL语句 ] : INSERT INTO `shell_info` (`title`) VALUES (NULL)
ERR: 1048:Column 'title' cannot be null
 [ SQL语句 ] : INSERT INTO `shell_info` (`title`) VALUES (NULL)

[ 2018-04-16T15:46:19+08:00 ] 127.0.0.1 /selfweba/index.php/Admin/Index/inserart
INFO: [ app_init ] --START--
INFO: Run Behavior\BuildLiteBehavior [ RunTime:0.000000s ]
INFO: [ app_init ] --END-- [ RunTime:0.001000s ]
INFO: [ app_begin ] --START--
INFO: Run Behavior\ReadHtmlCacheBehavior [ RunTime:0.002000s ]
INFO: [ app_begin ] --END-- [ RunTime:0.003000s ]
SQL: SHOW COLUMNS FROM `shell_info` [ RunTime:0.0020s ]
NOTIC: [8] Undefined index: title F:\mysoft\xampp\htdocs\selfweba\Application\Admin\Controller\IndexController.class.php 第 9 行.
NOTIC: [8] Undefined index: content F:\mysoft\xampp\htdocs\selfweba\Application\Admin\Controller\IndexController.class.php 第 10 行.
ERR: 1054:Unknown column 'content' in 'field list'
 [ SQL语句 ] : INSERT INTO `shell_info` (`title`,`content`) VALUES (NULL,NULL)
ERR: 1054:Unknown column 'content' in 'field list'
 [ SQL语句 ] : INSERT INTO `shell_info` (`title`,`content`) VALUES (NULL,NULL)

[ 2018-04-16T15:47:41+08:00 ] 127.0.0.1 /selfweba/index.php/Admin/Index/inserart
INFO: [ app_init ] --START--
INFO: Run Behavior\BuildLiteBehavior [ RunTime:0.000000s ]
INFO: [ app_init ] --END-- [ RunTime:0.000000s ]
INFO: [ app_begin ] --START--
INFO: Run Behavior\ReadHtmlCacheBehavior [ RunTime:0.001000s ]
INFO: [ app_begin ] --END-- [ RunTime:0.001000s ]
SQL: SHOW COLUMNS FROM `shell_info` [ RunTime:0.0010s ]
NOTIC: [8] Undefined index: title F:\mysoft\xampp\htdocs\selfweba\Application\Admin\Controller\IndexController.class.php 第 9 行.
NOTIC: [8] Undefined index: content F:\mysoft\xampp\htdocs\selfweba\Application\Admin\Controller\IndexController.class.php 第 10 行.
ERR: 1048:Column 'title' cannot be null
 [ SQL语句 ] : INSERT INTO `shell_info` (`title`,`detail`) VALUES (NULL,NULL)
ERR: 1048:Column 'title' cannot be null
 [ SQL语句 ] : INSERT INTO `shell_info` (`title`,`detail`) VALUES (NULL,NULL)

[ 2018-04-16T15:47:57+08:00 ] 127.0.0.1 /selfweba/index.php/Admin/Index/inserart
INFO: [ app_init ] --START--
INFO: Run Behavior\BuildLiteBehavior [ RunTime:0.000000s ]
INFO: [ app_init ] --END-- [ RunTime:0.001000s ]
INFO: [ app_begin ] --START--
INFO: Run Behavior\ReadHtmlCacheBehavior [ RunTime:0.000000s ]
INFO: [ app_begin ] --END-- [ RunTime:0.000000s ]
SQL: SHOW COLUMNS FROM `shell_info` [ RunTime:0.0130s ]
NOTIC: [8] Undefined index: title F:\mysoft\xampp\htdocs\selfweba\Application\Admin\Controller\IndexController.class.php 第 9 行.
NOTIC: [8] Undefined index: content F:\mysoft\xampp\htdocs\selfweba\Application\Admin\Controller\IndexController.class.php 第 10 行.
ERR: 1048:Column 'title' cannot be null
 [ SQL语句 ] : INSERT INTO `shell_info` (`title`,`detail`) VALUES (NULL,NULL)
ERR: 1048:Column 'title' cannot be null
 [ SQL语句 ] : INSERT INTO `shell_info` (`title`,`detail`) VALUES (NULL,NULL)

[ 2018-04-16T15:48:52+08:00 ] 127.0.0.1 /selfweba/index.php/Admin/Index/inserart
INFO: [ app_init ] --START--
INFO: Run Behavior\BuildLiteBehavior [ RunTime:0.000000s ]
INFO: [ app_init ] --END-- [ RunTime:0.001000s ]
INFO: [ app_begin ] --START--
INFO: Run Behavior\ReadHtmlCacheBehavior [ RunTime:0.000000s ]
INFO: [ app_begin ] --END-- [ RunTime:0.000000s ]
SQL: SHOW COLUMNS FROM `shell_info` [ RunTime:0.0210s ]
NOTIC: [8] Undefined index: title F:\mysoft\xampp\htdocs\selfweba\Application\Admin\Controller\IndexController.class.php 第 9 行.
NOTIC: [8] Undefined index: content F:\mysoft\xampp\htdocs\selfweba\Application\Admin\Controller\IndexController.class.php 第 10 行.

[ 2018-04-16T15:49:01+08:00 ] 127.0.0.1 /selfweba/index.php/Admin/Index/inserart
INFO: [ app_init ] --START--
INFO: Run Behavior\BuildLiteBehavior [ RunTime:0.000000s ]
INFO: [ app_init ] --END-- [ RunTime:0.000000s ]
INFO: [ app_begin ] --START--
INFO: Run Behavior\ReadHtmlCacheBehavior [ RunTime:0.001000s ]
INFO: [ app_begin ] --END-- [ RunTime:0.001000s ]
SQL: SHOW COLUMNS FROM `shell_info` [ RunTime:0.0020s ]
NOTIC: [8] Undefined index: title F:\mysoft\xampp\htdocs\selfweba\Application\Admin\Controller\IndexController.class.php 第 9 行.
NOTIC: [8] Undefined index: content F:\mysoft\xampp\htdocs\selfweba\Application\Admin\Controller\IndexController.class.php 第 10 行.

[ 2018-04-16T15:50:11+08:00 ] 127.0.0.1 /selfweba/index.php/Admin/Index/inserart
INFO: [ app_init ] --START--
INFO: Run Behavior\BuildLiteBehavior [ RunTime:0.000000s ]
INFO: [ app_init ] --END-- [ RunTime:0.001000s ]
INFO: [ app_begin ] --START--
INFO: Run Behavior\ReadHtmlCacheBehavior [ RunTime:0.001000s ]
INFO: [ app_begin ] --END-- [ RunTime:0.001000s ]
SQL: SHOW COLUMNS FROM `shell_info` [ RunTime:0.0430s ]
NOTIC: [8] Undefined index: title F:\mysoft\xampp\htdocs\selfweba\Application\Admin\Controller\IndexController.class.php 第 9 行.
NOTIC: [8] Undefined index: content F:\mysoft\xampp\htdocs\selfweba\Application\Admin\Controller\IndexController.class.php 第 10 行.

[ 2018-04-16T15:50:17+08:00 ] 127.0.0.1 /selfweba/index.php/Admin/Index/inserart
INFO: [ app_init ] --START--
INFO: Run Behavior\BuildLiteBehavior [ RunTime:0.000000s ]
INFO: [ app_init ] --END-- [ RunTime:0.000000s ]
INFO: [ app_begin ] --START--
INFO: Run Behavior\ReadHtmlCacheBehavior [ RunTime:0.001000s ]
INFO: [ app_begin ] --END-- [ RunTime:0.001000s ]
SQL: SHOW COLUMNS FROM `shell_info` [ RunTime:0.0020s ]
NOTIC: [8] Undefined index: title F:\mysoft\xampp\htdocs\selfweba\Application\Admin\Controller\IndexController.class.php 第 9 行.
NOTIC: [8] Undefined index: content F:\mysoft\xampp\htdocs\selfweba\Application\Admin\Controller\IndexController.class.php 第 10 行.

