[ 2018-06-26T16:37:18+08:00 ] 127.0.0.1 /selfweba/index.php/Home/Index/index
INFO: [ app_init ] --START--
INFO: Run Behavior\BuildLiteBehavior [ RunTime:0.000000s ]
INFO: [ app_init ] --END-- [ RunTime:0.000000s ]
INFO: [ app_begin ] --START--
INFO: Run Behavior\ReadHtmlCacheBehavior [ RunTime:0.001000s ]
INFO: [ app_begin ] --END-- [ RunTime:0.001000s ]
SQL: SHOW COLUMNS FROM `shell_info` [ RunTime:0.1320s ]
SQL: SELECT `onegrade` FROM `shell_info` GROUP BY onegrade  [ RunTime:0.0030s ]

[ 2018-06-26T16:37:18+08:00 ] 127.0.0.1 /selfweba/index.php/Home/Index/getsecondnav?onenav=undefined
INFO: [ app_init ] --START--
INFO: Run Behavior\BuildLiteBehavior [ RunTime:0.000000s ]
INFO: [ app_init ] --END-- [ RunTime:0.000000s ]
INFO: [ app_begin ] --START--
INFO: Run Behavior\ReadHtmlCacheBehavior [ RunTime:0.000000s ]
INFO: [ app_begin ] --END-- [ RunTime:0.000000s ]
SQL: SHOW COLUMNS FROM `shell_info` [ RunTime:0.1340s ]
SQL: SELECT `twograde`,`id` FROM `shell_info` WHERE `onegrade` = 'undefined' GROUP BY twograde  [ RunTime:0.0220s ]

[ 2018-06-26T16:37:19+08:00 ] 127.0.0.1 /selfweba/index.php/Home/Index/index
INFO: [ app_init ] --START--
INFO: Run Behavior\BuildLiteBehavior [ RunTime:0.000000s ]
INFO: [ app_init ] --END-- [ RunTime:0.001000s ]
INFO: [ app_begin ] --START--
INFO: Run Behavior\ReadHtmlCacheBehavior [ RunTime:0.000000s ]
INFO: [ app_begin ] --END-- [ RunTime:0.000000s ]
SQL: SHOW COLUMNS FROM `shell_info` [ RunTime:0.0020s ]
SQL: SELECT `onegrade` FROM `shell_info` GROUP BY onegrade  [ RunTime:0.0010s ]

[ 2018-06-26T16:37:19+08:00 ] 127.0.0.1 /selfweba/index.php/Home/Index/getInfot?all=1&lea=0
INFO: [ app_init ] --START--
INFO: Run Behavior\BuildLiteBehavior [ RunTime:0.000000s ]
INFO: [ app_init ] --END-- [ RunTime:0.000000s ]
INFO: [ app_begin ] --START--
INFO: Run Behavior\ReadHtmlCacheBehavior [ RunTime:0.000000s ]
INFO: [ app_begin ] --END-- [ RunTime:0.000000s ]
SQL: SHOW COLUMNS FROM `shell_info` [ RunTime:0.0020s ]
SQL: SELECT * FROM `shell_info` WHERE `onegrade` = '1'  [ RunTime:0.0320s ]

[ 2018-06-26T16:37:19+08:00 ] 127.0.0.1 /selfweba/index.php/Home/Index/getsecondnav?onenav=1
INFO: [ app_init ] --START--
INFO: Run Behavior\BuildLiteBehavior [ RunTime:0.000000s ]
INFO: [ app_init ] --END-- [ RunTime:0.000000s ]
INFO: [ app_begin ] --START--
INFO: Run Behavior\ReadHtmlCacheBehavior [ RunTime:0.007001s ]
INFO: [ app_begin ] --END-- [ RunTime:0.007001s ]
SQL: SHOW COLUMNS FROM `shell_info` [ RunTime:0.0180s ]
SQL: SELECT `twograde`,`id` FROM `shell_info` WHERE `onegrade` = '1' GROUP BY twograde  [ RunTime:0.0020s ]

[ 2018-06-26T16:37:20+08:00 ] 127.0.0.1 /selfweba/index.php/Home/Index/getsecondnav?onenav=%E5%89%8D%E7%AB%AF
INFO: [ app_init ] --START--
INFO: Run Behavior\BuildLiteBehavior [ RunTime:0.000000s ]
INFO: [ app_init ] --END-- [ RunTime:0.000000s ]
INFO: [ app_begin ] --START--
INFO: Run Behavior\ReadHtmlCacheBehavior [ RunTime:0.000000s ]
INFO: [ app_begin ] --END-- [ RunTime:0.001000s ]
SQL: SHOW COLUMNS FROM `shell_info` [ RunTime:0.0010s ]
SQL: SELECT `twograde`,`id` FROM `shell_info` WHERE `onegrade` = '前端' GROUP BY twograde  [ RunTime:0.0010s ]

[ 2018-06-26T16:37:20+08:00 ] 127.0.0.1 /selfweba/index.php/Home/Index/index
INFO: [ app_init ] --START--
INFO: Run Behavior\BuildLiteBehavior [ RunTime:0.000000s ]
INFO: [ app_init ] --END-- [ RunTime:0.001000s ]
INFO: [ app_begin ] --START--
INFO: Run Behavior\ReadHtmlCacheBehavior [ RunTime:0.001000s ]
INFO: [ app_begin ] --END-- [ RunTime:0.001000s ]
SQL: SHOW COLUMNS FROM `shell_info` [ RunTime:0.0130s ]
SQL: SELECT `onegrade` FROM `shell_info` GROUP BY onegrade  [ RunTime:0.0030s ]

[ 2018-06-26T16:37:20+08:00 ] 127.0.0.1 /selfweba/index.php/Home/Index/getInfot?all=%E5%89%8D%E7%AB%AF&lea=0
INFO: [ app_init ] --START--
INFO: Run Behavior\BuildLiteBehavior [ RunTime:0.000000s ]
INFO: [ app_init ] --END-- [ RunTime:0.000000s ]
INFO: [ app_begin ] --START--
INFO: Run Behavior\ReadHtmlCacheBehavior [ RunTime:0.001000s ]
INFO: [ app_begin ] --END-- [ RunTime:0.001000s ]
SQL: SHOW COLUMNS FROM `shell_info` [ RunTime:0.0130s ]
SQL: SELECT * FROM `shell_info` WHERE `onegrade` = '前端'  [ RunTime:0.0010s ]

[ 2018-06-26T16:37:20+08:00 ] 127.0.0.1 /selfweba/index.php/Home/Index/index
INFO: [ app_init ] --START--
INFO: Run Behavior\BuildLiteBehavior [ RunTime:0.000000s ]
INFO: [ app_init ] --END-- [ RunTime:0.000000s ]
INFO: [ app_begin ] --START--
INFO: Run Behavior\ReadHtmlCacheBehavior [ RunTime:0.001000s ]
INFO: [ app_begin ] --END-- [ RunTime:0.001000s ]
SQL: SHOW COLUMNS FROM `shell_info` [ RunTime:0.0030s ]
SQL: SELECT `onegrade` FROM `shell_info` GROUP BY onegrade  [ RunTime:0.0020s ]

[ 2018-06-26T16:37:20+08:00 ] 127.0.0.1 /selfweba/index.php/Home/Index/getInfot?all=%E5%90%8E%E5%8F%B0&lea=0
INFO: [ app_init ] --START--
INFO: Run Behavior\BuildLiteBehavior [ RunTime:0.000000s ]
INFO: [ app_init ] --END-- [ RunTime:0.000000s ]
INFO: [ app_begin ] --START--
INFO: Run Behavior\ReadHtmlCacheBehavior [ RunTime:0.001000s ]
INFO: [ app_begin ] --END-- [ RunTime:0.001000s ]
SQL: SHOW COLUMNS FROM `shell_info` [ RunTime:0.0020s ]
SQL: SELECT * FROM `shell_info` WHERE `onegrade` = '后台'  [ RunTime:0.0010s ]

[ 2018-06-26T16:37:20+08:00 ] 127.0.0.1 /selfweba/index.php/Home/Index/getsecondnav?onenav=%E5%90%8E%E5%8F%B0
INFO: [ app_init ] --START--
INFO: Run Behavior\BuildLiteBehavior [ RunTime:0.000000s ]
INFO: [ app_init ] --END-- [ RunTime:0.000000s ]
INFO: [ app_begin ] --START--
INFO: Run Behavior\ReadHtmlCacheBehavior [ RunTime:0.000000s ]
INFO: [ app_begin ] --END-- [ RunTime:0.000000s ]
SQL: SHOW COLUMNS FROM `shell_info` [ RunTime:0.0030s ]
SQL: SELECT `twograde`,`id` FROM `shell_info` WHERE `onegrade` = '后台' GROUP BY twograde  [ RunTime:0.0020s ]

[ 2018-06-26T16:37:21+08:00 ] 127.0.0.1 /selfweba/index.php/Home/Index/index
INFO: [ app_init ] --START--
INFO: Run Behavior\BuildLiteBehavior [ RunTime:0.000000s ]
INFO: [ app_init ] --END-- [ RunTime:0.000000s ]
INFO: [ app_begin ] --START--
INFO: Run Behavior\ReadHtmlCacheBehavior [ RunTime:0.000000s ]
INFO: [ app_begin ] --END-- [ RunTime:0.000000s ]
SQL: SHOW COLUMNS FROM `shell_info` [ RunTime:0.0020s ]
SQL: SELECT `onegrade` FROM `shell_info` GROUP BY onegrade  [ RunTime:0.0020s ]

[ 2018-06-26T16:37:21+08:00 ] 127.0.0.1 /selfweba/index.php/Home/Index/getsecondnav?onenav=%E8%82%A4%E8%89%B2%E6%9A%97%E8%AE%BF
INFO: [ app_init ] --START--
INFO: Run Behavior\BuildLiteBehavior [ RunTime:0.000000s ]
INFO: [ app_init ] --END-- [ RunTime:0.000000s ]
INFO: [ app_begin ] --START--
INFO: Run Behavior\ReadHtmlCacheBehavior [ RunTime:0.001000s ]
INFO: [ app_begin ] --END-- [ RunTime:0.001000s ]
SQL: SHOW COLUMNS FROM `shell_info` [ RunTime:0.0010s ]
SQL: SELECT `twograde`,`id` FROM `shell_info` WHERE `onegrade` = '肤色暗访' GROUP BY twograde  [ RunTime:0.0020s ]

[ 2018-06-26T16:37:21+08:00 ] 127.0.0.1 /selfweba/index.php/Home/Index/getInfot?all=%E8%82%A4%E8%89%B2%E6%9A%97%E8%AE%BF&lea=0
INFO: [ app_init ] --START--
INFO: Run Behavior\BuildLiteBehavior [ RunTime:0.000000s ]
INFO: [ app_init ] --END-- [ RunTime:0.000000s ]
INFO: [ app_begin ] --START--
INFO: Run Behavior\ReadHtmlCacheBehavior [ RunTime:0.000000s ]
INFO: [ app_begin ] --END-- [ RunTime:0.000000s ]
SQL: SHOW COLUMNS FROM `shell_info` [ RunTime:0.0010s ]
SQL: SELECT * FROM `shell_info` WHERE `onegrade` = '肤色暗访'  [ RunTime:0.0000s ]

[ 2018-06-26T16:37:22+08:00 ] 127.0.0.1 /selfweba/index.php/Home/Index/index
INFO: [ app_init ] --START--
INFO: Run Behavior\BuildLiteBehavior [ RunTime:0.000000s ]
INFO: [ app_init ] --END-- [ RunTime:0.001000s ]
INFO: [ app_begin ] --START--
INFO: Run Behavior\ReadHtmlCacheBehavior [ RunTime:0.000000s ]
INFO: [ app_begin ] --END-- [ RunTime:0.000000s ]
SQL: SHOW COLUMNS FROM `shell_info` [ RunTime:0.0010s ]
SQL: SELECT `onegrade` FROM `shell_info` GROUP BY onegrade  [ RunTime:0.0020s ]

[ 2018-06-26T16:37:22+08:00 ] 127.0.0.1 /selfweba/index.php/Home/Index/getsecondnav?onenav=%E5%90%8E%E5%8F%B0
INFO: [ app_init ] --START--
INFO: Run Behavior\BuildLiteBehavior [ RunTime:0.000000s ]
INFO: [ app_init ] --END-- [ RunTime:0.000000s ]
INFO: [ app_begin ] --START--
INFO: Run Behavior\ReadHtmlCacheBehavior [ RunTime:0.000000s ]
INFO: [ app_begin ] --END-- [ RunTime:0.000000s ]
SQL: SHOW COLUMNS FROM `shell_info` [ RunTime:0.0030s ]
SQL: SELECT `twograde`,`id` FROM `shell_info` WHERE `onegrade` = '后台' GROUP BY twograde  [ RunTime:0.0010s ]

[ 2018-06-26T16:37:22+08:00 ] 127.0.0.1 /selfweba/index.php/Home/Index/getInfot?all=%E5%90%8E%E5%8F%B0&lea=0
INFO: [ app_init ] --START--
INFO: Run Behavior\BuildLiteBehavior [ RunTime:0.000000s ]
INFO: [ app_init ] --END-- [ RunTime:0.000000s ]
INFO: [ app_begin ] --START--
INFO: Run Behavior\ReadHtmlCacheBehavior [ RunTime:0.000000s ]
INFO: [ app_begin ] --END-- [ RunTime:0.000000s ]
SQL: SHOW COLUMNS FROM `shell_info` [ RunTime:0.0160s ]
SQL: SELECT * FROM `shell_info` WHERE `onegrade` = '后台'  [ RunTime:0.0000s ]

[ 2018-06-26T16:37:22+08:00 ] 127.0.0.1 /selfweba/index.php/Home/Index/getInfot?all=python&lea=1
INFO: [ app_init ] --START--
INFO: Run Behavior\BuildLiteBehavior [ RunTime:0.000000s ]
INFO: [ app_init ] --END-- [ RunTime:0.000000s ]
INFO: [ app_begin ] --START--
INFO: Run Behavior\ReadHtmlCacheBehavior [ RunTime:0.000000s ]
INFO: [ app_begin ] --END-- [ RunTime:0.000000s ]
SQL: SHOW COLUMNS FROM `shell_info` [ RunTime:0.0020s ]
SQL: SELECT * FROM `shell_info` WHERE `twograde` = 'python'  [ RunTime:0.0010s ]

[ 2018-06-26T16:37:22+08:00 ] 127.0.0.1 /selfweba/index.php/Home/Index/index
INFO: [ app_init ] --START--
INFO: Run Behavior\BuildLiteBehavior [ RunTime:0.001000s ]
INFO: [ app_init ] --END-- [ RunTime:0.001000s ]
INFO: [ app_begin ] --START--
INFO: Run Behavior\ReadHtmlCacheBehavior [ RunTime:0.000000s ]
INFO: [ app_begin ] --END-- [ RunTime:0.000000s ]
SQL: SHOW COLUMNS FROM `shell_info` [ RunTime:0.0040s ]
SQL: SELECT `onegrade` FROM `shell_info` GROUP BY onegrade  [ RunTime:0.0020s ]

[ 2018-06-26T16:37:22+08:00 ] 127.0.0.1 /selfweba/index.php/Home/Index/getsecondnav?onenav=%E5%90%8E%E5%8F%B0
INFO: [ app_init ] --START--
INFO: Run Behavior\BuildLiteBehavior [ RunTime:0.000000s ]
INFO: [ app_init ] --END-- [ RunTime:0.000000s ]
INFO: [ app_begin ] --START--
INFO: Run Behavior\ReadHtmlCacheBehavior [ RunTime:0.000000s ]
INFO: [ app_begin ] --END-- [ RunTime:0.000000s ]
SQL: SHOW COLUMNS FROM `shell_info` [ RunTime:0.0020s ]
SQL: SELECT `twograde`,`id` FROM `shell_info` WHERE `onegrade` = '后台' GROUP BY twograde  [ RunTime:0.0030s ]

[ 2018-06-26T16:37:23+08:00 ] 127.0.0.1 /selfweba/index.php/Home/Index/getsecondnav?onenav=undefined
INFO: [ app_init ] --START--
INFO: Run Behavior\BuildLiteBehavior [ RunTime:0.000000s ]
INFO: [ app_init ] --END-- [ RunTime:0.001000s ]
INFO: [ app_begin ] --START--
INFO: Run Behavior\ReadHtmlCacheBehavior [ RunTime:0.001001s ]
INFO: [ app_begin ] --END-- [ RunTime:0.001001s ]
SQL: SHOW COLUMNS FROM `shell_info` [ RunTime:0.0030s ]
SQL: SELECT `twograde`,`id` FROM `shell_info` WHERE `onegrade` = 'undefined' GROUP BY twograde  [ RunTime:0.0010s ]

[ 2018-06-26T16:37:23+08:00 ] 127.0.0.1 /selfweba/index.php/Home/Index/getdetail?infoid=167
INFO: [ app_init ] --START--
INFO: Run Behavior\BuildLiteBehavior [ RunTime:0.000000s ]
INFO: [ app_init ] --END-- [ RunTime:0.000000s ]
INFO: [ app_begin ] --START--
INFO: Run Behavior\ReadHtmlCacheBehavior [ RunTime:0.000000s ]
INFO: [ app_begin ] --END-- [ RunTime:0.000000s ]
SQL: SHOW COLUMNS FROM `shell_info` [ RunTime:0.0020s ]
SQL: SELECT `detail`,`id` FROM `shell_info` WHERE `id` = 167 LIMIT 1   [ RunTime:0.0000s ]

[ 2018-06-26T16:37:23+08:00 ] 127.0.0.1 /selfweba/index.php/Home/Index/index
INFO: [ app_init ] --START--
INFO: Run Behavior\BuildLiteBehavior [ RunTime:0.000000s ]
INFO: [ app_init ] --END-- [ RunTime:0.000000s ]
INFO: [ app_begin ] --START--
INFO: Run Behavior\ReadHtmlCacheBehavior [ RunTime:0.000000s ]
INFO: [ app_begin ] --END-- [ RunTime:0.000000s ]
SQL: SHOW COLUMNS FROM `shell_info` [ RunTime:0.0030s ]
SQL: SELECT `onegrade` FROM `shell_info` GROUP BY onegrade  [ RunTime:0.0010s ]

[ 2018-06-26T16:37:24+08:00 ] 127.0.0.1 /selfweba/index.php/Home/Index/geturlpas
INFO: [ app_init ] --START--
INFO: Run Behavior\BuildLiteBehavior [ RunTime:0.000000s ]
INFO: [ app_init ] --END-- [ RunTime:0.000000s ]
INFO: [ app_begin ] --START--
INFO: Run Behavior\ReadHtmlCacheBehavior [ RunTime:0.000000s ]
INFO: [ app_begin ] --END-- [ RunTime:0.000000s ]
SQL: SHOW COLUMNS FROM `shell_info` [ RunTime:0.0010s ]
SQL: SELECT arturl as url,artpas as pas,id as u_id FROM `shell_info` WHERE `id` = null LIMIT 1   [ RunTime:0.0210s ]

[ 2018-06-26T16:37:24+08:00 ] 127.0.0.1 /selfweba/index.php/Home/Index/geturlpas
INFO: [ app_init ] --START--
INFO: Run Behavior\BuildLiteBehavior [ RunTime:0.000000s ]
INFO: [ app_init ] --END-- [ RunTime:0.001000s ]
INFO: [ app_begin ] --START--
INFO: Run Behavior\ReadHtmlCacheBehavior [ RunTime:0.000000s ]
INFO: [ app_begin ] --END-- [ RunTime:0.000000s ]
SQL: SHOW COLUMNS FROM `shell_info` [ RunTime:0.0010s ]
SQL: SELECT arturl as url,artpas as pas,id as u_id FROM `shell_info` WHERE `id` = 167 LIMIT 1   [ RunTime:0.0010s ]

[ 2018-06-26T16:37:26+08:00 ] 127.0.0.1 /selfweba/index.php/Home/Index/getInfot?all=1&lea=0
INFO: [ app_init ] --START--
INFO: Run Behavior\BuildLiteBehavior [ RunTime:0.000000s ]
INFO: [ app_init ] --END-- [ RunTime:0.000000s ]
INFO: [ app_begin ] --START--
INFO: Run Behavior\ReadHtmlCacheBehavior [ RunTime:0.000000s ]
INFO: [ app_begin ] --END-- [ RunTime:0.000000s ]
SQL: SHOW COLUMNS FROM `shell_info` [ RunTime:0.0040s ]
SQL: SELECT * FROM `shell_info` WHERE `onegrade` = '1'  [ RunTime:0.0010s ]

[ 2018-06-26T16:37:26+08:00 ] 127.0.0.1 /selfweba/index.php/Home/Index/index
INFO: [ app_init ] --START--
INFO: Run Behavior\BuildLiteBehavior [ RunTime:0.000000s ]
INFO: [ app_init ] --END-- [ RunTime:0.001000s ]
INFO: [ app_begin ] --START--
INFO: Run Behavior\ReadHtmlCacheBehavior [ RunTime:0.000000s ]
INFO: [ app_begin ] --END-- [ RunTime:0.000000s ]
SQL: SHOW COLUMNS FROM `shell_info` [ RunTime:0.0010s ]
SQL: SELECT `onegrade` FROM `shell_info` GROUP BY onegrade  [ RunTime:0.0010s ]

[ 2018-06-26T16:37:26+08:00 ] 127.0.0.1 /selfweba/index.php/Home/Index/getsecondnav?onenav=1
INFO: [ app_init ] --START--
INFO: Run Behavior\BuildLiteBehavior [ RunTime:0.000000s ]
INFO: [ app_init ] --END-- [ RunTime:0.000000s ]
INFO: [ app_begin ] --START--
INFO: Run Behavior\ReadHtmlCacheBehavior [ RunTime:0.000000s ]
INFO: [ app_begin ] --END-- [ RunTime:0.000000s ]
SQL: SHOW COLUMNS FROM `shell_info` [ RunTime:0.0020s ]
SQL: SELECT `twograde`,`id` FROM `shell_info` WHERE `onegrade` = '1' GROUP BY twograde  [ RunTime:0.0010s ]

[ 2018-06-26T16:37:27+08:00 ] 127.0.0.1 /selfweba/index.php/Home/Index/getsecondnav?onenav=undefined
INFO: [ app_init ] --START--
INFO: Run Behavior\BuildLiteBehavior [ RunTime:0.000000s ]
INFO: [ app_init ] --END-- [ RunTime:0.000000s ]
INFO: [ app_begin ] --START--
INFO: Run Behavior\ReadHtmlCacheBehavior [ RunTime:0.000000s ]
INFO: [ app_begin ] --END-- [ RunTime:0.000000s ]
SQL: SHOW COLUMNS FROM `shell_info` [ RunTime:0.0010s ]
SQL: SELECT `twograde`,`id` FROM `shell_info` WHERE `onegrade` = 'undefined' GROUP BY twograde  [ RunTime:0.0010s ]

[ 2018-06-26T16:37:27+08:00 ] 127.0.0.1 /selfweba/index.php/Home/Index/index
INFO: [ app_init ] --START--
INFO: Run Behavior\BuildLiteBehavior [ RunTime:0.000000s ]
INFO: [ app_init ] --END-- [ RunTime:0.000000s ]
INFO: [ app_begin ] --START--
INFO: Run Behavior\ReadHtmlCacheBehavior [ RunTime:0.000000s ]
INFO: [ app_begin ] --END-- [ RunTime:0.000000s ]
SQL: SHOW COLUMNS FROM `shell_info` [ RunTime:0.0010s ]
SQL: SELECT `onegrade` FROM `shell_info` GROUP BY onegrade  [ RunTime:0.0020s ]

[ 2018-06-26T16:37:28+08:00 ] 127.0.0.1 /selfweba/index.php/Home/Index/getInfot?all=1&lea=0
INFO: [ app_init ] --START--
INFO: Run Behavior\BuildLiteBehavior [ RunTime:0.000000s ]
INFO: [ app_init ] --END-- [ RunTime:0.000000s ]
INFO: [ app_begin ] --START--
INFO: Run Behavior\ReadHtmlCacheBehavior [ RunTime:0.000000s ]
INFO: [ app_begin ] --END-- [ RunTime:0.000000s ]
SQL: SHOW COLUMNS FROM `shell_info` [ RunTime:0.0020s ]
SQL: SELECT * FROM `shell_info` WHERE `onegrade` = '1'  [ RunTime:0.0010s ]

[ 2018-06-26T16:37:28+08:00 ] 127.0.0.1 /selfweba/index.php/Home/Index/getsecondnav?onenav=1
INFO: [ app_init ] --START--
INFO: Run Behavior\BuildLiteBehavior [ RunTime:0.000000s ]
INFO: [ app_init ] --END-- [ RunTime:0.000000s ]
INFO: [ app_begin ] --START--
INFO: Run Behavior\ReadHtmlCacheBehavior [ RunTime:0.000000s ]
INFO: [ app_begin ] --END-- [ RunTime:0.000000s ]
SQL: SHOW COLUMNS FROM `shell_info` [ RunTime:0.0020s ]
SQL: SELECT `twograde`,`id` FROM `shell_info` WHERE `onegrade` = '1' GROUP BY twograde  [ RunTime:0.0020s ]

[ 2018-06-26T16:37:28+08:00 ] 127.0.0.1 /selfweba/index.php/Home/Index/index
INFO: [ app_init ] --START--
INFO: Run Behavior\BuildLiteBehavior [ RunTime:0.000000s ]
INFO: [ app_init ] --END-- [ RunTime:0.000000s ]
INFO: [ app_begin ] --START--
INFO: Run Behavior\ReadHtmlCacheBehavior [ RunTime:0.000000s ]
INFO: [ app_begin ] --END-- [ RunTime:0.000000s ]
SQL: SHOW COLUMNS FROM `shell_info` [ RunTime:0.0020s ]
SQL: SELECT `onegrade` FROM `shell_info` GROUP BY onegrade  [ RunTime:0.0020s ]

[ 2018-06-26T16:37:28+08:00 ] 127.0.0.1 /selfweba/index.php/Home/Index/getsecondnav?onenav=%E5%89%8D%E7%AB%AF
INFO: [ app_init ] --START--
INFO: Run Behavior\BuildLiteBehavior [ RunTime:0.001000s ]
INFO: [ app_init ] --END-- [ RunTime:0.001000s ]
INFO: [ app_begin ] --START--
INFO: Run Behavior\ReadHtmlCacheBehavior [ RunTime:0.000000s ]
INFO: [ app_begin ] --END-- [ RunTime:0.000000s ]
SQL: SHOW COLUMNS FROM `shell_info` [ RunTime:0.0020s ]
SQL: SELECT `twograde`,`id` FROM `shell_info` WHERE `onegrade` = '前端' GROUP BY twograde  [ RunTime:0.0010s ]

[ 2018-06-26T16:37:28+08:00 ] 127.0.0.1 /selfweba/index.php/Home/Index/index
INFO: [ app_init ] --START--
INFO: Run Behavior\BuildLiteBehavior [ RunTime:0.000000s ]
INFO: [ app_init ] --END-- [ RunTime:0.000000s ]
INFO: [ app_begin ] --START--
INFO: Run Behavior\ReadHtmlCacheBehavior [ RunTime:0.001000s ]
INFO: [ app_begin ] --END-- [ RunTime:0.001000s ]
SQL: SHOW COLUMNS FROM `shell_info` [ RunTime:0.0020s ]
SQL: SELECT `onegrade` FROM `shell_info` GROUP BY onegrade  [ RunTime:0.0010s ]

[ 2018-06-26T16:37:28+08:00 ] 127.0.0.1 /selfweba/index.php/Home/Index/getInfot?all=%E5%89%8D%E7%AB%AF&lea=0
INFO: [ app_init ] --START--
INFO: Run Behavior\BuildLiteBehavior [ RunTime:0.000000s ]
INFO: [ app_init ] --END-- [ RunTime:0.000000s ]
INFO: [ app_begin ] --START--
INFO: Run Behavior\ReadHtmlCacheBehavior [ RunTime:0.000000s ]
INFO: [ app_begin ] --END-- [ RunTime:0.000000s ]
SQL: SHOW COLUMNS FROM `shell_info` [ RunTime:0.0030s ]
SQL: SELECT * FROM `shell_info` WHERE `onegrade` = '前端'  [ RunTime:0.0010s ]

[ 2018-06-26T16:37:29+08:00 ] 127.0.0.1 /selfweba/index.php/Home/Index/index
INFO: [ app_init ] --START--
INFO: Run Behavior\BuildLiteBehavior [ RunTime:0.000000s ]
INFO: [ app_init ] --END-- [ RunTime:0.000000s ]
INFO: [ app_begin ] --START--
INFO: Run Behavior\ReadHtmlCacheBehavior [ RunTime:0.000000s ]
INFO: [ app_begin ] --END-- [ RunTime:0.000000s ]
SQL: SHOW COLUMNS FROM `shell_info` [ RunTime:0.0020s ]
SQL: SELECT `onegrade` FROM `shell_info` GROUP BY onegrade  [ RunTime:0.0010s ]

[ 2018-06-26T16:37:29+08:00 ] 127.0.0.1 /selfweba/index.php/Home/Index/getsecondnav?onenav=%E5%89%8D%E7%AB%AF
INFO: [ app_init ] --START--
INFO: Run Behavior\BuildLiteBehavior [ RunTime:0.000000s ]
INFO: [ app_init ] --END-- [ RunTime:0.001000s ]
INFO: [ app_begin ] --START--
INFO: Run Behavior\ReadHtmlCacheBehavior [ RunTime:0.000000s ]
INFO: [ app_begin ] --END-- [ RunTime:0.000000s ]
SQL: SHOW COLUMNS FROM `shell_info` [ RunTime:0.0010s ]
SQL: SELECT `twograde`,`id` FROM `shell_info` WHERE `onegrade` = '前端' GROUP BY twograde  [ RunTime:0.0020s ]

[ 2018-06-26T16:37:29+08:00 ] 127.0.0.1 /selfweba/index.php/Home/Index/getInfot?all=css2&lea=1
INFO: [ app_init ] --START--
INFO: Run Behavior\BuildLiteBehavior [ RunTime:0.000000s ]
INFO: [ app_init ] --END-- [ RunTime:0.000000s ]
INFO: [ app_begin ] --START--
INFO: Run Behavior\ReadHtmlCacheBehavior [ RunTime:0.001000s ]
INFO: [ app_begin ] --END-- [ RunTime:0.001000s ]
SQL: SHOW COLUMNS FROM `shell_info` [ RunTime:0.0070s ]
SQL: SELECT * FROM `shell_info` WHERE `twograde` = 'css2'  [ RunTime:0.0120s ]

[ 2018-06-26T16:37:30+08:00 ] 127.0.0.1 /selfweba/index.php/Home/Index/getsecondnav?onenav=%E5%89%8D%E7%AB%AF
INFO: [ app_init ] --START--
INFO: Run Behavior\BuildLiteBehavior [ RunTime:0.000000s ]
INFO: [ app_init ] --END-- [ RunTime:0.000000s ]
INFO: [ app_begin ] --START--
INFO: Run Behavior\ReadHtmlCacheBehavior [ RunTime:0.000000s ]
INFO: [ app_begin ] --END-- [ RunTime:0.000000s ]
SQL: SHOW COLUMNS FROM `shell_info` [ RunTime:0.0050s ]
SQL: SELECT `twograde`,`id` FROM `shell_info` WHERE `onegrade` = '前端' GROUP BY twograde  [ RunTime:0.0020s ]

[ 2018-06-26T16:37:30+08:00 ] 127.0.0.1 /selfweba/index.php/Home/Index/getInfot?all=canvas&lea=1
INFO: [ app_init ] --START--
INFO: Run Behavior\BuildLiteBehavior [ RunTime:0.000000s ]
INFO: [ app_init ] --END-- [ RunTime:0.000000s ]
INFO: [ app_begin ] --START--
INFO: Run Behavior\ReadHtmlCacheBehavior [ RunTime:0.001000s ]
INFO: [ app_begin ] --END-- [ RunTime:0.001000s ]
SQL: SHOW COLUMNS FROM `shell_info` [ RunTime:0.0050s ]
SQL: SELECT * FROM `shell_info` WHERE `twograde` = 'canvas'  [ RunTime:0.0010s ]

[ 2018-06-26T16:37:30+08:00 ] 127.0.0.1 /selfweba/index.php/Home/Index/index
INFO: [ app_init ] --START--
INFO: Run Behavior\BuildLiteBehavior [ RunTime:0.000000s ]
INFO: [ app_init ] --END-- [ RunTime:0.000000s ]
INFO: [ app_begin ] --START--
INFO: Run Behavior\ReadHtmlCacheBehavior [ RunTime:0.001000s ]
INFO: [ app_begin ] --END-- [ RunTime:0.001000s ]
SQL: SHOW COLUMNS FROM `shell_info` [ RunTime:0.0010s ]
SQL: SELECT `onegrade` FROM `shell_info` GROUP BY onegrade  [ RunTime:0.0010s ]

[ 2018-06-26T16:37:30+08:00 ] 127.0.0.1 /selfweba/index.php/Home/Index/index
INFO: [ app_init ] --START--
INFO: Run Behavior\BuildLiteBehavior [ RunTime:0.000000s ]
INFO: [ app_init ] --END-- [ RunTime:0.000000s ]
INFO: [ app_begin ] --START--
INFO: Run Behavior\ReadHtmlCacheBehavior [ RunTime:0.000000s ]
INFO: [ app_begin ] --END-- [ RunTime:0.000000s ]
SQL: SHOW COLUMNS FROM `shell_info` [ RunTime:0.0010s ]
SQL: SELECT `onegrade` FROM `shell_info` GROUP BY onegrade  [ RunTime:0.0010s ]

[ 2018-06-26T16:37:30+08:00 ] 127.0.0.1 /selfweba/index.php/Home/Index/getInfot?all=web&lea=1
INFO: [ app_init ] --START--
INFO: Run Behavior\BuildLiteBehavior [ RunTime:0.000000s ]
INFO: [ app_init ] --END-- [ RunTime:0.000000s ]
INFO: [ app_begin ] --START--
INFO: Run Behavior\ReadHtmlCacheBehavior [ RunTime:0.000000s ]
INFO: [ app_begin ] --END-- [ RunTime:0.000000s ]
SQL: SHOW COLUMNS FROM `shell_info` [ RunTime:0.0040s ]
SQL: SELECT * FROM `shell_info` WHERE `twograde` = 'web'  [ RunTime:0.0000s ]

[ 2018-06-26T16:37:30+08:00 ] 127.0.0.1 /selfweba/index.php/Home/Index/getsecondnav?onenav=%E5%89%8D%E7%AB%AF
INFO: [ app_init ] --START--
INFO: Run Behavior\BuildLiteBehavior [ RunTime:0.000000s ]
INFO: [ app_init ] --END-- [ RunTime:0.000000s ]
INFO: [ app_begin ] --START--
INFO: Run Behavior\ReadHtmlCacheBehavior [ RunTime:0.000000s ]
INFO: [ app_begin ] --END-- [ RunTime:0.000000s ]
SQL: SHOW COLUMNS FROM `shell_info` [ RunTime:0.0030s ]
SQL: SELECT `twograde`,`id` FROM `shell_info` WHERE `onegrade` = '前端' GROUP BY twograde  [ RunTime:0.0020s ]

[ 2018-06-26T16:37:32+08:00 ] 127.0.0.1 /selfweba/index.php/Home/Index/getsecondnav?onenav=%E8%82%A4%E8%89%B2%E6%9A%97%E8%AE%BF
INFO: [ app_init ] --START--
INFO: Run Behavior\BuildLiteBehavior [ RunTime:0.000000s ]
INFO: [ app_init ] --END-- [ RunTime:0.000000s ]
INFO: [ app_begin ] --START--
INFO: Run Behavior\ReadHtmlCacheBehavior [ RunTime:0.000000s ]
INFO: [ app_begin ] --END-- [ RunTime:0.000000s ]
SQL: SHOW COLUMNS FROM `shell_info` [ RunTime:0.0020s ]
SQL: SELECT `twograde`,`id` FROM `shell_info` WHERE `onegrade` = '肤色暗访' GROUP BY twograde  [ RunTime:0.0030s ]

[ 2018-06-26T16:37:32+08:00 ] 127.0.0.1 /selfweba/index.php/Home/Index/index
INFO: [ app_init ] --START--
INFO: Run Behavior\BuildLiteBehavior [ RunTime:0.000000s ]
INFO: [ app_init ] --END-- [ RunTime:0.000000s ]
INFO: [ app_begin ] --START--
INFO: Run Behavior\ReadHtmlCacheBehavior [ RunTime:0.001000s ]
INFO: [ app_begin ] --END-- [ RunTime:0.001000s ]
SQL: SHOW COLUMNS FROM `shell_info` [ RunTime:0.0030s ]
SQL: SELECT `onegrade` FROM `shell_info` GROUP BY onegrade  [ RunTime:0.0040s ]

[ 2018-06-26T16:37:32+08:00 ] 127.0.0.1 /selfweba/index.php/Home/Index/getInfot?all=%E8%82%A4%E8%89%B2%E6%9A%97%E8%AE%BF&lea=0
INFO: [ app_init ] --START--
INFO: Run Behavior\BuildLiteBehavior [ RunTime:0.000000s ]
INFO: [ app_init ] --END-- [ RunTime:0.000000s ]
INFO: [ app_begin ] --START--
INFO: Run Behavior\ReadHtmlCacheBehavior [ RunTime:0.001000s ]
INFO: [ app_begin ] --END-- [ RunTime:0.001000s ]
SQL: SHOW COLUMNS FROM `shell_info` [ RunTime:0.0010s ]
SQL: SELECT * FROM `shell_info` WHERE `onegrade` = '肤色暗访'  [ RunTime:0.0010s ]

[ 2018-06-26T16:37:32+08:00 ] 127.0.0.1 /selfweba/index.php/Home/Index/getsecondnav?onenav=%E5%90%8E%E5%8F%B0
INFO: [ app_init ] --START--
INFO: Run Behavior\BuildLiteBehavior [ RunTime:0.000000s ]
INFO: [ app_init ] --END-- [ RunTime:0.000000s ]
INFO: [ app_begin ] --START--
INFO: Run Behavior\ReadHtmlCacheBehavior [ RunTime:0.000000s ]
INFO: [ app_begin ] --END-- [ RunTime:0.000000s ]
SQL: SHOW COLUMNS FROM `shell_info` [ RunTime:0.0040s ]
SQL: SELECT `twograde`,`id` FROM `shell_info` WHERE `onegrade` = '后台' GROUP BY twograde  [ RunTime:0.0010s ]

[ 2018-06-26T16:37:32+08:00 ] 127.0.0.1 /selfweba/index.php/Home/Index/getInfot?all=%E5%90%8E%E5%8F%B0&lea=0
INFO: [ app_init ] --START--
INFO: Run Behavior\BuildLiteBehavior [ RunTime:0.000000s ]
INFO: [ app_init ] --END-- [ RunTime:0.001000s ]
INFO: [ app_begin ] --START--
INFO: Run Behavior\ReadHtmlCacheBehavior [ RunTime:0.001000s ]
INFO: [ app_begin ] --END-- [ RunTime:0.001000s ]
SQL: SHOW COLUMNS FROM `shell_info` [ RunTime:0.0040s ]
SQL: SELECT * FROM `shell_info` WHERE `onegrade` = '后台'  [ RunTime:0.0010s ]

[ 2018-06-26T16:37:32+08:00 ] 127.0.0.1 /selfweba/index.php/Home/Index/index
INFO: [ app_init ] --START--
INFO: Run Behavior\BuildLiteBehavior [ RunTime:0.000000s ]
INFO: [ app_init ] --END-- [ RunTime:0.001000s ]
INFO: [ app_begin ] --START--
INFO: Run Behavior\ReadHtmlCacheBehavior [ RunTime:0.000000s ]
INFO: [ app_begin ] --END-- [ RunTime:0.000000s ]
SQL: SHOW COLUMNS FROM `shell_info` [ RunTime:0.0020s ]
SQL: SELECT `onegrade` FROM `shell_info` GROUP BY onegrade  [ RunTime:0.0050s ]

[ 2018-06-26T16:37:33+08:00 ] 127.0.0.1 /selfweba/index.php/Home/Index/getsecondnav?onenav=%E5%90%8E%E5%8F%B0
INFO: [ app_init ] --START--
INFO: Run Behavior\BuildLiteBehavior [ RunTime:0.000000s ]
INFO: [ app_init ] --END-- [ RunTime:0.001000s ]
INFO: [ app_begin ] --START--
INFO: Run Behavior\ReadHtmlCacheBehavior [ RunTime:0.000000s ]
INFO: [ app_begin ] --END-- [ RunTime:0.000000s ]
SQL: SHOW COLUMNS FROM `shell_info` [ RunTime:0.0010s ]
SQL: SELECT `twograde`,`id` FROM `shell_info` WHERE `onegrade` = '后台' GROUP BY twograde  [ RunTime:0.0010s ]

[ 2018-06-26T16:37:33+08:00 ] 127.0.0.1 /selfweba/index.php/Home/Index/index
INFO: [ app_init ] --START--
INFO: Run Behavior\BuildLiteBehavior [ RunTime:0.000000s ]
INFO: [ app_init ] --END-- [ RunTime:0.000000s ]
INFO: [ app_begin ] --START--
INFO: Run Behavior\ReadHtmlCacheBehavior [ RunTime:0.000000s ]
INFO: [ app_begin ] --END-- [ RunTime:0.000000s ]
SQL: SHOW COLUMNS FROM `shell_info` [ RunTime:0.0030s ]
SQL: SELECT `onegrade` FROM `shell_info` GROUP BY onegrade  [ RunTime:0.0020s ]

[ 2018-06-26T16:37:33+08:00 ] 127.0.0.1 /selfweba/index.php/Home/Index/getInfot?all=python&lea=1
INFO: [ app_init ] --START--
INFO: Run Behavior\BuildLiteBehavior [ RunTime:0.000000s ]
INFO: [ app_init ] --END-- [ RunTime:0.000000s ]
INFO: [ app_begin ] --START--
INFO: Run Behavior\ReadHtmlCacheBehavior [ RunTime:0.007000s ]
INFO: [ app_begin ] --END-- [ RunTime:0.007000s ]
SQL: SHOW COLUMNS FROM `shell_info` [ RunTime:0.0020s ]
SQL: SELECT * FROM `shell_info` WHERE `twograde` = 'python'  [ RunTime:0.0020s ]

[ 2018-06-26T16:37:33+08:00 ] 127.0.0.1 /selfweba/index.php/Home/Index/index
INFO: [ app_init ] --START--
INFO: Run Behavior\BuildLiteBehavior [ RunTime:0.000000s ]
INFO: [ app_init ] --END-- [ RunTime:0.001000s ]
INFO: [ app_begin ] --START--
INFO: Run Behavior\ReadHtmlCacheBehavior [ RunTime:0.000000s ]
INFO: [ app_begin ] --END-- [ RunTime:0.000000s ]
SQL: SHOW COLUMNS FROM `shell_info` [ RunTime:0.0020s ]
SQL: SELECT `onegrade` FROM `shell_info` GROUP BY onegrade  [ RunTime:0.0010s ]

[ 2018-06-26T16:37:33+08:00 ] 127.0.0.1 /selfweba/index.php/Home/Index/getsecondnav?onenav=%E8%82%A4%E8%89%B2%E6%9A%97%E8%AE%BF
INFO: [ app_init ] --START--
INFO: Run Behavior\BuildLiteBehavior [ RunTime:0.000000s ]
INFO: [ app_init ] --END-- [ RunTime:0.000000s ]
INFO: [ app_begin ] --START--
INFO: Run Behavior\ReadHtmlCacheBehavior [ RunTime:0.000000s ]
INFO: [ app_begin ] --END-- [ RunTime:0.000000s ]
SQL: SHOW COLUMNS FROM `shell_info` [ RunTime:0.0010s ]
SQL: SELECT `twograde`,`id` FROM `shell_info` WHERE `onegrade` = '肤色暗访' GROUP BY twograde  [ RunTime:0.0020s ]

[ 2018-06-26T16:37:33+08:00 ] 127.0.0.1 /selfweba/index.php/Home/Index/getInfot?all=%E8%82%A4%E8%89%B2%E6%9A%97%E8%AE%BF&lea=0
INFO: [ app_init ] --START--
INFO: Run Behavior\BuildLiteBehavior [ RunTime:0.000000s ]
INFO: [ app_init ] --END-- [ RunTime:0.001000s ]
INFO: [ app_begin ] --START--
INFO: Run Behavior\ReadHtmlCacheBehavior [ RunTime:0.001000s ]
INFO: [ app_begin ] --END-- [ RunTime:0.001000s ]
SQL: SHOW COLUMNS FROM `shell_info` [ RunTime:0.0040s ]
SQL: SELECT * FROM `shell_info` WHERE `onegrade` = '肤色暗访'  [ RunTime:0.0000s ]

[ 2018-06-26T16:37:34+08:00 ] 127.0.0.1 /selfweba/index.php/Home/Index/getInfot?all=%E5%8F%91%E9%98%BF%E7%91%9F%E5%8F%91&lea=1
INFO: [ app_init ] --START--
INFO: Run Behavior\BuildLiteBehavior [ RunTime:0.000000s ]
INFO: [ app_init ] --END-- [ RunTime:0.001000s ]
INFO: [ app_begin ] --START--
INFO: Run Behavior\ReadHtmlCacheBehavior [ RunTime:0.000000s ]
INFO: [ app_begin ] --END-- [ RunTime:0.000000s ]
SQL: SHOW COLUMNS FROM `shell_info` [ RunTime:0.0030s ]
SQL: SELECT * FROM `shell_info` WHERE `twograde` = '发阿瑟发'  [ RunTime:0.0010s ]

[ 2018-06-26T16:37:34+08:00 ] 127.0.0.1 /selfweba/index.php/Home/Index/index
INFO: [ app_init ] --START--
INFO: Run Behavior\BuildLiteBehavior [ RunTime:0.000000s ]
INFO: [ app_init ] --END-- [ RunTime:0.001000s ]
INFO: [ app_begin ] --START--
INFO: Run Behavior\ReadHtmlCacheBehavior [ RunTime:0.001000s ]
INFO: [ app_begin ] --END-- [ RunTime:0.001000s ]
SQL: SHOW COLUMNS FROM `shell_info` [ RunTime:0.0020s ]
SQL: SELECT `onegrade` FROM `shell_info` GROUP BY onegrade  [ RunTime:0.0010s ]

[ 2018-06-26T16:37:34+08:00 ] 127.0.0.1 /selfweba/index.php/Home/Index/getsecondnav?onenav=%E8%82%A4%E8%89%B2%E6%9A%97%E8%AE%BF
INFO: [ app_init ] --START--
INFO: Run Behavior\BuildLiteBehavior [ RunTime:0.000000s ]
INFO: [ app_init ] --END-- [ RunTime:0.000000s ]
INFO: [ app_begin ] --START--
INFO: Run Behavior\ReadHtmlCacheBehavior [ RunTime:0.001000s ]
INFO: [ app_begin ] --END-- [ RunTime:0.001000s ]
SQL: SHOW COLUMNS FROM `shell_info` [ RunTime:0.0010s ]
SQL: SELECT `twograde`,`id` FROM `shell_info` WHERE `onegrade` = '肤色暗访' GROUP BY twograde  [ RunTime:0.0020s ]

[ 2018-06-26T16:37:36+08:00 ] 127.0.0.1 /selfweba/index.php/Home/Index/getdetail?infoid=170
INFO: [ app_init ] --START--
INFO: Run Behavior\BuildLiteBehavior [ RunTime:0.000000s ]
INFO: [ app_init ] --END-- [ RunTime:0.001001s ]
INFO: [ app_begin ] --START--
INFO: Run Behavior\ReadHtmlCacheBehavior [ RunTime:0.000000s ]
INFO: [ app_begin ] --END-- [ RunTime:0.000000s ]
SQL: SHOW COLUMNS FROM `shell_info` [ RunTime:0.0020s ]
SQL: SELECT `detail`,`id` FROM `shell_info` WHERE `id` = 170 LIMIT 1   [ RunTime:0.0000s ]

[ 2018-06-26T16:37:36+08:00 ] 127.0.0.1 /selfweba/index.php/Home/Index/getsecondnav?onenav=undefined
INFO: [ app_init ] --START--
INFO: Run Behavior\BuildLiteBehavior [ RunTime:0.000000s ]
INFO: [ app_init ] --END-- [ RunTime:0.000000s ]
INFO: [ app_begin ] --START--
INFO: Run Behavior\ReadHtmlCacheBehavior [ RunTime:0.000000s ]
INFO: [ app_begin ] --END-- [ RunTime:0.000000s ]
SQL: SHOW COLUMNS FROM `shell_info` [ RunTime:0.0020s ]
SQL: SELECT `twograde`,`id` FROM `shell_info` WHERE `onegrade` = 'undefined' GROUP BY twograde  [ RunTime:0.0010s ]

[ 2018-06-26T16:37:36+08:00 ] 127.0.0.1 /selfweba/index.php/Home/Index/index
INFO: [ app_init ] --START--
INFO: Run Behavior\BuildLiteBehavior [ RunTime:0.000000s ]
INFO: [ app_init ] --END-- [ RunTime:0.000000s ]
INFO: [ app_begin ] --START--
INFO: Run Behavior\ReadHtmlCacheBehavior [ RunTime:0.000000s ]
INFO: [ app_begin ] --END-- [ RunTime:0.000000s ]
SQL: SHOW COLUMNS FROM `shell_info` [ RunTime:0.0030s ]
SQL: SELECT `onegrade` FROM `shell_info` GROUP BY onegrade  [ RunTime:0.0010s ]

[ 2018-06-26T16:37:37+08:00 ] 127.0.0.1 /selfweba/index.php/Home/Index/geturlpas
INFO: [ app_init ] --START--
INFO: Run Behavior\BuildLiteBehavior [ RunTime:0.000000s ]
INFO: [ app_init ] --END-- [ RunTime:0.000000s ]
INFO: [ app_begin ] --START--
INFO: Run Behavior\ReadHtmlCacheBehavior [ RunTime:0.001000s ]
INFO: [ app_begin ] --END-- [ RunTime:0.001000s ]
SQL: SHOW COLUMNS FROM `shell_info` [ RunTime:0.0020s ]
SQL: SELECT arturl as url,artpas as pas,id as u_id FROM `shell_info` WHERE `id` = null LIMIT 1   [ RunTime:0.0000s ]

[ 2018-06-26T16:37:37+08:00 ] 127.0.0.1 /selfweba/index.php/Home/Index/geturlpas
INFO: [ app_init ] --START--
INFO: Run Behavior\BuildLiteBehavior [ RunTime:0.000000s ]
INFO: [ app_init ] --END-- [ RunTime:0.000000s ]
INFO: [ app_begin ] --START--
INFO: Run Behavior\ReadHtmlCacheBehavior [ RunTime:0.000000s ]
INFO: [ app_begin ] --END-- [ RunTime:0.000000s ]
SQL: SHOW COLUMNS FROM `shell_info` [ RunTime:0.0020s ]
SQL: SELECT arturl as url,artpas as pas,id as u_id FROM `shell_info` WHERE `id` = 170 LIMIT 1   [ RunTime:0.0000s ]

[ 2018-06-26T16:37:40+08:00 ] 127.0.0.1 /selfweba/index.php/Home/Index/index
INFO: [ app_init ] --START--
INFO: Run Behavior\BuildLiteBehavior [ RunTime:0.000000s ]
INFO: [ app_init ] --END-- [ RunTime:0.000000s ]
INFO: [ app_begin ] --START--
INFO: Run Behavior\ReadHtmlCacheBehavior [ RunTime:0.001000s ]
INFO: [ app_begin ] --END-- [ RunTime:0.001000s ]
SQL: SHOW COLUMNS FROM `shell_info` [ RunTime:0.0030s ]
SQL: SELECT `onegrade` FROM `shell_info` GROUP BY onegrade  [ RunTime:0.0020s ]

[ 2018-06-26T16:37:40+08:00 ] 127.0.0.1 /selfweba/index.php/Home/Index/getsecondnav?onenav=undefined
INFO: [ app_init ] --START--
INFO: Run Behavior\BuildLiteBehavior [ RunTime:0.000000s ]
INFO: [ app_init ] --END-- [ RunTime:0.000000s ]
INFO: [ app_begin ] --START--
INFO: Run Behavior\ReadHtmlCacheBehavior [ RunTime:0.000000s ]
INFO: [ app_begin ] --END-- [ RunTime:0.000000s ]
SQL: SHOW COLUMNS FROM `shell_info` [ RunTime:0.0020s ]
SQL: SELECT `twograde`,`id` FROM `shell_info` WHERE `onegrade` = 'undefined' GROUP BY twograde  [ RunTime:0.0030s ]

[ 2018-06-26T16:37:41+08:00 ] 127.0.0.1 /selfweba/index.php/Home/Index/index
INFO: [ app_init ] --START--
INFO: Run Behavior\BuildLiteBehavior [ RunTime:0.000000s ]
INFO: [ app_init ] --END-- [ RunTime:0.000000s ]
INFO: [ app_begin ] --START--
INFO: Run Behavior\ReadHtmlCacheBehavior [ RunTime:0.001000s ]
INFO: [ app_begin ] --END-- [ RunTime:0.001000s ]
SQL: SHOW COLUMNS FROM `shell_info` [ RunTime:0.0010s ]
SQL: SELECT `onegrade` FROM `shell_info` GROUP BY onegrade  [ RunTime:0.0010s ]

[ 2018-06-26T16:37:41+08:00 ] 127.0.0.1 /selfweba/index.php/Home/Index/getsecondnav?onenav=1
INFO: [ app_init ] --START--
INFO: Run Behavior\BuildLiteBehavior [ RunTime:0.000000s ]
INFO: [ app_init ] --END-- [ RunTime:0.000000s ]
INFO: [ app_begin ] --START--
INFO: Run Behavior\ReadHtmlCacheBehavior [ RunTime:0.001000s ]
INFO: [ app_begin ] --END-- [ RunTime:0.001000s ]
SQL: SHOW COLUMNS FROM `shell_info` [ RunTime:0.0010s ]
SQL: SELECT `twograde`,`id` FROM `shell_info` WHERE `onegrade` = '1' GROUP BY twograde  [ RunTime:0.0090s ]

[ 2018-06-26T16:37:41+08:00 ] 127.0.0.1 /selfweba/index.php/Home/Index/getInfot?all=1&lea=0
INFO: [ app_init ] --START--
INFO: Run Behavior\BuildLiteBehavior [ RunTime:0.000000s ]
INFO: [ app_init ] --END-- [ RunTime:0.000000s ]
INFO: [ app_begin ] --START--
INFO: Run Behavior\ReadHtmlCacheBehavior [ RunTime:0.000000s ]
INFO: [ app_begin ] --END-- [ RunTime:0.000000s ]
SQL: SHOW COLUMNS FROM `shell_info` [ RunTime:0.0100s ]
SQL: SELECT * FROM `shell_info` WHERE `onegrade` = '1'  [ RunTime:0.0000s ]

[ 2018-06-26T16:37:41+08:00 ] 127.0.0.1 /selfweba/index.php/Home/Index/index
INFO: [ app_init ] --START--
INFO: Run Behavior\BuildLiteBehavior [ RunTime:0.001000s ]
INFO: [ app_init ] --END-- [ RunTime:0.001000s ]
INFO: [ app_begin ] --START--
INFO: Run Behavior\ReadHtmlCacheBehavior [ RunTime:0.000000s ]
INFO: [ app_begin ] --END-- [ RunTime:0.000000s ]
SQL: SHOW COLUMNS FROM `shell_info` [ RunTime:0.0030s ]
SQL: SELECT `onegrade` FROM `shell_info` GROUP BY onegrade  [ RunTime:0.0010s ]

[ 2018-06-26T16:37:41+08:00 ] 127.0.0.1 /selfweba/index.php/Home/Index/getInfot?all=%E5%89%8D%E7%AB%AF&lea=0
INFO: [ app_init ] --START--
INFO: Run Behavior\BuildLiteBehavior [ RunTime:0.000000s ]
INFO: [ app_init ] --END-- [ RunTime:0.000000s ]
INFO: [ app_begin ] --START--
INFO: Run Behavior\ReadHtmlCacheBehavior [ RunTime:0.000000s ]
INFO: [ app_begin ] --END-- [ RunTime:0.000000s ]
SQL: SHOW COLUMNS FROM `shell_info` [ RunTime:0.0030s ]
SQL: SELECT * FROM `shell_info` WHERE `onegrade` = '前端'  [ RunTime:0.0010s ]

[ 2018-06-26T16:37:41+08:00 ] 127.0.0.1 /selfweba/index.php/Home/Index/getsecondnav?onenav=%E5%89%8D%E7%AB%AF
INFO: [ app_init ] --START--
INFO: Run Behavior\BuildLiteBehavior [ RunTime:0.000000s ]
INFO: [ app_init ] --END-- [ RunTime:0.000000s ]
INFO: [ app_begin ] --START--
INFO: Run Behavior\ReadHtmlCacheBehavior [ RunTime:0.000000s ]
INFO: [ app_begin ] --END-- [ RunTime:0.000000s ]
SQL: SHOW COLUMNS FROM `shell_info` [ RunTime:0.0030s ]
SQL: SELECT `twograde`,`id` FROM `shell_info` WHERE `onegrade` = '前端' GROUP BY twograde  [ RunTime:0.0010s ]

[ 2018-06-26T16:37:41+08:00 ] 127.0.0.1 /selfweba/index.php/Home/Index/getsecondnav?onenav=%E5%90%8E%E5%8F%B0
INFO: [ app_init ] --START--
INFO: Run Behavior\BuildLiteBehavior [ RunTime:0.000000s ]
INFO: [ app_init ] --END-- [ RunTime:0.000000s ]
INFO: [ app_begin ] --START--
INFO: Run Behavior\ReadHtmlCacheBehavior [ RunTime:0.001000s ]
INFO: [ app_begin ] --END-- [ RunTime:0.001000s ]
SQL: SHOW COLUMNS FROM `shell_info` [ RunTime:0.0020s ]
SQL: SELECT `twograde`,`id` FROM `shell_info` WHERE `onegrade` = '后台' GROUP BY twograde  [ RunTime:0.0020s ]

[ 2018-06-26T16:37:41+08:00 ] 127.0.0.1 /selfweba/index.php/Home/Index/index
INFO: [ app_init ] --START--
INFO: Run Behavior\BuildLiteBehavior [ RunTime:0.000000s ]
INFO: [ app_init ] --END-- [ RunTime:0.001000s ]
INFO: [ app_begin ] --START--
INFO: Run Behavior\ReadHtmlCacheBehavior [ RunTime:0.000000s ]
INFO: [ app_begin ] --END-- [ RunTime:0.000000s ]
SQL: SHOW COLUMNS FROM `shell_info` [ RunTime:0.0010s ]
SQL: SELECT `onegrade` FROM `shell_info` GROUP BY onegrade  [ RunTime:0.0040s ]

[ 2018-06-26T16:37:41+08:00 ] 127.0.0.1 /selfweba/index.php/Home/Index/getInfot?all=%E5%90%8E%E5%8F%B0&lea=0
INFO: [ app_init ] --START--
INFO: Run Behavior\BuildLiteBehavior [ RunTime:0.000000s ]
INFO: [ app_init ] --END-- [ RunTime:0.000000s ]
INFO: [ app_begin ] --START--
INFO: Run Behavior\ReadHtmlCacheBehavior [ RunTime:0.000000s ]
INFO: [ app_begin ] --END-- [ RunTime:0.000000s ]
SQL: SHOW COLUMNS FROM `shell_info` [ RunTime:0.0010s ]
SQL: SELECT * FROM `shell_info` WHERE `onegrade` = '后台'  [ RunTime:0.0010s ]

[ 2018-06-26T16:37:42+08:00 ] 127.0.0.1 /selfweba/index.php/Home/Index/getInfot?all=%E8%82%A4%E8%89%B2%E6%9A%97%E8%AE%BF&lea=0
INFO: [ app_init ] --START--
INFO: Run Behavior\BuildLiteBehavior [ RunTime:0.000000s ]
INFO: [ app_init ] --END-- [ RunTime:0.000000s ]
INFO: [ app_begin ] --START--
INFO: Run Behavior\ReadHtmlCacheBehavior [ RunTime:0.000000s ]
INFO: [ app_begin ] --END-- [ RunTime:0.000000s ]
SQL: SHOW COLUMNS FROM `shell_info` [ RunTime:0.0020s ]
SQL: SELECT * FROM `shell_info` WHERE `onegrade` = '肤色暗访'  [ RunTime:0.0000s ]

[ 2018-06-26T16:37:42+08:00 ] 127.0.0.1 /selfweba/index.php/Home/Index/index
INFO: [ app_init ] --START--
INFO: Run Behavior\BuildLiteBehavior [ RunTime:0.000000s ]
INFO: [ app_init ] --END-- [ RunTime:0.001001s ]
INFO: [ app_begin ] --START--
INFO: Run Behavior\ReadHtmlCacheBehavior [ RunTime:0.000000s ]
INFO: [ app_begin ] --END-- [ RunTime:0.000000s ]
SQL: SHOW COLUMNS FROM `shell_info` [ RunTime:0.0010s ]
SQL: SELECT `onegrade` FROM `shell_info` GROUP BY onegrade  [ RunTime:0.0010s ]

[ 2018-06-26T16:37:42+08:00 ] 127.0.0.1 /selfweba/index.php/Home/Index/getsecondnav?onenav=%E8%82%A4%E8%89%B2%E6%9A%97%E8%AE%BF
INFO: [ app_init ] --START--
INFO: Run Behavior\BuildLiteBehavior [ RunTime:0.000000s ]
INFO: [ app_init ] --END-- [ RunTime:0.000000s ]
INFO: [ app_begin ] --START--
INFO: Run Behavior\ReadHtmlCacheBehavior [ RunTime:0.000000s ]
INFO: [ app_begin ] --END-- [ RunTime:0.000000s ]
SQL: SHOW COLUMNS FROM `shell_info` [ RunTime:0.0020s ]
SQL: SELECT `twograde`,`id` FROM `shell_info` WHERE `onegrade` = '肤色暗访' GROUP BY twograde  [ RunTime:0.0030s ]

[ 2018-06-26T16:37:42+08:00 ] 127.0.0.1 /selfweba/index.php/Home/Index/getsecondnav?onenav=%E5%90%8E%E5%8F%B0
INFO: [ app_init ] --START--
INFO: Run Behavior\BuildLiteBehavior [ RunTime:0.000000s ]
INFO: [ app_init ] --END-- [ RunTime:0.000000s ]
INFO: [ app_begin ] --START--
INFO: Run Behavior\ReadHtmlCacheBehavior [ RunTime:0.000000s ]
INFO: [ app_begin ] --END-- [ RunTime:0.000000s ]
SQL: SHOW COLUMNS FROM `shell_info` [ RunTime:0.0020s ]
SQL: SELECT `twograde`,`id` FROM `shell_info` WHERE `onegrade` = '后台' GROUP BY twograde  [ RunTime:0.0010s ]

[ 2018-06-26T16:37:42+08:00 ] 127.0.0.1 /selfweba/index.php/Home/Index/index
INFO: [ app_init ] --START--
INFO: Run Behavior\BuildLiteBehavior [ RunTime:0.000000s ]
INFO: [ app_init ] --END-- [ RunTime:0.001000s ]
INFO: [ app_begin ] --START--
INFO: Run Behavior\ReadHtmlCacheBehavior [ RunTime:0.000000s ]
INFO: [ app_begin ] --END-- [ RunTime:0.000000s ]
SQL: SHOW COLUMNS FROM `shell_info` [ RunTime:0.0020s ]
SQL: SELECT `onegrade` FROM `shell_info` GROUP BY onegrade  [ RunTime:0.0010s ]

[ 2018-06-26T16:37:42+08:00 ] 127.0.0.1 /selfweba/index.php/Home/Index/getInfot?all=%E5%90%8E%E5%8F%B0&lea=0
INFO: [ app_init ] --START--
INFO: Run Behavior\BuildLiteBehavior [ RunTime:0.000000s ]
INFO: [ app_init ] --END-- [ RunTime:0.000000s ]
INFO: [ app_begin ] --START--
INFO: Run Behavior\ReadHtmlCacheBehavior [ RunTime:0.000000s ]
INFO: [ app_begin ] --END-- [ RunTime:0.001000s ]
SQL: SHOW COLUMNS FROM `shell_info` [ RunTime:0.0020s ]
SQL: SELECT * FROM `shell_info` WHERE `onegrade` = '后台'  [ RunTime:0.0010s ]

[ 2018-06-26T16:37:43+08:00 ] 127.0.0.1 /selfweba/index.php/Home/Index/getsecondnav?onenav=%E5%89%8D%E7%AB%AF
INFO: [ app_init ] --START--
INFO: Run Behavior\BuildLiteBehavior [ RunTime:0.000000s ]
INFO: [ app_init ] --END-- [ RunTime:0.000000s ]
INFO: [ app_begin ] --START--
INFO: Run Behavior\ReadHtmlCacheBehavior [ RunTime:0.000000s ]
INFO: [ app_begin ] --END-- [ RunTime:0.000000s ]
SQL: SHOW COLUMNS FROM `shell_info` [ RunTime:0.0020s ]
SQL: SELECT `twograde`,`id` FROM `shell_info` WHERE `onegrade` = '前端' GROUP BY twograde  [ RunTime:0.0010s ]

[ 2018-06-26T16:37:43+08:00 ] 127.0.0.1 /selfweba/index.php/Home/Index/index
INFO: [ app_init ] --START--
INFO: Run Behavior\BuildLiteBehavior [ RunTime:0.000000s ]
INFO: [ app_init ] --END-- [ RunTime:0.000000s ]
INFO: [ app_begin ] --START--
INFO: Run Behavior\ReadHtmlCacheBehavior [ RunTime:0.001000s ]
INFO: [ app_begin ] --END-- [ RunTime:0.001000s ]
SQL: SHOW COLUMNS FROM `shell_info` [ RunTime:0.0010s ]
SQL: SELECT `onegrade` FROM `shell_info` GROUP BY onegrade  [ RunTime:0.0020s ]

[ 2018-06-26T16:37:43+08:00 ] 127.0.0.1 /selfweba/index.php/Home/Index/getInfot?all=%E5%89%8D%E7%AB%AF&lea=0
INFO: [ app_init ] --START--
INFO: Run Behavior\BuildLiteBehavior [ RunTime:0.000000s ]
INFO: [ app_init ] --END-- [ RunTime:0.001000s ]
INFO: [ app_begin ] --START--
INFO: Run Behavior\ReadHtmlCacheBehavior [ RunTime:0.000000s ]
INFO: [ app_begin ] --END-- [ RunTime:0.001000s ]
SQL: SHOW COLUMNS FROM `shell_info` [ RunTime:0.0020s ]
SQL: SELECT * FROM `shell_info` WHERE `onegrade` = '前端'  [ RunTime:0.0010s ]

[ 2018-06-26T16:37:44+08:00 ] 127.0.0.1 /selfweba/index.php/Home/Index/index
INFO: [ app_init ] --START--
INFO: Run Behavior\BuildLiteBehavior [ RunTime:0.000000s ]
INFO: [ app_init ] --END-- [ RunTime:0.000000s ]
INFO: [ app_begin ] --START--
INFO: Run Behavior\ReadHtmlCacheBehavior [ RunTime:0.001001s ]
INFO: [ app_begin ] --END-- [ RunTime:0.001001s ]
SQL: SHOW COLUMNS FROM `shell_info` [ RunTime:0.0010s ]
SQL: SELECT `onegrade` FROM `shell_info` GROUP BY onegrade  [ RunTime:0.0020s ]

[ 2018-06-26T16:37:44+08:00 ] 127.0.0.1 /selfweba/index.php/Home/Index/getsecondnav?onenav=%E5%89%8D%E7%AB%AF
INFO: [ app_init ] --START--
INFO: Run Behavior\BuildLiteBehavior [ RunTime:0.000000s ]
INFO: [ app_init ] --END-- [ RunTime:0.001000s ]
INFO: [ app_begin ] --START--
INFO: Run Behavior\ReadHtmlCacheBehavior [ RunTime:0.000000s ]
INFO: [ app_begin ] --END-- [ RunTime:0.000000s ]
SQL: SHOW COLUMNS FROM `shell_info` [ RunTime:0.0010s ]
SQL: SELECT `twograde`,`id` FROM `shell_info` WHERE `onegrade` = '前端' GROUP BY twograde  [ RunTime:0.0020s ]

[ 2018-06-26T16:37:44+08:00 ] 127.0.0.1 /selfweba/index.php/Home/Index/getInfot?all=canvas&lea=1
INFO: [ app_init ] --START--
INFO: Run Behavior\BuildLiteBehavior [ RunTime:0.000000s ]
INFO: [ app_init ] --END-- [ RunTime:0.001000s ]
INFO: [ app_begin ] --START--
INFO: Run Behavior\ReadHtmlCacheBehavior [ RunTime:0.000000s ]
INFO: [ app_begin ] --END-- [ RunTime:0.000000s ]
SQL: SHOW COLUMNS FROM `shell_info` [ RunTime:0.0020s ]
SQL: SELECT * FROM `shell_info` WHERE `twograde` = 'canvas'  [ RunTime:0.0000s ]

[ 2018-06-26T16:41:32+08:00 ] 127.0.0.1 /selfweba/index.php/Home/Index/getsecondnav?onenav=undefined
INFO: [ app_init ] --START--
INFO: Run Behavior\BuildLiteBehavior [ RunTime:0.000000s ]
INFO: [ app_init ] --END-- [ RunTime:0.001000s ]
INFO: [ app_begin ] --START--
INFO: Run Behavior\ReadHtmlCacheBehavior [ RunTime:0.000000s ]
INFO: [ app_begin ] --END-- [ RunTime:0.000000s ]
SQL: SHOW COLUMNS FROM `shell_info` [ RunTime:0.0070s ]
SQL: SELECT `twograde`,`id` FROM `shell_info` WHERE `onegrade` = 'undefined' GROUP BY twograde  [ RunTime:0.0020s ]

[ 2018-06-26T16:41:32+08:00 ] 127.0.0.1 /selfweba/index.php/Home/Index/index
INFO: [ app_init ] --START--
INFO: Run Behavior\BuildLiteBehavior [ RunTime:0.000000s ]
INFO: [ app_init ] --END-- [ RunTime:0.000000s ]
INFO: [ app_begin ] --START--
INFO: Run Behavior\ReadHtmlCacheBehavior [ RunTime:0.000000s ]
INFO: [ app_begin ] --END-- [ RunTime:0.000000s ]
SQL: SHOW COLUMNS FROM `shell_info` [ RunTime:0.0030s ]
SQL: SELECT `onegrade` FROM `shell_info` GROUP BY onegrade  [ RunTime:0.0030s ]

[ 2018-06-26T16:41:35+08:00 ] 127.0.0.1 /selfweba/index.php/Home/Index/index
INFO: [ app_init ] --START--
INFO: Run Behavior\BuildLiteBehavior [ RunTime:0.000000s ]
INFO: [ app_init ] --END-- [ RunTime:0.001000s ]
INFO: [ app_begin ] --START--
INFO: Run Behavior\ReadHtmlCacheBehavior [ RunTime:0.001000s ]
INFO: [ app_begin ] --END-- [ RunTime:0.001000s ]
SQL: SHOW COLUMNS FROM `shell_info` [ RunTime:0.0020s ]
SQL: SELECT `onegrade` FROM `shell_info` GROUP BY onegrade  [ RunTime:0.0020s ]

[ 2018-06-26T16:41:35+08:00 ] 127.0.0.1 /selfweba/index.php/Home/Index/getsecondnav?onenav=1
INFO: [ app_init ] --START--
INFO: Run Behavior\BuildLiteBehavior [ RunTime:0.000000s ]
INFO: [ app_init ] --END-- [ RunTime:0.001001s ]
INFO: [ app_begin ] --START--
INFO: Run Behavior\ReadHtmlCacheBehavior [ RunTime:0.001000s ]
INFO: [ app_begin ] --END-- [ RunTime:0.001000s ]
SQL: SHOW COLUMNS FROM `shell_info` [ RunTime:0.0030s ]
SQL: SELECT `twograde`,`id` FROM `shell_info` WHERE `onegrade` = '1' GROUP BY twograde  [ RunTime:0.0020s ]

[ 2018-06-26T16:41:35+08:00 ] 127.0.0.1 /selfweba/index.php/Home/Index/getInfot?all=1&lea=0
INFO: [ app_init ] --START--
INFO: Run Behavior\BuildLiteBehavior [ RunTime:0.000000s ]
INFO: [ app_init ] --END-- [ RunTime:0.001000s ]
INFO: [ app_begin ] --START--
INFO: Run Behavior\ReadHtmlCacheBehavior [ RunTime:0.001000s ]
INFO: [ app_begin ] --END-- [ RunTime:0.001000s ]
SQL: SHOW COLUMNS FROM `shell_info` [ RunTime:0.0010s ]
SQL: SELECT * FROM `shell_info` WHERE `onegrade` = '1'  [ RunTime:0.0000s ]

[ 2018-06-26T16:41:35+08:00 ] 127.0.0.1 /selfweba/index.php/Home/Index/index
INFO: [ app_init ] --START--
INFO: Run Behavior\BuildLiteBehavior [ RunTime:0.000000s ]
INFO: [ app_init ] --END-- [ RunTime:0.001000s ]
INFO: [ app_begin ] --START--
INFO: Run Behavior\ReadHtmlCacheBehavior [ RunTime:0.000000s ]
INFO: [ app_begin ] --END-- [ RunTime:0.000000s ]
SQL: SHOW COLUMNS FROM `shell_info` [ RunTime:0.0200s ]
SQL: SELECT `onegrade` FROM `shell_info` GROUP BY onegrade  [ RunTime:0.0010s ]

[ 2018-06-26T16:41:35+08:00 ] 127.0.0.1 /selfweba/index.php/Home/Index/getInfot?all=%E5%89%8D%E7%AB%AF&lea=0
INFO: [ app_init ] --START--
INFO: Run Behavior\BuildLiteBehavior [ RunTime:0.000000s ]
INFO: [ app_init ] --END-- [ RunTime:0.000000s ]
INFO: [ app_begin ] --START--
INFO: Run Behavior\ReadHtmlCacheBehavior [ RunTime:0.001000s ]
INFO: [ app_begin ] --END-- [ RunTime:0.001000s ]
SQL: SHOW COLUMNS FROM `shell_info` [ RunTime:0.0090s ]
SQL: SELECT * FROM `shell_info` WHERE `onegrade` = '前端'  [ RunTime:0.0020s ]

[ 2018-06-26T16:41:35+08:00 ] 127.0.0.1 /selfweba/index.php/Home/Index/getsecondnav?onenav=%E5%89%8D%E7%AB%AF
INFO: [ app_init ] --START--
INFO: Run Behavior\BuildLiteBehavior [ RunTime:0.000000s ]
INFO: [ app_init ] --END-- [ RunTime:0.001000s ]
INFO: [ app_begin ] --START--
INFO: Run Behavior\ReadHtmlCacheBehavior [ RunTime:0.001000s ]
INFO: [ app_begin ] --END-- [ RunTime:0.001000s ]
SQL: SHOW COLUMNS FROM `shell_info` [ RunTime:0.0020s ]
SQL: SELECT `twograde`,`id` FROM `shell_info` WHERE `onegrade` = '前端' GROUP BY twograde  [ RunTime:0.0020s ]

[ 2018-06-26T16:41:36+08:00 ] 127.0.0.1 /selfweba/index.php/Home/Index/getsecondnav?onenav=%E5%90%8E%E5%8F%B0
INFO: [ app_init ] --START--
INFO: Run Behavior\BuildLiteBehavior [ RunTime:0.000000s ]
INFO: [ app_init ] --END-- [ RunTime:0.000000s ]
INFO: [ app_begin ] --START--
INFO: Run Behavior\ReadHtmlCacheBehavior [ RunTime:0.001000s ]
INFO: [ app_begin ] --END-- [ RunTime:0.001000s ]
SQL: SHOW COLUMNS FROM `shell_info` [ RunTime:0.0020s ]
SQL: SELECT `twograde`,`id` FROM `shell_info` WHERE `onegrade` = '后台' GROUP BY twograde  [ RunTime:0.0020s ]

[ 2018-06-26T16:41:36+08:00 ] 127.0.0.1 /selfweba/index.php/Home/Index/getInfot?all=%E5%90%8E%E5%8F%B0&lea=0
INFO: [ app_init ] --START--
INFO: Run Behavior\BuildLiteBehavior [ RunTime:0.000000s ]
INFO: [ app_init ] --END-- [ RunTime:0.000000s ]
INFO: [ app_begin ] --START--
INFO: Run Behavior\ReadHtmlCacheBehavior [ RunTime:0.000000s ]
INFO: [ app_begin ] --END-- [ RunTime:0.000000s ]
SQL: SHOW COLUMNS FROM `shell_info` [ RunTime:0.0080s ]
SQL: SELECT * FROM `shell_info` WHERE `onegrade` = '后台'  [ RunTime:0.0010s ]

[ 2018-06-26T16:41:36+08:00 ] 127.0.0.1 /selfweba/index.php/Home/Index/index
INFO: [ app_init ] --START--
INFO: Run Behavior\BuildLiteBehavior [ RunTime:0.000000s ]
INFO: [ app_init ] --END-- [ RunTime:0.000000s ]
INFO: [ app_begin ] --START--
INFO: Run Behavior\ReadHtmlCacheBehavior [ RunTime:0.000000s ]
INFO: [ app_begin ] --END-- [ RunTime:0.000000s ]
SQL: SHOW COLUMNS FROM `shell_info` [ RunTime:0.0010s ]
SQL: SELECT `onegrade` FROM `shell_info` GROUP BY onegrade  [ RunTime:0.0020s ]

[ 2018-06-26T16:41:36+08:00 ] 127.0.0.1 /selfweba/index.php/Home/Index/getInfot?all=%E8%82%A4%E8%89%B2%E6%9A%97%E8%AE%BF&lea=0
INFO: [ app_init ] --START--
INFO: Run Behavior\BuildLiteBehavior [ RunTime:0.000000s ]
INFO: [ app_init ] --END-- [ RunTime:0.000000s ]
INFO: [ app_begin ] --START--
INFO: Run Behavior\ReadHtmlCacheBehavior [ RunTime:0.000000s ]
INFO: [ app_begin ] --END-- [ RunTime:0.000000s ]
SQL: SHOW COLUMNS FROM `shell_info` [ RunTime:0.0020s ]
SQL: SELECT * FROM `shell_info` WHERE `onegrade` = '肤色暗访'  [ RunTime:0.0000s ]

[ 2018-06-26T16:41:36+08:00 ] 127.0.0.1 /selfweba/index.php/Home/Index/getsecondnav?onenav=%E8%82%A4%E8%89%B2%E6%9A%97%E8%AE%BF
INFO: [ app_init ] --START--
INFO: Run Behavior\BuildLiteBehavior [ RunTime:0.000000s ]
INFO: [ app_init ] --END-- [ RunTime:0.000000s ]
INFO: [ app_begin ] --START--
INFO: Run Behavior\ReadHtmlCacheBehavior [ RunTime:0.007000s ]
INFO: [ app_begin ] --END-- [ RunTime:0.007000s ]
SQL: SHOW COLUMNS FROM `shell_info` [ RunTime:0.0020s ]
SQL: SELECT `twograde`,`id` FROM `shell_info` WHERE `onegrade` = '肤色暗访' GROUP BY twograde  [ RunTime:0.0020s ]

[ 2018-06-26T16:41:36+08:00 ] 127.0.0.1 /selfweba/index.php/Home/Index/index
INFO: [ app_init ] --START--
INFO: Run Behavior\BuildLiteBehavior [ RunTime:0.000000s ]
INFO: [ app_init ] --END-- [ RunTime:0.000000s ]
INFO: [ app_begin ] --START--
INFO: Run Behavior\ReadHtmlCacheBehavior [ RunTime:0.000000s ]
INFO: [ app_begin ] --END-- [ RunTime:0.000000s ]
SQL: SHOW COLUMNS FROM `shell_info` [ RunTime:0.0010s ]
SQL: SELECT `onegrade` FROM `shell_info` GROUP BY onegrade  [ RunTime:0.0010s ]

[ 2018-06-26T16:41:38+08:00 ] 127.0.0.1 /selfweba/index.php/Home/Index/getInfot?all=1&lea=0
INFO: [ app_init ] --START--
INFO: Run Behavior\BuildLiteBehavior [ RunTime:0.000000s ]
INFO: [ app_init ] --END-- [ RunTime:0.000000s ]
INFO: [ app_begin ] --START--
INFO: Run Behavior\ReadHtmlCacheBehavior [ RunTime:0.001000s ]
INFO: [ app_begin ] --END-- [ RunTime:0.001000s ]
SQL: SHOW COLUMNS FROM `shell_info` [ RunTime:0.0030s ]
SQL: SELECT * FROM `shell_info` WHERE `onegrade` = '1'  [ RunTime:0.0010s ]

[ 2018-06-26T16:41:38+08:00 ] 127.0.0.1 /selfweba/index.php/Home/Index/getsecondnav?onenav=1
INFO: [ app_init ] --START--
INFO: Run Behavior\BuildLiteBehavior [ RunTime:0.000000s ]
INFO: [ app_init ] --END-- [ RunTime:0.000000s ]
INFO: [ app_begin ] --START--
INFO: Run Behavior\ReadHtmlCacheBehavior [ RunTime:0.001000s ]
INFO: [ app_begin ] --END-- [ RunTime:0.001000s ]
SQL: SHOW COLUMNS FROM `shell_info` [ RunTime:0.0020s ]
SQL: SELECT `twograde`,`id` FROM `shell_info` WHERE `onegrade` = '1' GROUP BY twograde  [ RunTime:0.0020s ]

[ 2018-06-26T16:41:38+08:00 ] 127.0.0.1 /selfweba/index.php/Home/Index/index
INFO: [ app_init ] --START--
INFO: Run Behavior\BuildLiteBehavior [ RunTime:0.000000s ]
INFO: [ app_init ] --END-- [ RunTime:0.000000s ]
INFO: [ app_begin ] --START--
INFO: Run Behavior\ReadHtmlCacheBehavior [ RunTime:0.000000s ]
INFO: [ app_begin ] --END-- [ RunTime:0.000000s ]
SQL: SHOW COLUMNS FROM `shell_info` [ RunTime:0.0030s ]
SQL: SELECT `onegrade` FROM `shell_info` GROUP BY onegrade  [ RunTime:0.0020s ]

[ 2018-06-26T16:41:38+08:00 ] 127.0.0.1 /selfweba/index.php/Home/Index/getsecondnav?onenav=%E5%89%8D%E7%AB%AF
INFO: [ app_init ] --START--
INFO: Run Behavior\BuildLiteBehavior [ RunTime:0.000000s ]
INFO: [ app_init ] --END-- [ RunTime:0.000000s ]
INFO: [ app_begin ] --START--
INFO: Run Behavior\ReadHtmlCacheBehavior [ RunTime:0.000000s ]
INFO: [ app_begin ] --END-- [ RunTime:0.000000s ]
SQL: SHOW COLUMNS FROM `shell_info` [ RunTime:0.0020s ]
SQL: SELECT `twograde`,`id` FROM `shell_info` WHERE `onegrade` = '前端' GROUP BY twograde  [ RunTime:0.0020s ]

[ 2018-06-26T16:41:38+08:00 ] 127.0.0.1 /selfweba/index.php/Home/Index/getInfot?all=%E5%89%8D%E7%AB%AF&lea=0
INFO: [ app_init ] --START--
INFO: Run Behavior\BuildLiteBehavior [ RunTime:0.000000s ]
INFO: [ app_init ] --END-- [ RunTime:0.000000s ]
INFO: [ app_begin ] --START--
INFO: Run Behavior\ReadHtmlCacheBehavior [ RunTime:0.000000s ]
INFO: [ app_begin ] --END-- [ RunTime:0.000000s ]
SQL: SHOW COLUMNS FROM `shell_info` [ RunTime:0.0020s ]
SQL: SELECT * FROM `shell_info` WHERE `onegrade` = '前端'  [ RunTime:0.0020s ]

[ 2018-06-26T16:41:38+08:00 ] 127.0.0.1 /selfweba/index.php/Home/Index/index
INFO: [ app_init ] --START--
INFO: Run Behavior\BuildLiteBehavior [ RunTime:0.000000s ]
INFO: [ app_init ] --END-- [ RunTime:0.000000s ]
INFO: [ app_begin ] --START--
INFO: Run Behavior\ReadHtmlCacheBehavior [ RunTime:0.000000s ]
INFO: [ app_begin ] --END-- [ RunTime:0.001000s ]
SQL: SHOW COLUMNS FROM `shell_info` [ RunTime:0.0010s ]
SQL: SELECT `onegrade` FROM `shell_info` GROUP BY onegrade  [ RunTime:0.0010s ]

[ 2018-06-26T16:41:39+08:00 ] 127.0.0.1 /selfweba/index.php/Home/Index/index
INFO: [ app_init ] --START--
INFO: Run Behavior\BuildLiteBehavior [ RunTime:0.000000s ]
INFO: [ app_init ] --END-- [ RunTime:0.000000s ]
INFO: [ app_begin ] --START--
INFO: Run Behavior\ReadHtmlCacheBehavior [ RunTime:0.000000s ]
INFO: [ app_begin ] --END-- [ RunTime:0.000000s ]
SQL: SHOW COLUMNS FROM `shell_info` [ RunTime:0.0010s ]
SQL: SELECT `onegrade` FROM `shell_info` GROUP BY onegrade  [ RunTime:0.0020s ]

[ 2018-06-26T16:41:39+08:00 ] 127.0.0.1 /selfweba/index.php/Home/Index/getInfot?all=%E5%90%8E%E5%8F%B0&lea=0
INFO: [ app_init ] --START--
INFO: Run Behavior\BuildLiteBehavior [ RunTime:0.000000s ]
INFO: [ app_init ] --END-- [ RunTime:0.000000s ]
INFO: [ app_begin ] --START--
INFO: Run Behavior\ReadHtmlCacheBehavior [ RunTime:0.000000s ]
INFO: [ app_begin ] --END-- [ RunTime:0.000000s ]
SQL: SHOW COLUMNS FROM `shell_info` [ RunTime:0.0020s ]
SQL: SELECT * FROM `shell_info` WHERE `onegrade` = '后台'  [ RunTime:0.0020s ]

[ 2018-06-26T16:41:39+08:00 ] 127.0.0.1 /selfweba/index.php/Home/Index/getsecondnav?onenav=%E5%90%8E%E5%8F%B0
INFO: [ app_init ] --START--
INFO: Run Behavior\BuildLiteBehavior [ RunTime:0.000000s ]
INFO: [ app_init ] --END-- [ RunTime:0.001000s ]
INFO: [ app_begin ] --START--
INFO: Run Behavior\ReadHtmlCacheBehavior [ RunTime:0.000000s ]
INFO: [ app_begin ] --END-- [ RunTime:0.000000s ]
SQL: SHOW COLUMNS FROM `shell_info` [ RunTime:0.0100s ]
SQL: SELECT `twograde`,`id` FROM `shell_info` WHERE `onegrade` = '后台' GROUP BY twograde  [ RunTime:0.0020s ]

[ 2018-06-26T16:41:39+08:00 ] 127.0.0.1 /selfweba/index.php/Home/Index/index
INFO: [ app_init ] --START--
INFO: Run Behavior\BuildLiteBehavior [ RunTime:0.000000s ]
INFO: [ app_init ] --END-- [ RunTime:0.000000s ]
INFO: [ app_begin ] --START--
INFO: Run Behavior\ReadHtmlCacheBehavior [ RunTime:0.001000s ]
INFO: [ app_begin ] --END-- [ RunTime:0.001000s ]
SQL: SHOW COLUMNS FROM `shell_info` [ RunTime:0.0020s ]
SQL: SELECT `onegrade` FROM `shell_info` GROUP BY onegrade  [ RunTime:0.0010s ]

[ 2018-06-26T16:41:39+08:00 ] 127.0.0.1 /selfweba/index.php/Home/Index/getInfot?all=%E8%82%A4%E8%89%B2%E6%9A%97%E8%AE%BF&lea=0
INFO: [ app_init ] --START--
INFO: Run Behavior\BuildLiteBehavior [ RunTime:0.000000s ]
INFO: [ app_init ] --END-- [ RunTime:0.000000s ]
INFO: [ app_begin ] --START--
INFO: Run Behavior\ReadHtmlCacheBehavior [ RunTime:0.001000s ]
INFO: [ app_begin ] --END-- [ RunTime:0.001000s ]
SQL: SHOW COLUMNS FROM `shell_info` [ RunTime:0.0020s ]
SQL: SELECT * FROM `shell_info` WHERE `onegrade` = '肤色暗访'  [ RunTime:0.0010s ]

[ 2018-06-26T16:41:39+08:00 ] 127.0.0.1 /selfweba/index.php/Home/Index/getsecondnav?onenav=%E8%82%A4%E8%89%B2%E6%9A%97%E8%AE%BF
INFO: [ app_init ] --START--
INFO: Run Behavior\BuildLiteBehavior [ RunTime:0.000000s ]
INFO: [ app_init ] --END-- [ RunTime:0.000000s ]
INFO: [ app_begin ] --START--
INFO: Run Behavior\ReadHtmlCacheBehavior [ RunTime:0.001000s ]
INFO: [ app_begin ] --END-- [ RunTime:0.001000s ]
SQL: SHOW COLUMNS FROM `shell_info` [ RunTime:0.0020s ]
SQL: SELECT `twograde`,`id` FROM `shell_info` WHERE `onegrade` = '肤色暗访' GROUP BY twograde  [ RunTime:0.0010s ]

[ 2018-06-26T21:09:23+08:00 ] 127.0.0.1 /shareInfo/index.php/Home/Index/getsecondnav?onenav=undefined
INFO: [ app_init ] --START--
INFO: Run Behavior\BuildLiteBehavior [ RunTime:0.000009s ]
INFO: [ app_init ] --END-- [ RunTime:0.000804s ]
INFO: [ app_begin ] --START--
INFO: Run Behavior\ReadHtmlCacheBehavior [ RunTime:0.001249s ]
INFO: [ app_begin ] --END-- [ RunTime:0.001283s ]
SQL: SHOW COLUMNS FROM `shell_info` [ RunTime:0.0053s ]
SQL: SELECT `twograde`,`id` FROM `shell_info` WHERE `onegrade` = 'undefined' GROUP BY twograde  [ RunTime:0.0069s ]

[ 2018-06-26T21:09:23+08:00 ] 127.0.0.1 /shareInfo/index.php/Home/Index/index
INFO: [ app_init ] --START--
INFO: Run Behavior\BuildLiteBehavior [ RunTime:0.000011s ]
INFO: [ app_init ] --END-- [ RunTime:0.000830s ]
INFO: [ app_begin ] --START--
INFO: Run Behavior\ReadHtmlCacheBehavior [ RunTime:0.001256s ]
INFO: [ app_begin ] --END-- [ RunTime:0.001292s ]
SQL: SHOW COLUMNS FROM `shell_info` [ RunTime:0.0057s ]
SQL: SELECT `onegrade` FROM `shell_info` GROUP BY onegrade  [ RunTime:0.0067s ]

[ 2018-06-26T21:09:41+08:00 ] 127.0.0.1 /shareInfo/index.php/Home/Index/getsecondnav?onenav=undefined
INFO: [ app_init ] --START--
INFO: Run Behavior\BuildLiteBehavior [ RunTime:0.000012s ]
INFO: [ app_init ] --END-- [ RunTime:0.000596s ]
INFO: [ app_begin ] --START--
INFO: Run Behavior\ReadHtmlCacheBehavior [ RunTime:0.001483s ]
INFO: [ app_begin ] --END-- [ RunTime:0.001529s ]
SQL: SHOW COLUMNS FROM `shell_info` [ RunTime:0.0037s ]
SQL: SELECT `twograde`,`id` FROM `shell_info` WHERE `onegrade` = 'undefined' GROUP BY twograde  [ RunTime:0.0034s ]

[ 2018-06-26T21:09:41+08:00 ] 127.0.0.1 /shareInfo/index.php/Home/Index/index
INFO: [ app_init ] --START--
INFO: Run Behavior\BuildLiteBehavior [ RunTime:0.000011s ]
INFO: [ app_init ] --END-- [ RunTime:0.000595s ]
INFO: [ app_begin ] --START--
INFO: Run Behavior\ReadHtmlCacheBehavior [ RunTime:0.001362s ]
INFO: [ app_begin ] --END-- [ RunTime:0.001425s ]
SQL: SHOW COLUMNS FROM `shell_info` [ RunTime:0.0040s ]
SQL: SELECT `onegrade` FROM `shell_info` GROUP BY onegrade  [ RunTime:0.0035s ]

[ 2018-06-26T21:09:48+08:00 ] 127.0.0.1 /shareInfo/index.php/Home/Index/index
INFO: [ app_init ] --START--
INFO: Run Behavior\BuildLiteBehavior [ RunTime:0.000011s ]
INFO: [ app_init ] --END-- [ RunTime:0.000536s ]
INFO: [ app_begin ] --START--
INFO: Run Behavior\ReadHtmlCacheBehavior [ RunTime:0.001477s ]
INFO: [ app_begin ] --END-- [ RunTime:0.001533s ]
SQL: SHOW COLUMNS FROM `shell_info` [ RunTime:0.0035s ]
SQL: SELECT `onegrade` FROM `shell_info` GROUP BY onegrade  [ RunTime:0.0028s ]

[ 2018-06-26T21:09:48+08:00 ] 127.0.0.1 /shareInfo/index.php/Home/Index/getsecondnav?onenav=undefined
INFO: [ app_init ] --START--
INFO: Run Behavior\BuildLiteBehavior [ RunTime:0.000014s ]
INFO: [ app_init ] --END-- [ RunTime:0.000677s ]
INFO: [ app_begin ] --START--
INFO: Run Behavior\ReadHtmlCacheBehavior [ RunTime:0.003815s ]
INFO: [ app_begin ] --END-- [ RunTime:0.003946s ]
SQL: SHOW COLUMNS FROM `shell_info` [ RunTime:0.0030s ]
SQL: SELECT `twograde`,`id` FROM `shell_info` WHERE `onegrade` = 'undefined' GROUP BY twograde  [ RunTime:0.0025s ]

[ 2018-06-26T21:10:12+08:00 ] 127.0.0.1 /shareInfo/index.php/Home/Index/index
INFO: [ app_init ] --START--
INFO: Run Behavior\BuildLiteBehavior [ RunTime:0.000012s ]
INFO: [ app_init ] --END-- [ RunTime:0.001032s ]
INFO: [ app_begin ] --START--
INFO: Run Behavior\ReadHtmlCacheBehavior [ RunTime:0.001427s ]
INFO: [ app_begin ] --END-- [ RunTime:0.001506s ]
SQL: SHOW COLUMNS FROM `shell_info` [ RunTime:0.0238s ]
SQL: SELECT `onegrade` FROM `shell_info` GROUP BY onegrade  [ RunTime:0.0037s ]

[ 2018-06-26T21:10:12+08:00 ] 127.0.0.1 /shareInfo/index.php/Home/Index/getsecondnav?onenav=undefined
INFO: [ app_init ] --START--
INFO: Run Behavior\BuildLiteBehavior [ RunTime:0.000012s ]
INFO: [ app_init ] --END-- [ RunTime:0.000565s ]
INFO: [ app_begin ] --START--
INFO: Run Behavior\ReadHtmlCacheBehavior [ RunTime:0.001350s ]
INFO: [ app_begin ] --END-- [ RunTime:0.001404s ]
SQL: SHOW COLUMNS FROM `shell_info` [ RunTime:0.0241s ]
SQL: SELECT `twograde`,`id` FROM `shell_info` WHERE `onegrade` = 'undefined' GROUP BY twograde  [ RunTime:0.0032s ]

[ 2018-06-26T21:14:31+08:00 ] 127.0.0.1 /shareInfo/index.php/Home/Index/getsecondnav?onenav=undefined
INFO: [ app_init ] --START--
INFO: Run Behavior\BuildLiteBehavior [ RunTime:0.000015s ]
INFO: [ app_init ] --END-- [ RunTime:0.000618s ]
INFO: [ app_begin ] --START--
INFO: Run Behavior\ReadHtmlCacheBehavior [ RunTime:0.001429s ]
INFO: [ app_begin ] --END-- [ RunTime:0.001491s ]
SQL: SHOW COLUMNS FROM `shell_info` [ RunTime:0.0206s ]
SQL: SELECT `twograde`,`id` FROM `shell_info` WHERE `onegrade` = 'undefined' GROUP BY twograde  [ RunTime:0.0231s ]

[ 2018-06-26T21:14:31+08:00 ] 127.0.0.1 /shareInfo/index.php/Home/Index/index
INFO: [ app_init ] --START--
INFO: Run Behavior\BuildLiteBehavior [ RunTime:0.000011s ]
INFO: [ app_init ] --END-- [ RunTime:0.000801s ]
INFO: [ app_begin ] --START--
INFO: Run Behavior\ReadHtmlCacheBehavior [ RunTime:0.002253s ]
INFO: [ app_begin ] --END-- [ RunTime:0.002329s ]
SQL: SHOW COLUMNS FROM `shell_info` [ RunTime:0.0177s ]
SQL: SELECT `onegrade` FROM `shell_info` GROUP BY onegrade  [ RunTime:0.0234s ]

[ 2018-06-26T21:14:35+08:00 ] 127.0.0.1 /shareInfo/index.php/Home/Index/getInfot?all=1&lea=0
INFO: [ app_init ] --START--
INFO: Run Behavior\BuildLiteBehavior [ RunTime:0.000009s ]
INFO: [ app_init ] --END-- [ RunTime:0.000600s ]
INFO: [ app_begin ] --START--
INFO: Run Behavior\ReadHtmlCacheBehavior [ RunTime:0.001288s ]
INFO: [ app_begin ] --END-- [ RunTime:0.001332s ]
SQL: SHOW COLUMNS FROM `shell_info` [ RunTime:0.0330s ]
SQL: SELECT * FROM `shell_info` WHERE `onegrade` = '1'  [ RunTime:0.0004s ]

[ 2018-06-26T21:14:35+08:00 ] 127.0.0.1 /shareInfo/index.php/Home/Index/index
INFO: [ app_init ] --START--
INFO: Run Behavior\BuildLiteBehavior [ RunTime:0.000009s ]
INFO: [ app_init ] --END-- [ RunTime:0.000540s ]
INFO: [ app_begin ] --START--
INFO: Run Behavior\ReadHtmlCacheBehavior [ RunTime:0.001678s ]
INFO: [ app_begin ] --END-- [ RunTime:0.001726s ]
SQL: SHOW COLUMNS FROM `shell_info` [ RunTime:0.0338s ]
SQL: SELECT `onegrade` FROM `shell_info` GROUP BY onegrade  [ RunTime:0.0044s ]

' GROUP BY twograde  [ RunTime:0.0044s ]

[ 2018-06-26T21:14:36+08:00 ] 127.0.0.1 /shareInfo/index.php/Home/Index/getdetail?infoid=1
INFO: [ app_init ] --START--
INFO: Run Behavior\BuildLiteBehavior [ RunTime:0.000009s ]
INFO: [ app_init ] --END-- [ RunTime:0.000501s ]
INFO: [ app_begin ] --START--
INFO: Run Behavior\ReadHtmlCacheBehavior [ RunTime:0.001618s ]
INFO: [ app_begin ] --END-- [ RunTime:0.001674s ]
SQL: SHOW COLUMNS FROM `shell_info` [ RunTime:0.0060s ]
SQL: SELECT `detail`,`id` FROM `shell_info` WHERE `id` = 1 LIMIT 1   [ RunTime:0.0027s ]

[ 2018-06-26T21:14:36+08:00 ] 127.0.0.1 /shareInfo/index.php/Home/Index/getsecondnav?onenav=undefined
INFO: [ app_init ] --START--
INFO: Run Behavior\BuildLiteBehavior [ RunTime:0.000011s ]
INFO: [ app_init ] --END-- [ RunTime:0.000904s ]
INFO: [ app_begin ] --START--
INFO: Run Behavior\ReadHtmlCacheBehavior [ RunTime:0.001411s ]
INFO: [ app_begin ] --END-- [ RunTime:0.001471s ]
SQL: SHOW COLUMNS FROM `shell_info` [ RunTime:0.0072s ]
SQL: SELECT `twograde`,`id` FROM `shell_info` WHERE `onegrade` = 'undefined' GROUP BY twograde  [ RunTime:0.0036s ]

[ 2018-06-26T21:14:36+08:00 ] 127.0.0.1 /shareInfo/index.php/Home/Index/index
INFO: [ app_init ] --START--
INFO: Run Behavior\BuildLiteBehavior [ RunTime:0.000009s ]
INFO: [ app_init ] --END-- [ RunTime:0.000697s ]
INFO: [ app_begin ] --START--
INFO: Run Behavior\ReadHtmlCacheBehavior [ RunTime:0.001297s ]
INFO: [ app_begin ] --END-- [ RunTime:0.001340s ]
SQL: SHOW COLUMNS FROM `shell_info` [ RunTime:0.0057s ]
SQL: SELECT `onegrade` FROM `shell_info` GROUP BY onegrade  [ RunTime:0.0068s ]

[ 2018-06-26T21:14:37+08:00 ] 127.0.0.1 /shareInfo/index.php/Home/Index/geturlpas
INFO: [ app_init ] --START--
INFO: Run Behavior\BuildLiteBehavior [ RunTime:0.000010s ]
INFO: [ app_init ] --END-- [ RunTime:0.000575s ]
INFO: [ app_begin ] --START--
INFO: Run Behavior\ReadHtmlCacheBehavior [ RunTime:0.001222s ]
INFO: [ app_begin ] --END-- [ RunTime:0.001285s ]
SQL: SHOW COLUMNS FROM `shell_info` [ RunTime:0.0041s ]
SQL: SELECT arturl as url,artpas as pas,id as u_id FROM `shell_info` WHERE `id` = null LIMIT 1   [ RunTime:0.0023s ]

[ 2018-06-26T21:14:37+08:00 ] 127.0.0.1 /shareInfo/index.php/Home/Index/geturlpas
INFO: [ app_init ] --START--
INFO: Run Behavior\BuildLiteBehavior [ RunTime:0.000010s ]
INFO: [ app_init ] --END-- [ RunTime:0.000704s ]
INFO: [ app_begin ] --START--
INFO: Run Behavior\ReadHtmlCacheBehavior [ RunTime:0.001682s ]
INFO: [ app_begin ] --END-- [ RunTime:0.001749s ]
SQL: SHOW COLUMNS FROM `shell_info` [ RunTime:0.0032s ]
SQL: SELECT arturl as url,artpas as pas,id as u_id FROM `shell_info` WHERE `id` = 1 LIMIT 1   [ RunTime:0.0003s ]

[ 2018-06-26T21:35:05+08:00 ] 127.0.0.1 /shareInfo/index.php/Home/Index/getdetail?infoid=1
INFO: [ app_init ] --START--
INFO: Run Behavior\BuildLiteBehavior [ RunTime:0.000009s ]
INFO: [ app_init ] --END-- [ RunTime:0.000580s ]
INFO: [ app_begin ] --START--
INFO: Run Behavior\ReadHtmlCacheBehavior [ RunTime:0.001147s ]
INFO: [ app_begin ] --END-- [ RunTime:0.001198s ]
SQL: SHOW COLUMNS FROM `shell_info` [ RunTime:0.0043s ]
SQL: SELECT `detail`,`id` FROM `shell_info` WHERE `id` = 1 LIMIT 1   [ RunTime:0.0003s ]

[ 2018-06-26T21:35:05+08:00 ] 127.0.0.1 /shareInfo/index.php/Home/Index/getsecondnav?onenav=undefined
INFO: [ app_init ] --START--
INFO: Run Behavior\BuildLiteBehavior [ RunTime:0.000011s ]
INFO: [ app_init ] --END-- [ RunTime:0.000552s ]
INFO: [ app_begin ] --START--
INFO: Run Behavior\ReadHtmlCacheBehavior [ RunTime:0.001242s ]
INFO: [ app_begin ] --END-- [ RunTime:0.001306s ]
SQL: SHOW COLUMNS FROM `shell_info` [ RunTime:0.0042s ]
SQL: SELECT `twograde`,`id` FROM `shell_info` WHERE `onegrade` = 'undefined' GROUP BY twograde  [ RunTime:0.0042s ]

[ 2018-06-26T21:35:05+08:00 ] 127.0.0.1 /shareInfo/index.php/Home/Index/index
INFO: [ app_init ] --START--
INFO: Run Behavior\BuildLiteBehavior [ RunTime:0.000016s ]
INFO: [ app_init ] --END-- [ RunTime:0.000812s ]
INFO: [ app_begin ] --START--
INFO: Run Behavior\ReadHtmlCacheBehavior [ RunTime:0.000981s ]
INFO: [ app_begin ] --END-- [ RunTime:0.001025s ]
SQL: SHOW COLUMNS FROM `shell_info` [ RunTime:0.0035s ]
SQL: SELECT `onegrade` FROM `shell_info` GROUP BY onegrade  [ RunTime:0.0045s ]

[ 2018-06-26T21:35:06+08:00 ] 127.0.0.1 /shareInfo/index.php/Home/Index/getInfot?all=2&lea=0
INFO: [ app_init ] --START--
INFO: Run Behavior\BuildLiteBehavior [ RunTime:0.000010s ]
INFO: [ app_init ] --END-- [ RunTime:0.000590s ]
INFO: [ app_begin ] --START--
INFO: Run Behavior\ReadHtmlCacheBehavior [ RunTime:0.000962s ]
INFO: [ app_begin ] --END-- [ RunTime:0.001014s ]
SQL: SHOW COLUMNS FROM `shell_info` [ RunTime:0.0271s ]
SQL: SELECT * FROM `shell_info` WHERE `onegrade` = '2'  [ RunTime:0.0003s ]

[ 2018-06-26T21:35:06+08:00 ] 127.0.0.1 /shareInfo/index.php/Home/Index/getsecondnav?onenav=2
INFO: [ app_init ] --START--
INFO: Run Behavior\BuildLiteBehavior [ RunTime:0.000014s ]
INFO: [ app_init ] --END-- [ RunTime:0.002030s ]
INFO: [ app_begin ] --START--
INFO: Run Behavior\ReadHtmlCacheBehavior [ RunTime:0.000644s ]
INFO: [ app_begin ] --END-- [ RunTime:0.000686s ]
SQL: SHOW COLUMNS FROM `shell_info` [ RunTime:0.0300s ]
SQL: SELECT `twograde`,`id` FROM `shell_info` WHERE `onegrade` = '2' GROUP BY twograde  [ RunTime:0.0042s ]

[ 2018-06-26T21:35:06+08:00 ] 127.0.0.1 /shareInfo/index.php/Home/Index/index
INFO: [ app_init ] --START--
INFO: Run Behavior\BuildLiteBehavior [ RunTime:0.000041s ]
INFO: [ app_init ] --END-- [ RunTime:0.001676s ]
INFO: [ app_begin ] --START--
INFO: Run Behavior\ReadHtmlCacheBehavior [ RunTime:0.000803s ]
INFO: [ app_begin ] --END-- [ RunTime:0.000856s ]
SQL: SHOW COLUMNS FROM `shell_info` [ RunTime:0.0298s ]
SQL: SELECT `onegrade` FROM `shell_info` GROUP BY onegrade  [ RunTime:0.0042s ]

[ 2018-06-26T21:35:07+08:00 ] 127.0.0.1 /shareInfo/index.php/Home/Index/getInfot?all=2&lea=1
INFO: [ app_init ] --START--
INFO: Run Behavior\BuildLiteBehavior [ RunTime:0.000012s ]
INFO: [ app_init ] --END-- [ RunTime:0.001286s ]
INFO: [ app_begin ] --START--
INFO: Run Behavior\ReadHtmlCacheBehavior [ RunTime:0.000836s ]
INFO: [ app_begin ] --END-- [ RunTime:0.000872s ]
SQL: SHOW COLUMNS FROM `shell_info` [ RunTime:0.0068s ]
SQL: SELECT * FROM `shell_info` WHERE `twograde` = '2'  [ RunTime:0.0003s ]

[ 2018-06-26T21:35:07+08:00 ] 127.0.0.1 /shareInfo/index.php/Home/Index/index
INFO: [ app_init ] --START--
INFO: Run Behavior\BuildLiteBehavior [ RunTime:0.000017s ]
INFO: [ app_init ] --END-- [ RunTime:0.001072s ]
INFO: [ app_begin ] --START--
INFO: Run Behavior\ReadHtmlCacheBehavior [ RunTime:0.000862s ]
INFO: [ app_begin ] --END-- [ RunTime:0.000900s ]
SQL: SHOW COLUMNS FROM `shell_info` [ RunTime:0.0068s ]
SQL: SELECT `onegrade` FROM `shell_info` GROUP BY onegrade  [ RunTime:0.0034s ]

' GROUP BY twograde  [ RunTime:0.0039s ]

[ 2018-06-26T21:35:07+08:00 ] 127.0.0.1 /shareInfo/index.php/Home/Index/getdetail?infoid=2
INFO: [ app_init ] --START--
INFO: Run Behavior\BuildLiteBehavior [ RunTime:0.000010s ]
INFO: [ app_init ] --END-- [ RunTime:0.000682s ]
INFO: [ app_begin ] --START--
INFO: Run Behavior\ReadHtmlCacheBehavior [ RunTime:0.000897s ]
INFO: [ app_begin ] --END-- [ RunTime:0.000954s ]
SQL: SHOW COLUMNS FROM `shell_info` [ RunTime:0.0286s ]
SQL: SELECT `detail`,`id` FROM `shell_info` WHERE `id` = 2 LIMIT 1   [ RunTime:0.0002s ]

[ 2018-06-26T21:35:07+08:00 ] 127.0.0.1 /shareInfo/index.php/Home/Index/index
INFO: [ app_init ] --START--
INFO: Run Behavior\BuildLiteBehavior [ RunTime:0.000030s ]
INFO: [ app_init ] --END-- [ RunTime:0.000784s ]
INFO: [ app_begin ] --START--
INFO: Run Behavior\ReadHtmlCacheBehavior [ RunTime:0.000954s ]
INFO: [ app_begin ] --END-- [ RunTime:0.001006s ]
SQL: SHOW COLUMNS FROM `shell_info` [ RunTime:0.0286s ]
SQL: SELECT `onegrade` FROM `shell_info` GROUP BY onegrade  [ RunTime:0.0043s ]

de` = 'undefined' GROUP BY twograde  [ RunTime:0.0041s ]

[ 2018-06-26T22:19:32+08:00 ] 127.0.0.1 /shareInfo/index.php/Home/Index/getdetail?infoid=2
INFO: [ app_init ] --START--
INFO: Run Behavior\BuildLiteBehavior [ RunTime:0.000013s ]
INFO: [ app_init ] --END-- [ RunTime:0.012300s ]
INFO: [ app_begin ] --START--
INFO: Run Behavior\ReadHtmlCacheBehavior [ RunTime:0.001484s ]
INFO: [ app_begin ] --END-- [ RunTime:0.001539s ]
SQL: SHOW COLUMNS FROM `shell_info` [ RunTime:0.0038s ]
SQL: SELECT `detail`,`id` FROM `shell_info` WHERE `id` = 2 LIMIT 1   [ RunTime:0.0004s ]

[ 2018-06-26T22:19:32+08:00 ] 127.0.0.1 /shareInfo/index.php/Home/Index/index
INFO: [ app_init ] --START--
INFO: Run Behavior\BuildLiteBehavior [ RunTime:0.000014s ]
INFO: [ app_init ] --END-- [ RunTime:0.012049s ]
INFO: [ app_begin ] --START--
INFO: Run Behavior\ReadHtmlCacheBehavior [ RunTime:0.001650s ]
INFO: [ app_begin ] --END-- [ RunTime:0.001709s ]
SQL: SHOW COLUMNS FROM `shell_info` [ RunTime:0.0038s ]
SQL: SELECT `onegrade` FROM `shell_info` GROUP BY onegrade  [ RunTime:0.0047s ]

[ 2018-06-26T22:19:32+08:00 ] 127.0.0.1 /shareInfo/index.php/Home/Index/getsecondnav?onenav=undefined
INFO: [ app_init ] --START--
INFO: Run Behavior\BuildLiteBehavior [ RunTime:0.000016s ]
INFO: [ app_init ] --END-- [ RunTime:0.012456s ]
INFO: [ app_begin ] --START--
INFO: Run Behavior\ReadHtmlCacheBehavior [ RunTime:0.001317s ]
INFO: [ app_begin ] --END-- [ RunTime:0.001377s ]
SQL: SHOW COLUMNS FROM `shell_info` [ RunTime:0.0037s ]
SQL: SELECT `twograde`,`id` FROM `shell_info` WHERE `onegrade` = 'undefined' GROUP BY twograde  [ RunTime:0.0046s ]

[ 2018-06-26T23:10:49+08:00 ] 127.0.0.1 /shareInfo/index.php/Home/Index/getsecondnav?onenav=undefined
INFO: [ app_init ] --START--
INFO: Run Behavior\BuildLiteBehavior [ RunTime:0.000023s ]
INFO: [ app_init ] --END-- [ RunTime:0.001380s ]
INFO: [ app_begin ] --START--
INFO: Run Behavior\ReadHtmlCacheBehavior [ RunTime:0.001340s ]
INFO: [ app_begin ] --END-- [ RunTime:0.001478s ]
SQL: SHOW COLUMNS FROM `shell_info` [ RunTime:0.0090s ]
SQL: SELECT `twograde`,`id` FROM `shell_info` WHERE `onegrade` = 'undefined' GROUP BY twograde  [ RunTime:0.0040s ]

[ 2018-06-26T23:10:49+08:00 ] 127.0.0.1 /shareInfo/index.php/Home/Index/index
INFO: [ app_init ] --START--
INFO: Run Behavior\BuildLiteBehavior [ RunTime:0.000059s ]
INFO: [ app_init ] --END-- [ RunTime:0.001376s ]
INFO: [ app_begin ] --START--
INFO: Run Behavior\ReadHtmlCacheBehavior [ RunTime:0.001453s ]
INFO: [ app_begin ] --END-- [ RunTime:0.001613s ]
SQL: SHOW COLUMNS FROM `shell_info` [ RunTime:0.0091s ]
SQL: SELECT `onegrade` FROM `shell_info` GROUP BY onegrade  [ RunTime:0.0041s ]

[ 2018-06-26T23:10:51+08:00 ] 127.0.0.1 /shareInfo/index.php/Home/Index/getInfot?all=2&lea=0
INFO: [ app_init ] --START--
INFO: Run Behavior\BuildLiteBehavior [ RunTime:0.000030s ]
INFO: [ app_init ] --END-- [ RunTime:0.001310s ]
INFO: [ app_begin ] --START--
INFO: Run Behavior\ReadHtmlCacheBehavior [ RunTime:0.001287s ]
INFO: [ app_begin ] --END-- [ RunTime:0.001385s ]
SQL: SHOW COLUMNS FROM `shell_info` [ RunTime:0.0051s ]
SQL: SELECT * FROM `shell_info` WHERE `onegrade` = '2'  [ RunTime:0.0005s ]

[ 2018-06-26T23:10:51+08:00 ] 127.0.0.1 /shareInfo/index.php/Home/Index/index
INFO: [ app_init ] --START--
INFO: Run Behavior\BuildLiteBehavior [ RunTime:0.000020s ]
INFO: [ app_init ] --END-- [ RunTime:0.001037s ]
INFO: [ app_begin ] --START--
INFO: Run Behavior\ReadHtmlCacheBehavior [ RunTime:0.001105s ]
INFO: [ app_begin ] --END-- [ RunTime:0.001180s ]
SQL: SHOW COLUMNS FROM `shell_info` [ RunTime:0.0069s ]
SQL: SELECT `onegrade` FROM `shell_info` GROUP BY onegrade  [ RunTime:0.0053s ]

[ 2018-06-26T23:10:51+08:00 ] 127.0.0.1 /shareInfo/index.php/Home/Index/getsecondnav?onenav=2
INFO: [ app_init ] --START--
INFO: Run Behavior\BuildLiteBehavior [ RunTime:0.000031s ]
INFO: [ app_init ] --END-- [ RunTime:0.002787s ]
INFO: [ app_begin ] --START--
INFO: Run Behavior\ReadHtmlCacheBehavior [ RunTime:0.001735s ]
INFO: [ app_begin ] --END-- [ RunTime:0.001796s ]
SQL: SHOW COLUMNS FROM `shell_info` [ RunTime:0.0027s ]
SQL: SELECT `twograde`,`id` FROM `shell_info` WHERE `onegrade` = '2' GROUP BY twograde  [ RunTime:0.0027s ]

[ 2018-06-26T23:10:53+08:00 ] 127.0.0.1 /shareInfo/index.php/Home/Index/getInfot?all=2&lea=1
INFO: [ app_init ] --START--
INFO: Run Behavior\BuildLiteBehavior [ RunTime:0.000019s ]
INFO: [ app_init ] --END-- [ RunTime:0.000690s ]
INFO: [ app_begin ] --START--
INFO: Run Behavior\ReadHtmlCacheBehavior [ RunTime:0.002492s ]
INFO: [ app_begin ] --END-- [ RunTime:0.002572s ]
SQL: SHOW COLUMNS FROM `shell_info` [ RunTime:0.0061s ]
SQL: SELECT * FROM `shell_info` WHERE `twograde` = '2'  [ RunTime:0.0005s ]

[ 2018-06-26T23:10:53+08:00 ] 127.0.0.1 /shareInfo/index.php/Home/Index/getsecondnav?onenav=2
INFO: [ app_init ] --START--
INFO: Run Behavior\BuildLiteBehavior [ RunTime:0.000032s ]
INFO: [ app_init ] --END-- [ RunTime:0.000787s ]
INFO: [ app_begin ] --START--
INFO: Run Behavior\ReadHtmlCacheBehavior [ RunTime:0.001120s ]
INFO: [ app_begin ] --END-- [ RunTime:0.001207s ]
SQL: SHOW COLUMNS FROM `shell_info` [ RunTime:0.0073s ]
SQL: SELECT `twograde`,`id` FROM `shell_info` WHERE `onegrade` = '2' GROUP BY twograde  [ RunTime:0.0057s ]

[ 2018-06-26T23:10:53+08:00 ] 127.0.0.1 /shareInfo/index.php/Home/Index/index
INFO: [ app_init ] --START--
INFO: Run Behavior\BuildLiteBehavior [ RunTime:0.000025s ]
INFO: [ app_init ] --END-- [ RunTime:0.001918s ]
INFO: [ app_begin ] --START--
INFO: Run Behavior\ReadHtmlCacheBehavior [ RunTime:0.002635s ]
INFO: [ app_begin ] --END-- [ RunTime:0.002741s ]
SQL: SHOW COLUMNS FROM `shell_info` [ RunTime:0.0073s ]
SQL: SELECT `onegrade` FROM `shell_info` GROUP BY onegrade  [ RunTime:0.0036s ]

[ 2018-06-26T23:10:54+08:00 ] 127.0.0.1 /shareInfo/index.php/Home/Index/getdetail?infoid=2
INFO: [ app_init ] --START--
INFO: Run Behavior\BuildLiteBehavior [ RunTime:0.000151s ]
INFO: [ app_init ] --END-- [ RunTime:0.001022s ]
INFO: [ app_begin ] --START--
INFO: Run Behavior\ReadHtmlCacheBehavior [ RunTime:0.001212s ]
INFO: [ app_begin ] --END-- [ RunTime:0.001303s ]
SQL: SHOW COLUMNS FROM `shell_info` [ RunTime:0.0348s ]
SQL: SELECT `detail`,`id` FROM `shell_info` WHERE `id` = 2 LIMIT 1   [ RunTime:0.0011s ]

[ 2018-06-26T23:10:54+08:00 ] 127.0.0.1 /shareInfo/index.php/Home/Index/getsecondnav?onenav=undefined
INFO: [ app_init ] --START--
INFO: Run Behavior\BuildLiteBehavior [ RunTime:0.000106s ]
INFO: [ app_init ] --END-- [ RunTime:0.002538s ]
INFO: [ app_begin ] --START--
INFO: Run Behavior\ReadHtmlCacheBehavior [ RunTime:0.001259s ]
INFO: [ app_begin ] --END-- [ RunTime:0.001359s ]
SQL: SHOW COLUMNS FROM `shell_info` [ RunTime:0.0391s ]
SQL: SELECT `twograde`,`id` FROM `shell_info` WHERE `onegrade` = 'undefined' GROUP BY twograde  [ RunTime:0.0069s ]

[ 2018-06-26T23:10:54+08:00 ] 127.0.0.1 /shareInfo/index.php/Home/Index/index
INFO: [ app_init ] --START--
INFO: Run Behavior\BuildLiteBehavior [ RunTime:0.000018s ]
INFO: [ app_init ] --END-- [ RunTime:0.001333s ]
INFO: [ app_begin ] --START--
INFO: Run Behavior\ReadHtmlCacheBehavior [ RunTime:0.002677s ]
INFO: [ app_begin ] --END-- [ RunTime:0.002876s ]
SQL: SHOW COLUMNS FROM `shell_info` [ RunTime:0.0074s ]
SQL: SELECT `onegrade` FROM `shell_info` GROUP BY onegrade  [ RunTime:0.0115s ]

[ 2018-06-26T23:10:55+08:00 ] 127.0.0.1 /shareInfo/index.php/Home/Index/getInfot?all=1&lea=0
INFO: [ app_init ] --START--
INFO: Run Behavior\BuildLiteBehavior [ RunTime:0.000043s ]
INFO: [ app_init ] --END-- [ RunTime:0.000808s ]
INFO: [ app_begin ] --START--
INFO: Run Behavior\ReadHtmlCacheBehavior [ RunTime:0.000846s ]
INFO: [ app_begin ] --END-- [ RunTime:0.000913s ]
SQL: SHOW COLUMNS FROM `shell_info` [ RunTime:0.0071s ]
SQL: SELECT * FROM `shell_info` WHERE `onegrade` = '1'  [ RunTime:0.0004s ]

[ 2018-06-26T23:10:55+08:00 ] 127.0.0.1 /shareInfo/index.php/Home/Index/getsecondnav?onenav=1
INFO: [ app_init ] --START--
INFO: Run Behavior\BuildLiteBehavior [ RunTime:0.000012s ]
INFO: [ app_init ] --END-- [ RunTime:0.000722s ]
INFO: [ app_begin ] --START--
INFO: Run Behavior\ReadHtmlCacheBehavior [ RunTime:0.001043s ]
INFO: [ app_begin ] --END-- [ RunTime:0.001105s ]
SQL: SHOW COLUMNS FROM `shell_info` [ RunTime:0.0069s ]
SQL: SELECT `twograde`,`id` FROM `shell_info` WHERE `onegrade` = '1' GROUP BY twograde  [ RunTime:0.0079s ]

[ 2018-06-26T23:10:55+08:00 ] 127.0.0.1 /shareInfo/index.php/Home/Index/index
INFO: [ app_init ] --START--
INFO: Run Behavior\BuildLiteBehavior [ RunTime:0.000018s ]
INFO: [ app_init ] --END-- [ RunTime:0.001030s ]
INFO: [ app_begin ] --START--
INFO: Run Behavior\ReadHtmlCacheBehavior [ RunTime:0.002314s ]
INFO: [ app_begin ] --END-- [ RunTime:0.002378s ]
SQL: SHOW COLUMNS FROM `shell_info` [ RunTime:0.0056s ]
SQL: SELECT `onegrade` FROM `shell_info` GROUP BY onegrade  [ RunTime:0.0069s ]

[ 2018-06-26T23:10:56+08:00 ] 127.0.0.1 /shareInfo/index.php/Home/Index/getdetail?infoid=3
INFO: [ app_init ] --START--
INFO: Run Behavior\BuildLiteBehavior [ RunTime:0.000021s ]
INFO: [ app_init ] --END-- [ RunTime:0.001049s ]
INFO: [ app_begin ] --START--
INFO: Run Behavior\ReadHtmlCacheBehavior [ RunTime:0.002368s ]
INFO: [ app_begin ] --END-- [ RunTime:0.002520s ]
SQL: SHOW COLUMNS FROM `shell_info` [ RunTime:0.0048s ]
SQL: SELECT `detail`,`id` FROM `shell_info` WHERE `id` = 3 LIMIT 1   [ RunTime:0.0004s ]

[ 2018-06-26T23:10:56+08:00 ] 127.0.0.1 /shareInfo/index.php/Home/Index/getsecondnav?onenav=undefined
INFO: [ app_init ] --START--
INFO: Run Behavior\BuildLiteBehavior [ RunTime:0.000019s ]
INFO: [ app_init ] --END-- [ RunTime:0.000969s ]
INFO: [ app_begin ] --START--
INFO: Run Behavior\ReadHtmlCacheBehavior [ RunTime:0.001783s ]
INFO: [ app_begin ] --END-- [ RunTime:0.001913s ]
SQL: SHOW COLUMNS FROM `shell_info` [ RunTime:0.0046s ]
SQL: SELECT `twograde`,`id` FROM `shell_info` WHERE `onegrade` = 'undefined' GROUP BY twograde  [ RunTime:0.0037s ]

[ 2018-06-26T23:10:56+08:00 ] 127.0.0.1 /shareInfo/index.php/Home/Index/index
INFO: [ app_init ] --START--
INFO: Run Behavior\BuildLiteBehavior [ RunTime:0.000023s ]
INFO: [ app_init ] --END-- [ RunTime:0.001056s ]
INFO: [ app_begin ] --START--
INFO: Run Behavior\ReadHtmlCacheBehavior [ RunTime:0.001710s ]
INFO: [ app_begin ] --END-- [ RunTime:0.001788s ]
SQL: SHOW COLUMNS FROM `shell_info` [ RunTime:0.0036s ]
SQL: SELECT `onegrade` FROM `shell_info` GROUP BY onegrade  [ RunTime:0.0031s ]

[ 2018-06-26T23:59:59+08:00 ] 127.0.0.1 /shareInfo/index.php/Home/Index/index
INFO: [ app_init ] --START--
INFO: Run Behavior\BuildLiteBehavior [ RunTime:0.000011s ]
INFO: [ app_init ] --END-- [ RunTime:0.001075s ]
INFO: [ app_begin ] --START--
INFO: Run Behavior\ReadHtmlCacheBehavior [ RunTime:0.001742s ]
INFO: [ app_begin ] --END-- [ RunTime:0.001841s ]
SQL: SHOW COLUMNS FROM `shell_info` [ RunTime:0.0043s ]
SQL: SELECT `onegrade` FROM `shell_info` GROUP BY onegrade  [ RunTime:0.0059s ]

[ 2018-06-26T23:59:59+08:00 ] 127.0.0.1 /shareInfo/index.php/Home/Index/getsecondnav?onenav=undefined
INFO: [ app_init ] --START--
INFO: Run Behavior\BuildLiteBehavior [ RunTime:0.000020s ]
INFO: [ app_init ] --END-- [ RunTime:0.001119s ]
INFO: [ app_begin ] --START--
INFO: Run Behavior\ReadHtmlCacheBehavior [ RunTime:0.001797s ]
INFO: [ app_begin ] --END-- [ RunTime:0.001838s ]
SQL: SHOW COLUMNS FROM `shell_info` [ RunTime:0.0043s ]
SQL: SELECT `twograde`,`id` FROM `shell_info` WHERE `onegrade` = 'undefined' GROUP BY twograde  [ RunTime:0.0059s ]

